-------------------
2018-05-04 18:33:58
{"op":"change_code_status","order_id":"801201804101708553","password":"888888","recharge_platform":"鑫圣金业","recharge_account":9009276,"recharge_total":50.00,"usetime":"2018-04-19T15:31:13.51"}
-------------------
-------------------
2018-05-04 18:33:58
changeCodeStatus->订单号:801201804101708553,密码:888888,平台:鑫圣金业
-------------------
-------------------
2018-05-04 18:33:58
changeCodeStatus:false
-------------------
-------------------
2018-05-04 18:33:58
changeCodeStatus:{"IsSuccess":false,"Message":"\u8ba2\u5355\u53f7\u4e0d\u5b58\u5728"}
-------------------
-------------------
2018-05-04 18:33:58
change_code_status->801201804101708553
-------------------
-------------------
2018-05-04 18:34:08
{"op":"change_code_status","order_id":"801201804101708553","password":"888888","recharge_platform":"鑫圣金业","recharge_account":9009276,"recharge_total":50.00,"usetime":"2018-04-19T15:31:13.51"}
-------------------
-------------------
2018-05-04 18:34:08
changeCodeStatus->订单号:801201804101708553,密码:888888,平台:鑫圣金业
-------------------
-------------------
2018-05-04 18:34:08
changeCodeStatus:false
-------------------
-------------------
2018-05-04 18:34:08
changeCodeStatus:{"IsSuccess":false,"Message":"\u8ba2\u5355\u53f7\u4e0d\u5b58\u5728"}
-------------------
-------------------
2018-05-04 18:34:08
change_code_status->801201804101708553
-------------------
-------------------
2018-05-04 18:35:08
{"op":"change_code_status","order_id":"801201804101708553","password":"888888","recharge_platform":"鑫圣金业","recharge_account":9009276,"recharge_total":50.00,"usetime":"2018-04-19T15:31:13.51"}
-------------------
-------------------
2018-05-04 18:35:08
changeCodeStatus->订单号:801201804101708553,密码:888888,平台:鑫圣金业
-------------------
-------------------
2018-05-04 18:35:08
changeCodeStatus:false
-------------------
-------------------
2018-05-04 18:35:08
changeCodeStatus:{"IsSuccess":false,"Message":"\u8ba2\u5355\u53f7\u4e0d\u5b58\u5728"}
-------------------
-------------------
2018-05-04 18:35:08
change_code_status->801201804101708553
-------------------
-------------------
2018-05-04 18:36:08
{"op":"change_code_status","order_id":"801201804101708553","password":"888888","recharge_platform":"鑫圣金业","recharge_account":9009276,"recharge_total":50.00,"usetime":"2018-04-19T15:31:13.51"}
-------------------
-------------------
2018-05-04 18:36:08
changeCodeStatus->订单号:801201804101708553,密码:888888,平台:鑫圣金业
-------------------
-------------------
2018-05-04 18:36:08
changeCodeStatus:false
-------------------
-------------------
2018-05-04 18:36:08
changeCodeStatus:{"IsSuccess":false,"Message":"\u8ba2\u5355\u53f7\u4e0d\u5b58\u5728"}
-------------------
-------------------
2018-05-04 18:36:08
change_code_status->801201804101708553
-------------------
-------------------
2018-05-04 18:37:08
{"op":"change_code_status","order_id":"801201804101708553","password":"888888","recharge_platform":"鑫圣金业","recharge_account":9009276,"recharge_total":50.00,"usetime":"2018-04-19T15:31:13.51"}
-------------------
-------------------
2018-05-04 18:37:08
changeCodeStatus->订单号:801201804101708553,密码:888888,平台:鑫圣金业
-------------------
-------------------
2018-05-04 18:37:08
changeCodeStatus:false
-------------------
-------------------
2018-05-04 18:37:08
changeCodeStatus:{"IsSuccess":false,"Message":"\u8ba2\u5355\u53f7\u4e0d\u5b58\u5728"}
-------------------
-------------------
2018-05-04 18:37:08
change_code_status->801201804101708553
-------------------
