-------------------
2018-03-17 00:00:25
"{\"amount\":\"315510\",\"orderNo\":\"15212139394540444848\",\"bankTransId\":\"\",\"signature\":\"RLyd1aHHjhfeYBtT830tewnfjX8Jj3ntzG\/vHs21IYEcM6bMfPFreQggSPvezwpxVjpQSCdUXswZRJrZMFhUCDR1A1SDIZJ5vztsdzxLi+0Jh0faOVGM67aoTZngANxWbOT3k\/hQzLtWqEC5WqHdPy4cYbbYN61DoQJ2WEwaUi8=\",\"subject\":\"DMB\u5e01\",\"description\":\"\",\"body\":\"\",\"orgId\":\"00113583\",\"paySt\":\"2\",\"acctNo\":\"\",\"extra\":\"\",\"respMsg\":\"\u652f\u4ed8\u6210\u529f\",\"orgOrderNo\":\"20180316232539117975\",\"orderDate\":\"20180316\",\"account\":\"13640939398\",\"respCode\":\"0000\"}"
-------------------
-------------------
2018-03-17 00:00:49
{"op":"check_order_id","order_id":"26280623","password":"890829pl"}
-------------------
-------------------
2018-03-17 00:00:49
checkOrderId:{"IsSuccess":false,"Message":"\u8ba2\u5355\u6216\u5bc6\u7801\u9519\u8bef"}
-------------------
-------------------
2018-03-17 00:00:51
{"op":"check_order_id","order_id":"26280623","password":"890829pl"}
-------------------
-------------------
2018-03-17 00:00:51
checkOrderId:{"IsSuccess":false,"Message":"\u8ba2\u5355\u6216\u5bc6\u7801\u9519\u8bef"}
-------------------
-------------------
2018-03-17 00:00:57
{"op":"check_order_id","order_id":"1001","password":"8888"}
-------------------
-------------------
2018-03-17 00:00:57
checkOrderId:{"IsSuccess":false,"Message":"\u8ba2\u5355\u6216\u5bc6\u7801\u9519\u8bef"}
-------------------
-------------------
2018-03-17 00:00:58
{"op":"check_order_id","order_id":"26280623","password":"890829pl"}
-------------------
-------------------
2018-03-17 00:00:58
checkOrderId:{"IsSuccess":false,"Message":"\u8ba2\u5355\u6216\u5bc6\u7801\u9519\u8bef"}
-------------------
-------------------
2018-03-17 00:01:01
{"op":"check_order_id","order_id":"26280623","password":"890829pl"}
-------------------
-------------------
2018-03-17 00:01:01
checkOrderId:{"IsSuccess":false,"Message":"\u8ba2\u5355\u6216\u5bc6\u7801\u9519\u8bef"}
-------------------
-------------------
2018-03-17 00:01:27
{"op":"check_order_id","order_id":"26280623","password":"890829pl"}
-------------------
-------------------
2018-03-17 00:01:27
checkOrderId:{"IsSuccess":false,"Message":"\u8ba2\u5355\u6216\u5bc6\u7801\u9519\u8bef"}
-------------------
-------------------
2018-03-17 00:02:51
"{\"amount\":\"94653\",\"orderNo\":\"15212085922040444586\",\"bankTransId\":\"\",\"signature\":\"VhWTk9T+4M+ErF87VM\/0s6zXuOYjO8QDeZVA14J6xbr+H+Rp6TBdwpMW9jzhOduYMhahiYeu\/\/6z6TRo0huLMZfyebWKSHtrkYNb\/FYffSJ2gbjwxrJ0+foIDsX9MVYEqkySejUHEmDn2fL9ErCOOhYtK8SxZddMmt0PImtQCRI=\",\"subject\":\"DMB\u5e01\",\"description\":\"\",\"body\":\"\",\"orgId\":\"00113583\",\"paySt\":\"2\",\"acctNo\":\"\",\"extra\":\"\",\"respMsg\":\"\u652f\u4ed8\u6210\u529f\",\"orgOrderNo\":\"20180316215631307465\",\"orderDate\":\"20180316\",\"account\":\"13640939398\",\"respCode\":\"0000\"}"
-------------------
-------------------
2018-03-17 00:14:06
"{\"amount\":\"252408\",\"orderNo\":\"15212167980120444906\",\"bankTransId\":\"\",\"signature\":\"Kc9KT2LWHhC4HfwONdcqW8rq6i\/n8z7fmqF9MgOHdQUTWZ9D7LKnAFdstXAPi3jbRlxPqmr+bnpthMGrIaezA4bN5FazeMFlq9FKeYpQUYHRqNr36JcU4r32kjIe+2Np8sqQ1T7yQpt0defaz03YBqMDWHsULd0rfM4sq05wTyE=\",\"subject\":\"DMB\u5e01\",\"description\":\"\",\"body\":\"\",\"orgId\":\"00113583\",\"paySt\":\"2\",\"acctNo\":\"\",\"extra\":\"\",\"respMsg\":\"\u652f\u4ed8\u6210\u529f\",\"orgOrderNo\":\"20180317001317790112\",\"orderDate\":\"20180317\",\"account\":\"13640939398\",\"respCode\":\"0000\"}"
-------------------
-------------------
2018-03-17 00:14:21
"{\"amount\":\"252408\",\"orderNo\":\"15212167980120444906\",\"bankTransId\":\"\",\"signature\":\"Kc9KT2LWHhC4HfwONdcqW8rq6i\/n8z7fmqF9MgOHdQUTWZ9D7LKnAFdstXAPi3jbRlxPqmr+bnpthMGrIaezA4bN5FazeMFlq9FKeYpQUYHRqNr36JcU4r32kjIe+2Np8sqQ1T7yQpt0defaz03YBqMDWHsULd0rfM4sq05wTyE=\",\"subject\":\"DMB\u5e01\",\"description\":\"\",\"body\":\"\",\"orgId\":\"00113583\",\"paySt\":\"2\",\"acctNo\":\"\",\"extra\":\"\",\"respMsg\":\"\u652f\u4ed8\u6210\u529f\",\"orgOrderNo\":\"20180317001317790112\",\"orderDate\":\"20180317\",\"account\":\"13640939398\",\"respCode\":\"0000\"}"
-------------------
-------------------
2018-03-17 00:14:36
"{\"amount\":\"252408\",\"orderNo\":\"15212167980120444906\",\"bankTransId\":\"\",\"signature\":\"Kc9KT2LWHhC4HfwONdcqW8rq6i\/n8z7fmqF9MgOHdQUTWZ9D7LKnAFdstXAPi3jbRlxPqmr+bnpthMGrIaezA4bN5FazeMFlq9FKeYpQUYHRqNr36JcU4r32kjIe+2Np8sqQ1T7yQpt0defaz03YBqMDWHsULd0rfM4sq05wTyE=\",\"subject\":\"DMB\u5e01\",\"description\":\"\",\"body\":\"\",\"orgId\":\"00113583\",\"paySt\":\"2\",\"acctNo\":\"\",\"extra\":\"\",\"respMsg\":\"\u652f\u4ed8\u6210\u529f\",\"orgOrderNo\":\"20180317001317790112\",\"orderDate\":\"20180317\",\"account\":\"13640939398\",\"respCode\":\"0000\"}"
-------------------
-------------------
2018-03-17 00:14:50
{"op":"check_order_id","order_id":"20180317001317790112","password":"26961000"}
-------------------
-------------------
2018-03-17 00:14:50
checkOrderId:{"IsSuccess":true,"Message":{"price":"$ 400.00","mobile":"13459183446"}}
-------------------
-------------------
2018-03-17 00:14:50
{"op":"sendsms_by_order_id","order_id":"20180317001317790112","password":"26961000"}
-------------------
-------------------
2018-03-17 00:14:50
checkOrderId:{"IsSuccess":true,"Message":{"price":"$ 400.00","mobile":"13459183446"}}
-------------------
-------------------
2018-03-17 00:14:50
sendSMSByOrderId:{"IsSuccess":true,"Message":"\u53d1\u9001\u6210\u529f"}
-------------------
-------------------
2018-03-17 00:15:04
{"op":"recharge_order_id","order_id":"20180317001317790112","password":"26961000","code":"364898"}
-------------------
-------------------
2018-03-17 00:15:04
rechargeOrderId:{"IsSuccess":true,"Message":{"id":"338","order_id":"20180317001317790112","goods":"DMB\u5e01","images":"201802261440081753.png","price":"400.00","use_rate":"6.3102","total":"2,524.08","uid":"55","addtime":"1521216797","paytime":"1521216846","channel":"\u7c73\u63d0\u65af","source":"\u946b\u5723\u5546\u8d38","order_status":"1","recharge_platform":null,"recharge_account":null,"recharge_total":"0.0000","usetime":"0","del_status":"00000000000","mobile":"13459183446","people_id":"142701198209130011"}}
-------------------
-------------------
2018-03-17 00:15:05
{"op":"change_code_status","order_id":"20180317001317790112","password":"26961000","code":"364898","recharge_platform":"xs9999","recharge_account":8995912,"recharge_total":400.00}
-------------------
-------------------
2018-03-17 00:15:05
changeCodeStatus:{"id":"338","order_id":"20180317001317790112","goods":"DMB\u5e01","images":"201802261440081753.png","price":"40000","use_rate":"6.3102","total":"252408","uid":"55","addtime":"1521216797","paytime":"1521216846","pwd":"+nUDZyKswkY2OEbDnVi1S5\/aEluxZJft6onPv5Q4\/iSw4A","channel":"\u7c73\u63d0\u65af","source":"\u946b\u5723\u5546\u8d38","order_status":"1","recharge_platform":null,"recharge_account":null,"recharge_total":"0.0000","usetime":"0","del_status":"00000000000","mobile":"13459183446"}
-------------------
-------------------
2018-03-17 00:15:05
changeCodeStatus:1
-------------------
-------------------
2018-03-17 00:15:05
changeCodeStatus:update goods_order set recharge_platform = 'xs9999',recharge_account='8995912',recharge_total='400', usetime = 1521216905 where order_id = '20180317001317790112'
-------------------
-------------------
2018-03-17 00:15:05
changeCodeStatus:{"IsSuccess":true,"Message":""}
-------------------
-------------------
2018-03-17 00:15:06
"{\"amount\":\"252408\",\"orderNo\":\"15212167980120444906\",\"bankTransId\":\"\",\"signature\":\"Kc9KT2LWHhC4HfwONdcqW8rq6i\/n8z7fmqF9MgOHdQUTWZ9D7LKnAFdstXAPi3jbRlxPqmr+bnpthMGrIaezA4bN5FazeMFlq9FKeYpQUYHRqNr36JcU4r32kjIe+2Np8sqQ1T7yQpt0defaz03YBqMDWHsULd0rfM4sq05wTyE=\",\"subject\":\"DMB\u5e01\",\"description\":\"\",\"body\":\"\",\"orgId\":\"00113583\",\"paySt\":\"2\",\"acctNo\":\"\",\"extra\":\"\",\"respMsg\":\"\u652f\u4ed8\u6210\u529f\",\"orgOrderNo\":\"20180317001317790112\",\"orderDate\":\"20180317\",\"account\":\"13640939398\",\"respCode\":\"0000\"}"
-------------------
-------------------
2018-03-17 00:18:08
"{\"amount\":\"252408\",\"orderNo\":\"15212167980120444906\",\"bankTransId\":\"\",\"signature\":\"Kc9KT2LWHhC4HfwONdcqW8rq6i\/n8z7fmqF9MgOHdQUTWZ9D7LKnAFdstXAPi3jbRlxPqmr+bnpthMGrIaezA4bN5FazeMFlq9FKeYpQUYHRqNr36JcU4r32kjIe+2Np8sqQ1T7yQpt0defaz03YBqMDWHsULd0rfM4sq05wTyE=\",\"subject\":\"DMB\u5e01\",\"description\":\"\",\"body\":\"\",\"orgId\":\"00113583\",\"paySt\":\"2\",\"acctNo\":\"\",\"extra\":\"\",\"respMsg\":\"\u652f\u4ed8\u6210\u529f\",\"orgOrderNo\":\"20180317001317790112\",\"orderDate\":\"20180317\",\"account\":\"13640939398\",\"respCode\":\"0000\"}"
-------------------
-------------------
2018-03-17 00:30:25
"{\"amount\":\"315510\",\"orderNo\":\"15212139394540444848\",\"bankTransId\":\"\",\"signature\":\"RLyd1aHHjhfeYBtT830tewnfjX8Jj3ntzG\/vHs21IYEcM6bMfPFreQggSPvezwpxVjpQSCdUXswZRJrZMFhUCDR1A1SDIZJ5vztsdzxLi+0Jh0faOVGM67aoTZngANxWbOT3k\/hQzLtWqEC5WqHdPy4cYbbYN61DoQJ2WEwaUi8=\",\"subject\":\"DMB\u5e01\",\"description\":\"\",\"body\":\"\",\"orgId\":\"00113583\",\"paySt\":\"2\",\"acctNo\":\"\",\"extra\":\"\",\"respMsg\":\"\u652f\u4ed8\u6210\u529f\",\"orgOrderNo\":\"20180316232539117975\",\"orderDate\":\"20180316\",\"account\":\"13640939398\",\"respCode\":\"0000\"}"
-------------------
-------------------
2018-03-17 00:48:08
"{\"amount\":\"252408\",\"orderNo\":\"15212167980120444906\",\"bankTransId\":\"\",\"signature\":\"Kc9KT2LWHhC4HfwONdcqW8rq6i\/n8z7fmqF9MgOHdQUTWZ9D7LKnAFdstXAPi3jbRlxPqmr+bnpthMGrIaezA4bN5FazeMFlq9FKeYpQUYHRqNr36JcU4r32kjIe+2Np8sqQ1T7yQpt0defaz03YBqMDWHsULd0rfM4sq05wTyE=\",\"subject\":\"DMB\u5e01\",\"description\":\"\",\"body\":\"\",\"orgId\":\"00113583\",\"paySt\":\"2\",\"acctNo\":\"\",\"extra\":\"\",\"respMsg\":\"\u652f\u4ed8\u6210\u529f\",\"orgOrderNo\":\"20180317001317790112\",\"orderDate\":\"20180317\",\"account\":\"13640939398\",\"respCode\":\"0000\"}"
-------------------
-------------------
2018-03-17 01:00:25
"{\"amount\":\"315510\",\"orderNo\":\"15212139394540444848\",\"bankTransId\":\"\",\"signature\":\"RLyd1aHHjhfeYBtT830tewnfjX8Jj3ntzG\/vHs21IYEcM6bMfPFreQggSPvezwpxVjpQSCdUXswZRJrZMFhUCDR1A1SDIZJ5vztsdzxLi+0Jh0faOVGM67aoTZngANxWbOT3k\/hQzLtWqEC5WqHdPy4cYbbYN61DoQJ2WEwaUi8=\",\"subject\":\"DMB\u5e01\",\"description\":\"\",\"body\":\"\",\"orgId\":\"00113583\",\"paySt\":\"2\",\"acctNo\":\"\",\"extra\":\"\",\"respMsg\":\"\u652f\u4ed8\u6210\u529f\",\"orgOrderNo\":\"20180316232539117975\",\"orderDate\":\"20180316\",\"account\":\"13640939398\",\"respCode\":\"0000\"}"
-------------------
-------------------
2018-03-17 01:18:08
"{\"amount\":\"252408\",\"orderNo\":\"15212167980120444906\",\"bankTransId\":\"\",\"signature\":\"Kc9KT2LWHhC4HfwONdcqW8rq6i\/n8z7fmqF9MgOHdQUTWZ9D7LKnAFdstXAPi3jbRlxPqmr+bnpthMGrIaezA4bN5FazeMFlq9FKeYpQUYHRqNr36JcU4r32kjIe+2Np8sqQ1T7yQpt0defaz03YBqMDWHsULd0rfM4sq05wTyE=\",\"subject\":\"DMB\u5e01\",\"description\":\"\",\"body\":\"\",\"orgId\":\"00113583\",\"paySt\":\"2\",\"acctNo\":\"\",\"extra\":\"\",\"respMsg\":\"\u652f\u4ed8\u6210\u529f\",\"orgOrderNo\":\"20180317001317790112\",\"orderDate\":\"20180317\",\"account\":\"13640939398\",\"respCode\":\"0000\"}"
-------------------
-------------------
2018-03-17 01:30:26
"{\"amount\":\"315510\",\"orderNo\":\"15212139394540444848\",\"bankTransId\":\"\",\"signature\":\"RLyd1aHHjhfeYBtT830tewnfjX8Jj3ntzG\/vHs21IYEcM6bMfPFreQggSPvezwpxVjpQSCdUXswZRJrZMFhUCDR1A1SDIZJ5vztsdzxLi+0Jh0faOVGM67aoTZngANxWbOT3k\/hQzLtWqEC5WqHdPy4cYbbYN61DoQJ2WEwaUi8=\",\"subject\":\"DMB\u5e01\",\"description\":\"\",\"body\":\"\",\"orgId\":\"00113583\",\"paySt\":\"2\",\"acctNo\":\"\",\"extra\":\"\",\"respMsg\":\"\u652f\u4ed8\u6210\u529f\",\"orgOrderNo\":\"20180316232539117975\",\"orderDate\":\"20180316\",\"account\":\"13640939398\",\"respCode\":\"0000\"}"
-------------------
-------------------
2018-03-17 01:48:09
"{\"amount\":\"252408\",\"orderNo\":\"15212167980120444906\",\"bankTransId\":\"\",\"signature\":\"Kc9KT2LWHhC4HfwONdcqW8rq6i\/n8z7fmqF9MgOHdQUTWZ9D7LKnAFdstXAPi3jbRlxPqmr+bnpthMGrIaezA4bN5FazeMFlq9FKeYpQUYHRqNr36JcU4r32kjIe+2Np8sqQ1T7yQpt0defaz03YBqMDWHsULd0rfM4sq05wTyE=\",\"subject\":\"DMB\u5e01\",\"description\":\"\",\"body\":\"\",\"orgId\":\"00113583\",\"paySt\":\"2\",\"acctNo\":\"\",\"extra\":\"\",\"respMsg\":\"\u652f\u4ed8\u6210\u529f\",\"orgOrderNo\":\"20180317001317790112\",\"orderDate\":\"20180317\",\"account\":\"13640939398\",\"respCode\":\"0000\"}"
-------------------
-------------------
2018-03-17 02:18:09
"{\"amount\":\"252408\",\"orderNo\":\"15212167980120444906\",\"bankTransId\":\"\",\"signature\":\"Kc9KT2LWHhC4HfwONdcqW8rq6i\/n8z7fmqF9MgOHdQUTWZ9D7LKnAFdstXAPi3jbRlxPqmr+bnpthMGrIaezA4bN5FazeMFlq9FKeYpQUYHRqNr36JcU4r32kjIe+2Np8sqQ1T7yQpt0defaz03YBqMDWHsULd0rfM4sq05wTyE=\",\"subject\":\"DMB\u5e01\",\"description\":\"\",\"body\":\"\",\"orgId\":\"00113583\",\"paySt\":\"2\",\"acctNo\":\"\",\"extra\":\"\",\"respMsg\":\"\u652f\u4ed8\u6210\u529f\",\"orgOrderNo\":\"20180317001317790112\",\"orderDate\":\"20180317\",\"account\":\"13640939398\",\"respCode\":\"0000\"}"
-------------------
-------------------
2018-03-17 08:00:39
{"op":"check_order_id","order_id":"26286083","password":"goddess029"}
-------------------
-------------------
2018-03-17 08:00:39
checkOrderId:{"IsSuccess":false,"Message":"\u8ba2\u5355\u6216\u5bc6\u7801\u9519\u8bef"}
-------------------
-------------------
2018-03-17 08:00:55
{"op":"check_order_id","order_id":"26286083","password":"goddess029"}
-------------------
-------------------
2018-03-17 08:00:55
checkOrderId:{"IsSuccess":false,"Message":"\u8ba2\u5355\u6216\u5bc6\u7801\u9519\u8bef"}
-------------------
-------------------
2018-03-17 08:00:57
{"op":"check_order_id","order_id":"26286083","password":"goddess029"}
-------------------
-------------------
2018-03-17 08:00:57
checkOrderId:{"IsSuccess":false,"Message":"\u8ba2\u5355\u6216\u5bc6\u7801\u9519\u8bef"}
-------------------
-------------------
2018-03-17 08:01:51
{"op":"check_order_id","order_id":"26286083","password":"goddess029"}
-------------------
-------------------
2018-03-17 08:01:51
checkOrderId:{"IsSuccess":false,"Message":"\u8ba2\u5355\u6216\u5bc6\u7801\u9519\u8bef"}
-------------------
-------------------
2018-03-17 09:30:08
{"op":"check_order_id","order_id":"26286690","password":"xxone8123"}
-------------------
-------------------
2018-03-17 09:30:08
checkOrderId:{"IsSuccess":false,"Message":"\u8ba2\u5355\u6216\u5bc6\u7801\u9519\u8bef"}
-------------------
-------------------
2018-03-17 09:30:23
{"op":"check_order_id","order_id":"26286690","password":"xxone8123"}
-------------------
-------------------
2018-03-17 09:30:23
checkOrderId:{"IsSuccess":false,"Message":"\u8ba2\u5355\u6216\u5bc6\u7801\u9519\u8bef"}
-------------------
-------------------
2018-03-17 10:41:59
{"op":"recharge_order_id","order_id":"","password":"","code":0}
-------------------
-------------------
2018-03-17 10:41:59
rechargeOrderId:{"IsSuccess":false,"Message":"\u8bf7\u8f93\u5165\u5b8c\u6574\u7684\u4fe1\u606f"}
-------------------
-------------------
2018-03-17 11:10:23
"{\"amount\":\"126204\",\"orderNo\":\"15212561250760445526\",\"bankTransId\":\"\",\"signature\":\"DCs0UGPsOrID+MdOTivzzcbL+\/WOmG1n5qomwiMBJqRwcm8jnO02EfK3wGJa9Gqf3jwlsFvtNdnCuI+VYG0meDFpXNYINt\/o5tcMJ5YuGD\/cgd\/6FeoBJ1+QFR3cmQvy3hZU7D3SoumLmKptLXyhOhlzjS6Mnyo4890ihv+G6W8=\",\"subject\":\"DMB\u5e01\",\"description\":\"\",\"body\":\"\",\"orgId\":\"00113583\",\"paySt\":\"2\",\"acctNo\":\"\",\"extra\":\"\",\"respMsg\":\"\u652f\u4ed8\u6210\u529f\",\"orgOrderNo\":\"20180317110844550226\",\"orderDate\":\"20180317\",\"account\":\"13640939398\",\"respCode\":\"0000\"}"
-------------------
-------------------
2018-03-17 11:10:38
"{\"amount\":\"126204\",\"orderNo\":\"15212561250760445526\",\"bankTransId\":\"\",\"signature\":\"DCs0UGPsOrID+MdOTivzzcbL+\/WOmG1n5qomwiMBJqRwcm8jnO02EfK3wGJa9Gqf3jwlsFvtNdnCuI+VYG0meDFpXNYINt\/o5tcMJ5YuGD\/cgd\/6FeoBJ1+QFR3cmQvy3hZU7D3SoumLmKptLXyhOhlzjS6Mnyo4890ihv+G6W8=\",\"subject\":\"DMB\u5e01\",\"description\":\"\",\"body\":\"\",\"orgId\":\"00113583\",\"paySt\":\"2\",\"acctNo\":\"\",\"extra\":\"\",\"respMsg\":\"\u652f\u4ed8\u6210\u529f\",\"orgOrderNo\":\"20180317110844550226\",\"orderDate\":\"20180317\",\"account\":\"13640939398\",\"respCode\":\"0000\"}"
-------------------
-------------------
2018-03-17 11:10:53
"{\"amount\":\"126204\",\"orderNo\":\"15212561250760445526\",\"bankTransId\":\"\",\"signature\":\"DCs0UGPsOrID+MdOTivzzcbL+\/WOmG1n5qomwiMBJqRwcm8jnO02EfK3wGJa9Gqf3jwlsFvtNdnCuI+VYG0meDFpXNYINt\/o5tcMJ5YuGD\/cgd\/6FeoBJ1+QFR3cmQvy3hZU7D3SoumLmKptLXyhOhlzjS6Mnyo4890ihv+G6W8=\",\"subject\":\"DMB\u5e01\",\"description\":\"\",\"body\":\"\",\"orgId\":\"00113583\",\"paySt\":\"2\",\"acctNo\":\"\",\"extra\":\"\",\"respMsg\":\"\u652f\u4ed8\u6210\u529f\",\"orgOrderNo\":\"20180317110844550226\",\"orderDate\":\"20180317\",\"account\":\"13640939398\",\"respCode\":\"0000\"}"
-------------------
-------------------
2018-03-17 11:11:23
"{\"amount\":\"126204\",\"orderNo\":\"15212561250760445526\",\"bankTransId\":\"\",\"signature\":\"DCs0UGPsOrID+MdOTivzzcbL+\/WOmG1n5qomwiMBJqRwcm8jnO02EfK3wGJa9Gqf3jwlsFvtNdnCuI+VYG0meDFpXNYINt\/o5tcMJ5YuGD\/cgd\/6FeoBJ1+QFR3cmQvy3hZU7D3SoumLmKptLXyhOhlzjS6Mnyo4890ihv+G6W8=\",\"subject\":\"DMB\u5e01\",\"description\":\"\",\"body\":\"\",\"orgId\":\"00113583\",\"paySt\":\"2\",\"acctNo\":\"\",\"extra\":\"\",\"respMsg\":\"\u652f\u4ed8\u6210\u529f\",\"orgOrderNo\":\"20180317110844550226\",\"orderDate\":\"20180317\",\"account\":\"13640939398\",\"respCode\":\"0000\"}"
-------------------
-------------------
2018-03-17 11:14:24
"{\"amount\":\"126204\",\"orderNo\":\"15212561250760445526\",\"bankTransId\":\"\",\"signature\":\"DCs0UGPsOrID+MdOTivzzcbL+\/WOmG1n5qomwiMBJqRwcm8jnO02EfK3wGJa9Gqf3jwlsFvtNdnCuI+VYG0meDFpXNYINt\/o5tcMJ5YuGD\/cgd\/6FeoBJ1+QFR3cmQvy3hZU7D3SoumLmKptLXyhOhlzjS6Mnyo4890ihv+G6W8=\",\"subject\":\"DMB\u5e01\",\"description\":\"\",\"body\":\"\",\"orgId\":\"00113583\",\"paySt\":\"2\",\"acctNo\":\"\",\"extra\":\"\",\"respMsg\":\"\u652f\u4ed8\u6210\u529f\",\"orgOrderNo\":\"20180317110844550226\",\"orderDate\":\"20180317\",\"account\":\"13640939398\",\"respCode\":\"0000\"}"
-------------------
-------------------
2018-03-17 11:17:53
{"op":"check_order_id","order_id":"20180317110844550226","password":"14984983"}
-------------------
-------------------
2018-03-17 11:17:53
checkOrderId:{"IsSuccess":true,"Message":{"price":"$ 200.00","mobile":"13806028736"}}
-------------------
-------------------
2018-03-17 11:17:54
{"op":"sendsms_by_order_id","order_id":"20180317110844550226","password":"14984983"}
-------------------
-------------------
2018-03-17 11:17:54
checkOrderId:{"IsSuccess":true,"Message":{"price":"$ 200.00","mobile":"13806028736"}}
-------------------
-------------------
2018-03-17 11:17:55
sendSMSByOrderId:{"IsSuccess":true,"Message":"\u53d1\u9001\u6210\u529f"}
-------------------
-------------------
2018-03-17 11:18:58
{"op":"sendsms_by_order_id","order_id":"20180317110844550226","password":"14984983"}
-------------------
-------------------
2018-03-17 11:18:58
checkOrderId:{"IsSuccess":true,"Message":{"price":"$ 200.00","mobile":"13806028736"}}
-------------------
-------------------
2018-03-17 11:18:58
sendSMSByOrderId:{"IsSuccess":true,"Message":"\u53d1\u9001\u6210\u529f"}
-------------------
-------------------
2018-03-17 11:19:23
{"op":"recharge_order_id","order_id":"20180317110844550226","password":"14984983","code":"940663"}
-------------------
-------------------
2018-03-17 11:19:23
rechargeOrderId:{"IsSuccess":true,"Message":{"id":"353","order_id":"20180317110844550226","goods":"DMB\u5e01","images":"201802261440081753.png","price":"200.00","use_rate":"6.3102","total":"1,262.04","uid":"69","addtime":"1521256124","paytime":"1521256223","channel":"\u7c73\u63d0\u65af","source":"\u946b\u5723\u5546\u8d38","order_status":"1","recharge_platform":null,"recharge_account":null,"recharge_total":"0.0000","usetime":"0","del_status":"00000000000","mobile":"13806028736","people_id":"350521197811128018"}}
-------------------
-------------------
2018-03-17 11:19:23
{"op":"change_code_status","order_id":"20180317110844550226","password":"14984983","code":"940663","recharge_platform":"xs9999","recharge_account":8994579,"recharge_total":200.00}
-------------------
-------------------
2018-03-17 11:19:23
changeCodeStatus:{"id":"353","order_id":"20180317110844550226","goods":"DMB\u5e01","images":"201802261440081753.png","price":"20000","use_rate":"6.3102","total":"126204","uid":"69","addtime":"1521256124","paytime":"1521256223","pwd":"+nUDZyKswkY2OETHzg60S8SPTgyxYMXoud7MvZQ2+y244w","channel":"\u7c73\u63d0\u65af","source":"\u946b\u5723\u5546\u8d38","order_status":"1","recharge_platform":null,"recharge_account":null,"recharge_total":"0.0000","usetime":"0","del_status":"00000000000","mobile":"13806028736"}
-------------------
-------------------
2018-03-17 11:19:23
changeCodeStatus:1
-------------------
-------------------
2018-03-17 11:19:23
changeCodeStatus:update goods_order set recharge_platform = 'xs9999',recharge_account='8994579',recharge_total='200', usetime = 1521256763 where order_id = '20180317110844550226'
-------------------
-------------------
2018-03-17 11:19:23
changeCodeStatus:{"IsSuccess":true,"Message":""}
-------------------
-------------------
2018-03-17 11:44:24
"{\"amount\":\"126204\",\"orderNo\":\"15212561250760445526\",\"bankTransId\":\"\",\"signature\":\"DCs0UGPsOrID+MdOTivzzcbL+\/WOmG1n5qomwiMBJqRwcm8jnO02EfK3wGJa9Gqf3jwlsFvtNdnCuI+VYG0meDFpXNYINt\/o5tcMJ5YuGD\/cgd\/6FeoBJ1+QFR3cmQvy3hZU7D3SoumLmKptLXyhOhlzjS6Mnyo4890ihv+G6W8=\",\"subject\":\"DMB\u5e01\",\"description\":\"\",\"body\":\"\",\"orgId\":\"00113583\",\"paySt\":\"2\",\"acctNo\":\"\",\"extra\":\"\",\"respMsg\":\"\u652f\u4ed8\u6210\u529f\",\"orgOrderNo\":\"20180317110844550226\",\"orderDate\":\"20180317\",\"account\":\"13640939398\",\"respCode\":\"0000\"}"
-------------------
-------------------
2018-03-17 12:14:24
"{\"amount\":\"126204\",\"orderNo\":\"15212561250760445526\",\"bankTransId\":\"\",\"signature\":\"DCs0UGPsOrID+MdOTivzzcbL+\/WOmG1n5qomwiMBJqRwcm8jnO02EfK3wGJa9Gqf3jwlsFvtNdnCuI+VYG0meDFpXNYINt\/o5tcMJ5YuGD\/cgd\/6FeoBJ1+QFR3cmQvy3hZU7D3SoumLmKptLXyhOhlzjS6Mnyo4890ihv+G6W8=\",\"subject\":\"DMB\u5e01\",\"description\":\"\",\"body\":\"\",\"orgId\":\"00113583\",\"paySt\":\"2\",\"acctNo\":\"\",\"extra\":\"\",\"respMsg\":\"\u652f\u4ed8\u6210\u529f\",\"orgOrderNo\":\"20180317110844550226\",\"orderDate\":\"20180317\",\"account\":\"13640939398\",\"respCode\":\"0000\"}"
-------------------
-------------------
2018-03-17 12:44:25
"{\"amount\":\"126204\",\"orderNo\":\"15212561250760445526\",\"bankTransId\":\"\",\"signature\":\"DCs0UGPsOrID+MdOTivzzcbL+\/WOmG1n5qomwiMBJqRwcm8jnO02EfK3wGJa9Gqf3jwlsFvtNdnCuI+VYG0meDFpXNYINt\/o5tcMJ5YuGD\/cgd\/6FeoBJ1+QFR3cmQvy3hZU7D3SoumLmKptLXyhOhlzjS6Mnyo4890ihv+G6W8=\",\"subject\":\"DMB\u5e01\",\"description\":\"\",\"body\":\"\",\"orgId\":\"00113583\",\"paySt\":\"2\",\"acctNo\":\"\",\"extra\":\"\",\"respMsg\":\"\u652f\u4ed8\u6210\u529f\",\"orgOrderNo\":\"20180317110844550226\",\"orderDate\":\"20180317\",\"account\":\"13640939398\",\"respCode\":\"0000\"}"
-------------------
-------------------
2018-03-17 13:14:25
"{\"amount\":\"126204\",\"orderNo\":\"15212561250760445526\",\"bankTransId\":\"\",\"signature\":\"DCs0UGPsOrID+MdOTivzzcbL+\/WOmG1n5qomwiMBJqRwcm8jnO02EfK3wGJa9Gqf3jwlsFvtNdnCuI+VYG0meDFpXNYINt\/o5tcMJ5YuGD\/cgd\/6FeoBJ1+QFR3cmQvy3hZU7D3SoumLmKptLXyhOhlzjS6Mnyo4890ihv+G6W8=\",\"subject\":\"DMB\u5e01\",\"description\":\"\",\"body\":\"\",\"orgId\":\"00113583\",\"paySt\":\"2\",\"acctNo\":\"\",\"extra\":\"\",\"respMsg\":\"\u652f\u4ed8\u6210\u529f\",\"orgOrderNo\":\"20180317110844550226\",\"orderDate\":\"20180317\",\"account\":\"13640939398\",\"respCode\":\"0000\"}"
-------------------
-------------------
2018-03-17 15:16:47
{"op":"check_order_id","order_id":"6222032604000604525","password":"20180317144211815628"}
-------------------
-------------------
2018-03-17 15:16:47
checkOrderId:{"IsSuccess":false,"Message":"\u8ba2\u5355\u6216\u5bc6\u7801\u9519\u8bef"}
-------------------
-------------------
2018-03-17 17:13:11
{"op":"check_order_id","order_id":"","password":""}
-------------------
-------------------
2018-03-17 17:13:11
checkOrderId:{"IsSuccess":false,"Message":"\u8bf7\u8f93\u5165\u5b8c\u6574\u7684\u4fe1\u606f"}
-------------------
-------------------
2018-03-17 17:13:53
{"op":"check_order_id","order_id":"52009297","password":""}
-------------------
-------------------
2018-03-17 17:13:53
checkOrderId:{"IsSuccess":false,"Message":"\u8bf7\u8f93\u5165\u5b8c\u6574\u7684\u4fe1\u606f"}
-------------------
-------------------
2018-03-17 17:32:11
"{\"amount\":\"63102\",\"orderNo\":\"15212788712820446501\",\"bankTransId\":\"\",\"signature\":\"BHuSessmzW51QdM5TohZx4ArPen\/Q4i8Lsa+pE725FfGZvqD5vmjzBGKkaM2sjhFwVPtxE6JKkxlatHvs3LbBouv0OSV+Wo4a4YC3wDahBQ1iy0H6p94bht+h79iXkIImLOAJLNTwoCQsV7bLRk7rnZVjgNNavGNzFggs+axc4E=\",\"subject\":\"DMB\u5e01\",\"description\":\"\",\"body\":\"\",\"orgId\":\"00113583\",\"paySt\":\"2\",\"acctNo\":\"\",\"extra\":\"\",\"respMsg\":\"\u652f\u4ed8\u6210\u529f\",\"orgOrderNo\":\"20180317172750955851\",\"orderDate\":\"20180317\",\"account\":\"13640939398\",\"respCode\":\"0000\"}"
-------------------
-------------------
2018-03-17 17:32:26
"{\"amount\":\"63102\",\"orderNo\":\"15212788712820446501\",\"bankTransId\":\"\",\"signature\":\"BHuSessmzW51QdM5TohZx4ArPen\/Q4i8Lsa+pE725FfGZvqD5vmjzBGKkaM2sjhFwVPtxE6JKkxlatHvs3LbBouv0OSV+Wo4a4YC3wDahBQ1iy0H6p94bht+h79iXkIImLOAJLNTwoCQsV7bLRk7rnZVjgNNavGNzFggs+axc4E=\",\"subject\":\"DMB\u5e01\",\"description\":\"\",\"body\":\"\",\"orgId\":\"00113583\",\"paySt\":\"2\",\"acctNo\":\"\",\"extra\":\"\",\"respMsg\":\"\u652f\u4ed8\u6210\u529f\",\"orgOrderNo\":\"20180317172750955851\",\"orderDate\":\"20180317\",\"account\":\"13640939398\",\"respCode\":\"0000\"}"
-------------------
-------------------
2018-03-17 17:32:42
"{\"amount\":\"63102\",\"orderNo\":\"15212788712820446501\",\"bankTransId\":\"\",\"signature\":\"BHuSessmzW51QdM5TohZx4ArPen\/Q4i8Lsa+pE725FfGZvqD5vmjzBGKkaM2sjhFwVPtxE6JKkxlatHvs3LbBouv0OSV+Wo4a4YC3wDahBQ1iy0H6p94bht+h79iXkIImLOAJLNTwoCQsV7bLRk7rnZVjgNNavGNzFggs+axc4E=\",\"subject\":\"DMB\u5e01\",\"description\":\"\",\"body\":\"\",\"orgId\":\"00113583\",\"paySt\":\"2\",\"acctNo\":\"\",\"extra\":\"\",\"respMsg\":\"\u652f\u4ed8\u6210\u529f\",\"orgOrderNo\":\"20180317172750955851\",\"orderDate\":\"20180317\",\"account\":\"13640939398\",\"respCode\":\"0000\"}"
-------------------
-------------------
2018-03-17 17:33:12
"{\"amount\":\"63102\",\"orderNo\":\"15212788712820446501\",\"bankTransId\":\"\",\"signature\":\"BHuSessmzW51QdM5TohZx4ArPen\/Q4i8Lsa+pE725FfGZvqD5vmjzBGKkaM2sjhFwVPtxE6JKkxlatHvs3LbBouv0OSV+Wo4a4YC3wDahBQ1iy0H6p94bht+h79iXkIImLOAJLNTwoCQsV7bLRk7rnZVjgNNavGNzFggs+axc4E=\",\"subject\":\"DMB\u5e01\",\"description\":\"\",\"body\":\"\",\"orgId\":\"00113583\",\"paySt\":\"2\",\"acctNo\":\"\",\"extra\":\"\",\"respMsg\":\"\u652f\u4ed8\u6210\u529f\",\"orgOrderNo\":\"20180317172750955851\",\"orderDate\":\"20180317\",\"account\":\"13640939398\",\"respCode\":\"0000\"}"
-------------------
-------------------
2018-03-17 17:36:12
"{\"amount\":\"63102\",\"orderNo\":\"15212788712820446501\",\"bankTransId\":\"\",\"signature\":\"BHuSessmzW51QdM5TohZx4ArPen\/Q4i8Lsa+pE725FfGZvqD5vmjzBGKkaM2sjhFwVPtxE6JKkxlatHvs3LbBouv0OSV+Wo4a4YC3wDahBQ1iy0H6p94bht+h79iXkIImLOAJLNTwoCQsV7bLRk7rnZVjgNNavGNzFggs+axc4E=\",\"subject\":\"DMB\u5e01\",\"description\":\"\",\"body\":\"\",\"orgId\":\"00113583\",\"paySt\":\"2\",\"acctNo\":\"\",\"extra\":\"\",\"respMsg\":\"\u652f\u4ed8\u6210\u529f\",\"orgOrderNo\":\"20180317172750955851\",\"orderDate\":\"20180317\",\"account\":\"13640939398\",\"respCode\":\"0000\"}"
-------------------
-------------------
2018-03-17 17:37:00
{"op":"check_order_id","order_id":"20180317172750955851","password":"40149995"}
-------------------
-------------------
2018-03-17 17:37:00
checkOrderId:{"IsSuccess":true,"Message":{"price":"$ 100.00","mobile":"13754403198"}}
-------------------
-------------------
2018-03-17 17:37:10
{"op":"sendsms_by_order_id","order_id":"20180317172750955851","password":"40149995"}
-------------------
-------------------
2018-03-17 17:37:10
checkOrderId:{"IsSuccess":true,"Message":{"price":"$ 100.00","mobile":"13754403198"}}
-------------------
-------------------
2018-03-17 17:37:10
sendSMSByOrderId:{"IsSuccess":true,"Message":"\u53d1\u9001\u6210\u529f"}
-------------------
-------------------
2018-03-17 17:37:55
{"op":"recharge_order_id","order_id":"20180317172750955851","password":"40149995","code":"460975"}
-------------------
-------------------
2018-03-17 17:37:55
rechargeOrderId:{"IsSuccess":false,"Message":"\u9a8c\u8bc1\u7801\u9519\u8bef"}
-------------------
-------------------
2018-03-17 17:38:13
{"op":"recharge_order_id","order_id":"20180317172750955851","password":"40149995","code":"460957"}
-------------------
-------------------
2018-03-17 17:38:13
rechargeOrderId:{"IsSuccess":true,"Message":{"id":"377","order_id":"20180317172750955851","goods":"DMB\u5e01","images":"201802261440081753.png","price":"100.00","use_rate":"6.3102","total":"631.02","uid":"71","addtime":"1521278870","paytime":"1521279131","channel":"\u7c73\u63d0\u65af","source":"\u946b\u5723\u5546\u8d38","order_status":"1","recharge_platform":null,"recharge_account":null,"recharge_total":"0.0000","usetime":"0","del_status":"00000000000","mobile":"13754403198","people_id":"132133196203140638"}}
-------------------
-------------------
2018-03-17 17:38:14
{"op":"change_code_status","order_id":"20180317172750955851","password":"40149995","code":"460957","recharge_platform":"xs9999","recharge_account":8996112,"recharge_total":100.00}
-------------------
-------------------
2018-03-17 17:38:14
changeCodeStatus:{"id":"377","order_id":"20180317172750955851","goods":"DMB\u5e01","images":"201802261440081753.png","price":"10000","use_rate":"6.3102","total":"63102","uid":"71","addtime":"1521278870","paytime":"1521279131","pwd":"+nUDZyKswkY2OBHHnA+0S5rWT1iwZpTs59zJuZw69i255Q","channel":"\u7c73\u63d0\u65af","source":"\u946b\u5723\u5546\u8d38","order_status":"1","recharge_platform":null,"recharge_account":null,"recharge_total":"0.0000","usetime":"0","del_status":"00000000000","mobile":"13754403198"}
-------------------
-------------------
2018-03-17 17:38:14
changeCodeStatus:1
-------------------
-------------------
2018-03-17 17:38:14
changeCodeStatus:update goods_order set recharge_platform = 'xs9999',recharge_account='8996112',recharge_total='100', usetime = 1521279494 where order_id = '20180317172750955851'
-------------------
-------------------
2018-03-17 17:38:14
changeCodeStatus:{"IsSuccess":true,"Message":""}
-------------------
