-------------------
2018-03-21 12:36:59
签名:I6wyQhfHZpVtlwdM/hze8jlZstyNtfnk9TU83lR8zKNT3GjzNhsyHRBtIxhQyRHuQhPVxNbQpmeLdVQ7dAlMWfgRlR48FqBN0r7lebJyML1zkvrk/SfVYzaapM6BpeFzKAvLXb8e3se5gREf1LNvlpKnr1+XnENJCHM5tM6D/rY=
-------------------
-------------------
2018-03-21 12:43:27
签名:bozUM7DExmIV2hQXiBtudMQpsxN8EnTtXLe7muqcxSJRFOAeFOg1vFdZkHt8nufa7qbZN9JtJtNzizW1cZz48+yEpOtH+0Nd99n2w24EBeLFeVl84Ph1puDCAhOsTMyOP0Xw/xTDPoKQDS6YvyQ2lKpTURtlZ9VTZ5r9myIAK88=
-------------------
-------------------
2018-03-21 12:44:04
签名:VFWPVT0EUdeOgFLCuKJEaFnWYp5w1fkLldki/HIRI+1iTuAf8zZVmwC1pe0PNpp7XGLv5kB5jv8VL23iS16oEfpRb1nRoEY3YYAKYcb5Jfgpxfx5YnuMqx0tLjHd7mDcMsRU6Gs4z9lDPioDd/pG/U36mm+1PSqiYeuJGrQhi3k=
-------------------
-------------------
2018-03-21 12:45:47
签名:E75yuREHHd+0EjkntNN8sTL6oeBQEH6tRrFzSQ4t0CFx5+E/De0ZsrgmyxurkWwOGzf58/hfujw/jryxW2v8GPZLaOABczUB8t6KsQ/IRp2Py4XwAX93tQv3lj6ry0xFcYb8nLO0XS/IJv5hXAoj6fkPe+KogqA7QCOnM3/1Xgg=
-------------------
-------------------
2018-03-21 12:46:29
签名:VN4FoFNu9zmDbSZsxASb41yfDi0J2Nn+Nv4wK3e398CY2U1THpnLPALM8B2ZVVvE/8cgn8m6HviKWUOXwUV3+BiBZk3mq7Jc5L/8f23lspH2TCPAFZPgvrnoCoUCzv+U5I5yx8b/LHpu36NpxoHuPh/zb67NnrLq0lNpxGVRK08=
-------------------
-------------------
2018-03-21 17:06:17
签名:Bdf7urbHiOr3j9xLRP7vtAZK2Ds+1VMXdMlTNPMSAbUSTQ49KOLHuyyNsxhINtGBHmS+g8/HjzWKs3FzeDN+5G7UfC2x0aVtWtU/R2oWcAITMPdHUVPTAKMWrHcr81evq0pMa/RR7kG8GwAPJ2tYbI6Tnzf5/eGWZ5PwHP3Gryk=
-------------------
-------------------
2018-03-21 17:06:17
lianlian:{"busi_partner":"109001","dt_order":"20180321170617","flag_modify":"1","id_type":"0","money_order":0.1,"name_goods":"\u7fbd\u6bdb\u7403","no_order":"20180321170616890792","notify_url":"http:\/\/www.lbjfsm.com\/shopp\/common_receive.php?p_c=llpc","oid_partner":"201710250001059760","risk_item":"{\"frms_ware_category\":4003,\"user_info_mercht_userno\":\"22222222\",\"user_info_dt_register\":\"20180321170617\",\"user_info_bind_phone\":\"13632520511\",\"delivery_addr_province\":\"340000\",\"delivery_addr_city\":\"341600\",\"delivery_phone\":\"13632520511\",\"logistics_mode\":\"3\",\"delivery_cycle\":\"24h\",\"goods_count\":1}","sign_type":"RSA","timestamp":"20180321170617","url_return":"http:\/\/www.lbjfsm.com","user_id":"22222222","valid_order":"10080","version":"v1.0","sign":"Bdf7urbHiOr3j9xLRP7vtAZK2Ds+1VMXdMlTNPMSAbUSTQ49KOLHuyyNsxhINtGBHmS+g8\/HjzWKs3FzeDN+5G7UfC2x0aVtWtU\/R2oWcAITMPdHUVPTAKMWrHcr81evq0pMa\/RR7kG8GwAPJ2tYbI6Tnzf5\/eGWZ5PwHP3Gryk="}
-------------------
-------------------
2018-03-21 18:11:23
签名:lrdxOZUjpngN45/Ceen61FHF1tcP8Ja6oYwyb7A9jdsW23JiQQyXA66jhPLn1/cFZceWaGmN4c9dZnSI28wyu3n7UIHxS95DwXanQGesy8xG0uaN0fzuh061NbgIYubpsCbQ3cKd23bAzcdTl5PRgGDHi+yGaMnSSWA26X6PtY8=
-------------------
-------------------
2018-03-21 18:11:23
lianlian:{"busi_partner":"109001","dt_order":"20180321181123","flag_modify":"1","id_type":"0","money_order":0.1,"name_goods":"\u7fbd\u6bdb\u7403","no_order":"20180321181123949115","notify_url":"http:\/\/www.lbjfsm.com\/shopp\/common_receive.php?p_c=llpc","oid_partner":"201710250001059760","risk_item":"{\"frms_ware_category\":4003,\"user_info_mercht_userno\":\"22222222\",\"user_info_dt_register\":\"20180321181123\",\"user_info_bind_phone\":\"13632520511\",\"delivery_addr_province\":\"340000\",\"delivery_addr_city\":\"341600\",\"delivery_phone\":\"13632520511\",\"logistics_mode\":\"3\",\"delivery_cycle\":\"24h\",\"goods_count\":1}","sign_type":"RSA","timestamp":"20180321181123","url_return":"http:\/\/www.lbjfsm.com","user_id":"22222222","valid_order":"10080","version":"v1.0","sign":"lrdxOZUjpngN45\/Ceen61FHF1tcP8Ja6oYwyb7A9jdsW23JiQQyXA66jhPLn1\/cFZceWaGmN4c9dZnSI28wyu3n7UIHxS95DwXanQGesy8xG0uaN0fzuh061NbgIYubpsCbQ3cKd23bAzcdTl5PRgGDHi+yGaMnSSWA26X6PtY8="}
-------------------
-------------------
2018-03-21 18:11:31
签名:PPfuhSAedFxEQGJNzjvjblCXO/wag4Y1CgyaMu2YhV8mw8x5b82txu1g8tV9Oc3Md+rqlt2twTLHJ6QKCM3RsrFeaZfGJCKXvHWwi8gpt8xyWPt+CmfMAmTMvA1vFjamZKAG59DR75H4SZLz5KRxivEWqNDERRAXrhkmGa2FxuM=
-------------------
-------------------
2018-03-21 18:11:31
lianlian:{"busi_partner":"109001","dt_order":"20180321181131","flag_modify":"1","id_type":"0","money_order":0.1,"name_goods":"\u7fbd\u6bdb\u7403","no_order":"20180321181123949115","notify_url":"http:\/\/www.lbjfsm.com\/shopp\/common_receive.php?p_c=llpc","oid_partner":"201710250001059760","risk_item":"{\"frms_ware_category\":4003,\"user_info_mercht_userno\":\"22222222\",\"user_info_dt_register\":\"20180321181131\",\"user_info_bind_phone\":\"13632520511\",\"delivery_addr_province\":\"340000\",\"delivery_addr_city\":\"341600\",\"delivery_phone\":\"13632520511\",\"logistics_mode\":\"3\",\"delivery_cycle\":\"24h\",\"goods_count\":1}","sign_type":"RSA","timestamp":"20180321181131","url_return":"http:\/\/www.lbjfsm.com","user_id":"22222222","valid_order":"10080","version":"v1.0","sign":"PPfuhSAedFxEQGJNzjvjblCXO\/wag4Y1CgyaMu2YhV8mw8x5b82txu1g8tV9Oc3Md+rqlt2twTLHJ6QKCM3RsrFeaZfGJCKXvHWwi8gpt8xyWPt+CmfMAmTMvA1vFjamZKAG59DR75H4SZLz5KRxivEWqNDERRAXrhkmGa2FxuM="}
-------------------
-------------------
2018-03-21 18:12:15
签名:dai5P4lxX2n/5J4DsBG/G1SmKfcsTrtIjNgXLMYhqwYpV/ywodGWG49fCYZ4RwNDEtPxD6AD67oWwYQ2bFgiww8DwUSL9fLjqaT+xPI6DImw09pmWOKQm1tH7aN7AxaYzYE9sybo2byyrcG+7SvZVRzPB63kaAhO7KgFDcdW+o8=
-------------------
-------------------
2018-03-21 18:12:15
lianlian:{"busi_partner":"109001","dt_order":"20180321181215","flag_modify":"1","id_type":"0","money_order":"0.1","name_goods":"\u7fbd\u6bdb\u7403","no_order":"20180321181123949115","notify_url":"http:\/\/www.lbjfsm.com\/shopp\/common_receive.php?p_c=llpc","oid_partner":"201710250001059760","risk_item":"{\"frms_ware_category\":4003,\"user_info_mercht_userno\":\"22222222\",\"user_info_dt_register\":\"20180321181215\",\"user_info_bind_phone\":\"13632520511\",\"delivery_addr_province\":\"340000\",\"delivery_addr_city\":\"341600\",\"delivery_phone\":\"13632520511\",\"logistics_mode\":\"3\",\"delivery_cycle\":\"24h\",\"goods_count\":1}","sign_type":"RSA","timestamp":"20180321181215","url_return":"http:\/\/www.lbjfsm.com","user_id":"22222222","valid_order":"10080","version":"1.0","sign":"dai5P4lxX2n\/5J4DsBG\/G1SmKfcsTrtIjNgXLMYhqwYpV\/ywodGWG49fCYZ4RwNDEtPxD6AD67oWwYQ2bFgiww8DwUSL9fLjqaT+xPI6DImw09pmWOKQm1tH7aN7AxaYzYE9sybo2byyrcG+7SvZVRzPB63kaAhO7KgFDcdW+o8="}
-------------------
-------------------
2018-03-21 18:15:18
签名:OvWfyNVAKqBirqBUzvFMxNBI8vd/bpCIQCgRungpzjLIEDAlr3AgPbnOkG1j1FtVAnZD6vrM78JVUDYmRPkxozOuPo91fLPTCg4joSbxUC2ncN7yPNQZlZH00vUlItvDZY4G3roGSay9sqBKSokxI6jruCLIgXLIsS/s/LFzqUo=
-------------------
-------------------
2018-03-21 18:15:18
lianlian:{"busi_partner":"109001","dt_order":"20180321181518","flag_modify":"1","id_type":"0","money_order":"0.1","name_goods":"\u7fbd\u6bdb\u7403","no_order":"20180321181123949115","notify_url":"http:\/\/www.lbjfsm.com\/shopp\/common_receive.php?p_c=llpc","oid_partner":"201710250001059760","risk_item":"{\"frms_ware_category\":4003,\"user_info_mercht_userno\":\"22222222\",\"user_info_dt_register\":\"20180321181518\",\"user_info_bind_phone\":\"13632520511\",\"delivery_addr_province\":\"340000\",\"delivery_addr_city\":\"341600\",\"delivery_phone\":\"13632520511\",\"logistics_mode\":\"3\",\"delivery_cycle\":\"24h\",\"goods_count\":1}","sign_type":"RSA","timestamp":"20180321181518","url_return":"http:\/\/www.lbjfsm.com","user_id":"22222222","valid_order":"10080","version":"1.0","sign":"OvWfyNVAKqBirqBUzvFMxNBI8vd\/bpCIQCgRungpzjLIEDAlr3AgPbnOkG1j1FtVAnZD6vrM78JVUDYmRPkxozOuPo91fLPTCg4joSbxUC2ncN7yPNQZlZH00vUlItvDZY4G3roGSay9sqBKSokxI6jruCLIgXLIsS\/s\/LFzqUo="}
-------------------
-------------------
2018-03-21 18:17:52
签名:FQTcwcartKAHpsUbtZiM1BCDRegeUs9wUTx63Cz73Mk8NeMU0pB9+Mu2iB/IoT0prNUZaWSkxYHhQgFMVOVjc2DHkQ1pv4SakQ6WgiMbFU3m41F5LoYHLjwKR8BjN8PNTgcia3Fs9PQGcdVAfRj3Z9HkvMHr8zhGTzcO4tmHYuE=
-------------------
-------------------
2018-03-21 18:17:52
lianlian:{"busi_partner":"109001","dt_order":"20180321181752","flag_modify":"1","id_type":"0","money_order":"0.1","name_goods":"\u7fbd\u6bdb\u7403","no_order":"20180321181123949115","notify_url":"http:\/\/www.lbjfsm.com\/shopp\/common_receive.php?p_c=llpc","oid_partner":"201710250001059760","risk_item":"{\"frms_ware_category\":4003,\"user_info_mercht_userno\":\"22222222\",\"user_info_dt_register\":\"20180321181752\",\"user_info_bind_phone\":\"17776357335\",\"delivery_addr_province\":\"340000\",\"delivery_addr_city\":\"341600\",\"delivery_phone\":\"17776357335\",\"logistics_mode\":\"3\",\"delivery_cycle\":\"24h\",\"goods_count\":1}","sign_type":"RSA","timestamp":"20180321181752","url_return":"http:\/\/www.lbjfsm.com","user_id":"5","valid_order":"10080","version":"1.0","sign":"FQTcwcartKAHpsUbtZiM1BCDRegeUs9wUTx63Cz73Mk8NeMU0pB9+Mu2iB\/IoT0prNUZaWSkxYHhQgFMVOVjc2DHkQ1pv4SakQ6WgiMbFU3m41F5LoYHLjwKR8BjN8PNTgcia3Fs9PQGcdVAfRj3Z9HkvMHr8zhGTzcO4tmHYuE="}
-------------------
-------------------
2018-03-21 18:32:42
签名:fNUgGJElWwaVEIpV+KLydcGwWPKm4lYAXLRyrud+DwIG87U1Fndm9PHeWMNZ7l32VhXlmOjcWFpsZS/lJ4QEE3Hxg234w2epxdVq6dWuMXnfjWXGGCPxaTX9MUL2wkxtrWgLKEBcDXjFDFNYx64HVu7zoQKF9GyyqFOU2yZfyVs=
-------------------
-------------------
2018-03-21 18:32:42
lianlian:{"bank_code":"123456","busi_partner":"109001","dt_order":"20180321183242","flag_modify":"1","id_type":"0","money_order":"0.1","name_goods":"\u7fbd\u6bdb\u7403","no_order":"20180321181123949115","notify_url":"http:\/\/www.lbjfsm.com\/shopp\/common_receive.php?p_c=llpc","oid_partner":"201710250001059760","pay_type":"1","risk_item":"{\"frms_ware_category\":4003,\"user_info_mercht_userno\":\"22222222\",\"user_info_dt_register\":\"20180321183242\",\"user_info_bind_phone\":\"17776357335\",\"delivery_addr_province\":\"340000\",\"delivery_addr_city\":\"341600\",\"delivery_phone\":\"17776357335\",\"logistics_mode\":\"3\",\"delivery_cycle\":\"24h\",\"goods_count\":1}","sign_type":"RSA","timestamp":"20180321183242","url_return":"http:\/\/www.lbjfsm.com","user_id":"5","valid_order":"10080","version":"1.0","sign":"fNUgGJElWwaVEIpV+KLydcGwWPKm4lYAXLRyrud+DwIG87U1Fndm9PHeWMNZ7l32VhXlmOjcWFpsZS\/lJ4QEE3Hxg234w2epxdVq6dWuMXnfjWXGGCPxaTX9MUL2wkxtrWgLKEBcDXjFDFNYx64HVu7zoQKF9GyyqFOU2yZfyVs="}
-------------------
-------------------
2018-03-21 20:53:49
llpc->"{\"bank_code\":\"01020000\",\"dt_order\":\"20180321204108\",\"money_order\":\"0.1\",\"no_order\":\"20180321204108842917\",\"oid_partner\":\"201710250001059760\",\"oid_paybill\":\"2018032163459808\",\"pay_type\":\"2\",\"result_pay\":\"SUCCESS\",\"settle_date\":\"20180321\",\"sign\":\"UUg8P840QoNfu3RIYqQnoULlfWTlv8DGujwe7gtWmefmRKxeR2+pyF2CfcMM7cW+9HKOQxTxCfL8oRgLarsemVXNhRlYQxNwmWGwXmoPCiPr8Ssj+xJVA4AvmioiiVevpqPXa13JUmGMb2SBxumijcptoYtoEzyL9XmvZcdsaAI=\",\"sign_type\":\"RSA\"}"
-------------------
-------------------
2018-03-21 20:53:49
ll->内部参数获取[]
-------------------
-------------------
2018-03-21 20:53:49
llpc->订单号:
-------------------
-------------------
2018-03-21 20:55:43
llpc->""
-------------------
-------------------
2018-03-21 20:55:43
ll->内部参数获取{"bank_code":"01020000","dt_order":"20180321204108","money_order":"0.1","no_order":"20180321204108842917","oid_partner":"201710250001059760","oid_paybill":"2018032163459808","pay_type":"2","result_pay":"SUCCESS","settle_date":"20180321","sign":"UUg8P840QoNfu3RIYqQnoULlfWTlv8DGujwe7gtWmefmRKxeR2+pyF2CfcMM7cW+9HKOQxTxCfL8oRgLarsemVXNhRlYQxNwmWGwXmoPCiPr8Ssj+xJVA4AvmioiiVevpqPXa13JUmGMb2SBxumijcptoYtoEzyL9XmvZcdsaAI=","sign_type":"RSA"}
-------------------
-------------------
2018-03-21 20:55:43
llpc->订单号:20180321204108842917
-------------------
-------------------
2018-03-21 20:56:54
llpc->""
-------------------
-------------------
2018-03-21 20:56:54
ll->内部参数获取{"bank_code":"01020000","dt_order":"20180321204108","money_order":"0.1","no_order":"20180321204108842917","oid_partner":"201710250001059760","oid_paybill":"2018032163459808","pay_type":"2","result_pay":"SUCCESS","settle_date":"20180321","sign":"UUg8P840QoNfu3RIYqQnoULlfWTlv8DGujwe7gtWmefmRKxeR2+pyF2CfcMM7cW+9HKOQxTxCfL8oRgLarsemVXNhRlYQxNwmWGwXmoPCiPr8Ssj+xJVA4AvmioiiVevpqPXa13JUmGMb2SBxumijcptoYtoEzyL9XmvZcdsaAI=","sign_type":"RSA"}
-------------------
-------------------
2018-03-21 20:56:54
llpc->订单号:20180321204108842917
-------------------
-------------------
2018-03-21 20:56:56
llpc->""
-------------------
-------------------
2018-03-21 20:56:56
ll->内部参数获取{"bank_code":"01020000","dt_order":"20180321204108","money_order":"0.1","no_order":"20180321204108842917","oid_partner":"201710250001059760","oid_paybill":"2018032163459808","pay_type":"2","result_pay":"SUCCESS","settle_date":"20180321","sign":"UUg8P840QoNfu3RIYqQnoULlfWTlv8DGujwe7gtWmefmRKxeR2+pyF2CfcMM7cW+9HKOQxTxCfL8oRgLarsemVXNhRlYQxNwmWGwXmoPCiPr8Ssj+xJVA4AvmioiiVevpqPXa13JUmGMb2SBxumijcptoYtoEzyL9XmvZcdsaAI=","sign_type":"RSA"}
-------------------
-------------------
2018-03-21 20:56:56
llpc->订单号:20180321204108842917
-------------------
-------------------
2018-03-21 20:57:26
llpc->""
-------------------
-------------------
2018-03-21 20:57:26
ll->内部参数获取{"bank_code":"01020000","dt_order":"20180321204108","money_order":"0.1","no_order":"20180321204108842917","oid_partner":"201710250001059760","oid_paybill":"2018032163459808","pay_type":"2","result_pay":"SUCCESS","settle_date":"20180321","sign":"UUg8P840QoNfu3RIYqQnoULlfWTlv8DGujwe7gtWmefmRKxeR2+pyF2CfcMM7cW+9HKOQxTxCfL8oRgLarsemVXNhRlYQxNwmWGwXmoPCiPr8Ssj+xJVA4AvmioiiVevpqPXa13JUmGMb2SBxumijcptoYtoEzyL9XmvZcdsaAI=","sign_type":"RSA"}
-------------------
-------------------
2018-03-21 20:57:26
llpc->订单号:20180321204108842917
-------------------
-------------------
2018-03-21 20:57:45
llpc->""
-------------------
-------------------
2018-03-21 20:57:45
ll->内部参数获取{"bank_code":"01020000","dt_order":"20180321204108","money_order":"0.1","no_order":"20180321204108842917","oid_partner":"201710250001059760","oid_paybill":"2018032163459808","pay_type":"2","result_pay":"SUCCESS","settle_date":"20180321","sign":"UUg8P840QoNfu3RIYqQnoULlfWTlv8DGujwe7gtWmefmRKxeR2+pyF2CfcMM7cW+9HKOQxTxCfL8oRgLarsemVXNhRlYQxNwmWGwXmoPCiPr8Ssj+xJVA4AvmioiiVevpqPXa13JUmGMb2SBxumijcptoYtoEzyL9XmvZcdsaAI=","sign_type":"RSA"}
-------------------
-------------------
2018-03-21 20:57:45
llpc->订单号:20180321204108842917
-------------------
-------------------
2018-03-21 20:57:56
llpc->""
-------------------
-------------------
2018-03-21 20:57:56
ll->内部参数获取{"bank_code":"01020000","dt_order":"20180321204108","money_order":"0.1","no_order":"20180321204108842917","oid_partner":"201710250001059760","oid_paybill":"2018032163459808","pay_type":"2","result_pay":"SUCCESS","settle_date":"20180321","sign":"UUg8P840QoNfu3RIYqQnoULlfWTlv8DGujwe7gtWmefmRKxeR2+pyF2CfcMM7cW+9HKOQxTxCfL8oRgLarsemVXNhRlYQxNwmWGwXmoPCiPr8Ssj+xJVA4AvmioiiVevpqPXa13JUmGMb2SBxumijcptoYtoEzyL9XmvZcdsaAI=","sign_type":"RSA"}
-------------------
-------------------
2018-03-21 20:57:56
llpc->订单号:20180321204108842917
-------------------
-------------------
2018-03-21 20:58:09
llpc->""
-------------------
-------------------
2018-03-21 20:58:09
ll->内部参数获取{"bank_code":"01020000","dt_order":"20180321204108","money_order":"0.1","no_order":"20180321204108842917","oid_partner":"201710250001059760","oid_paybill":"2018032163459808","pay_type":"2","result_pay":"SUCCESS","settle_date":"20180321","sign":"UUg8P840QoNfu3RIYqQnoULlfWTlv8DGujwe7gtWmefmRKxeR2+pyF2CfcMM7cW+9HKOQxTxCfL8oRgLarsemVXNhRlYQxNwmWGwXmoPCiPr8Ssj+xJVA4AvmioiiVevpqPXa13JUmGMb2SBxumijcptoYtoEzyL9XmvZcdsaAI=","sign_type":"RSA"}
-------------------
-------------------
2018-03-21 20:58:09
llpc->订单号:20180321204108842917
-------------------
-------------------
2018-03-21 21:00:36
llpc->""
-------------------
-------------------
2018-03-21 21:00:36
ll->内部参数获取{"bank_code":"01020000","dt_order":"20180321204108","money_order":"0.1","no_order":"20180321204108842917","oid_partner":"201710250001059760","oid_paybill":"2018032163459808","pay_type":"2","result_pay":"SUCCESS","settle_date":"20180321","sign":"UUg8P840QoNfu3RIYqQnoULlfWTlv8DGujwe7gtWmefmRKxeR2+pyF2CfcMM7cW+9HKOQxTxCfL8oRgLarsemVXNhRlYQxNwmWGwXmoPCiPr8Ssj+xJVA4AvmioiiVevpqPXa13JUmGMb2SBxumijcptoYtoEzyL9XmvZcdsaAI=","sign_type":"RSA"}
-------------------
-------------------
2018-03-21 21:00:36
llpc->订单号:20180321204108842917
-------------------
-------------------
2018-03-21 21:00:49
llpc->""
-------------------
-------------------
2018-03-21 21:00:49
ll->内部参数获取{"bank_code":"01020000","dt_order":"20180321204108","money_order":"0.1","no_order":"20180321204108842917","oid_partner":"201710250001059760","oid_paybill":"2018032163459808","pay_type":"2","result_pay":"SUCCESS","settle_date":"20180321","sign":"UUg8P840QoNfu3RIYqQnoULlfWTlv8DGujwe7gtWmefmRKxeR2+pyF2CfcMM7cW+9HKOQxTxCfL8oRgLarsemVXNhRlYQxNwmWGwXmoPCiPr8Ssj+xJVA4AvmioiiVevpqPXa13JUmGMb2SBxumijcptoYtoEzyL9XmvZcdsaAI=","sign_type":"RSA"}
-------------------
-------------------
2018-03-21 21:00:49
llpc->订单号:20180321204108842917
-------------------
-------------------
2018-03-21 21:01:48
llpc->""
-------------------
-------------------
2018-03-21 21:01:48
ll->内部参数获取{"bank_code":"01020000","dt_order":"20180321204108","money_order":"0.1","no_order":"20180321204108842917","oid_partner":"201710250001059760","oid_paybill":"2018032163459808","pay_type":"2","result_pay":"SUCCESS","settle_date":"20180321","sign":"UUg8P840QoNfu3RIYqQnoULlfWTlv8DGujwe7gtWmefmRKxeR2+pyF2CfcMM7cW+9HKOQxTxCfL8oRgLarsemVXNhRlYQxNwmWGwXmoPCiPr8Ssj+xJVA4AvmioiiVevpqPXa13JUmGMb2SBxumijcptoYtoEzyL9XmvZcdsaAI=","sign_type":"RSA"}
-------------------
-------------------
2018-03-21 21:01:48
llpc->订单号:20180321204108842917
-------------------
-------------------
2018-03-21 21:02:06
llpc->""
-------------------
-------------------
2018-03-21 21:02:06
ll->内部参数获取{"bank_code":"01020000","dt_order":"20180321204108","money_order":"0.1","no_order":"20180321204108842917","oid_partner":"201710250001059760","oid_paybill":"2018032163459808","pay_type":"2","result_pay":"SUCCESS","settle_date":"20180321","sign":"UUg8P840QoNfu3RIYqQnoULlfWTlv8DGujwe7gtWmefmRKxeR2+pyF2CfcMM7cW+9HKOQxTxCfL8oRgLarsemVXNhRlYQxNwmWGwXmoPCiPr8Ssj+xJVA4AvmioiiVevpqPXa13JUmGMb2SBxumijcptoYtoEzyL9XmvZcdsaAI=","sign_type":"RSA"}
-------------------
-------------------
2018-03-21 21:02:06
llpc->订单号:20180321204108842917
-------------------
-------------------
2018-03-21 21:02:28
llpc->""
-------------------
-------------------
2018-03-21 21:02:28
ll->内部参数获取{"bank_code":"01020000","dt_order":"20180321204108","money_order":"0.1","no_order":"20180321204108842917","oid_partner":"201710250001059760","oid_paybill":"2018032163459808","pay_type":"2","result_pay":"SUCCESS","settle_date":"20180321","sign":"UUg8P840QoNfu3RIYqQnoULlfWTlv8DGujwe7gtWmefmRKxeR2+pyF2CfcMM7cW+9HKOQxTxCfL8oRgLarsemVXNhRlYQxNwmWGwXmoPCiPr8Ssj+xJVA4AvmioiiVevpqPXa13JUmGMb2SBxumijcptoYtoEzyL9XmvZcdsaAI=","sign_type":"RSA"}
-------------------
-------------------
2018-03-21 21:02:28
llpc->订单号:20180321204108842917
-------------------
-------------------
2018-03-21 21:05:28
llpc->""
-------------------
-------------------
2018-03-21 21:05:28
ll->内部参数获取{"bank_code":"01020000","dt_order":"20180321204108","money_order":"0.1","no_order":"20180321204108842917","oid_partner":"201710250001059760","oid_paybill":"2018032163459808","pay_type":"2","result_pay":"SUCCESS","settle_date":"20180321","sign":"UUg8P840QoNfu3RIYqQnoULlfWTlv8DGujwe7gtWmefmRKxeR2+pyF2CfcMM7cW+9HKOQxTxCfL8oRgLarsemVXNhRlYQxNwmWGwXmoPCiPr8Ssj+xJVA4AvmioiiVevpqPXa13JUmGMb2SBxumijcptoYtoEzyL9XmvZcdsaAI=","sign_type":"RSA"}
-------------------
-------------------
2018-03-21 21:05:28
llpc->订单号:20180321204108842917
-------------------
-------------------
2018-03-21 21:05:54
llpc->""
-------------------
-------------------
2018-03-21 21:05:54
ll->内部参数获取{"bank_code":"01020000","dt_order":"20180321204108","money_order":"0.1","no_order":"20180321204108842917","oid_partner":"201710250001059760","oid_paybill":"2018032163459808","pay_type":"2","result_pay":"SUCCESS","settle_date":"20180321","sign":"UUg8P840QoNfu3RIYqQnoULlfWTlv8DGujwe7gtWmefmRKxeR2+pyF2CfcMM7cW+9HKOQxTxCfL8oRgLarsemVXNhRlYQxNwmWGwXmoPCiPr8Ssj+xJVA4AvmioiiVevpqPXa13JUmGMb2SBxumijcptoYtoEzyL9XmvZcdsaAI=","sign_type":"RSA"}
-------------------
-------------------
2018-03-21 21:05:54
llpc->订单号:20180321204108842917
-------------------
-------------------
2018-03-21 21:06:16
llpc->""
-------------------
-------------------
2018-03-21 21:06:16
ll->内部参数获取{"bank_code":"01020000","dt_order":"20180321204108","money_order":"0.1","no_order":"20180321204108842917","oid_partner":"201710250001059760","oid_paybill":"2018032163459808","pay_type":"2","result_pay":"SUCCESS","settle_date":"20180321","sign":"UUg8P840QoNfu3RIYqQnoULlfWTlv8DGujwe7gtWmefmRKxeR2+pyF2CfcMM7cW+9HKOQxTxCfL8oRgLarsemVXNhRlYQxNwmWGwXmoPCiPr8Ssj+xJVA4AvmioiiVevpqPXa13JUmGMb2SBxumijcptoYtoEzyL9XmvZcdsaAI=","sign_type":"RSA"}
-------------------
-------------------
2018-03-21 21:06:16
llpc->订单号:20180321204108842917
-------------------
-------------------
2018-03-21 21:06:18
llpc->""
-------------------
-------------------
2018-03-21 21:06:18
ll->内部参数获取{"bank_code":"01020000","dt_order":"20180321204108","money_order":"0.1","no_order":"20180321204108842917","oid_partner":"201710250001059760","oid_paybill":"2018032163459808","pay_type":"2","result_pay":"SUCCESS","settle_date":"20180321","sign":"UUg8P840QoNfu3RIYqQnoULlfWTlv8DGujwe7gtWmefmRKxeR2+pyF2CfcMM7cW+9HKOQxTxCfL8oRgLarsemVXNhRlYQxNwmWGwXmoPCiPr8Ssj+xJVA4AvmioiiVevpqPXa13JUmGMb2SBxumijcptoYtoEzyL9XmvZcdsaAI=","sign_type":"RSA"}
-------------------
-------------------
2018-03-21 21:06:18
llpc->订单号:20180321204108842917
-------------------
-------------------
2018-03-21 21:06:29
llpc->""
-------------------
-------------------
2018-03-21 21:06:29
ll->内部参数获取{"bank_code":"01020000","dt_order":"20180321204108","money_order":"0.1","no_order":"20180321204108842917","oid_partner":"201710250001059760","oid_paybill":"2018032163459808","pay_type":"2","result_pay":"SUCCESS","settle_date":"20180321","sign":"UUg8P840QoNfu3RIYqQnoULlfWTlv8DGujwe7gtWmefmRKxeR2+pyF2CfcMM7cW+9HKOQxTxCfL8oRgLarsemVXNhRlYQxNwmWGwXmoPCiPr8Ssj+xJVA4AvmioiiVevpqPXa13JUmGMb2SBxumijcptoYtoEzyL9XmvZcdsaAI=","sign_type":"RSA"}
-------------------
-------------------
2018-03-21 21:06:29
llpc->订单号:20180321204108842917
-------------------
-------------------
2018-03-21 21:07:40
llpc->""
-------------------
-------------------
2018-03-21 21:07:40
ll->内部参数获取{"bank_code":"01020000","dt_order":"20180321204108","money_order":"0.1","no_order":"20180321204108842917","oid_partner":"201710250001059760","oid_paybill":"2018032163459808","pay_type":"2","result_pay":"SUCCESS","settle_date":"20180321","sign":"UUg8P840QoNfu3RIYqQnoULlfWTlv8DGujwe7gtWmefmRKxeR2+pyF2CfcMM7cW+9HKOQxTxCfL8oRgLarsemVXNhRlYQxNwmWGwXmoPCiPr8Ssj+xJVA4AvmioiiVevpqPXa13JUmGMb2SBxumijcptoYtoEzyL9XmvZcdsaAI=","sign_type":"RSA"}
-------------------
-------------------
2018-03-21 21:07:40
llpc->订单号:20180321204108842917
-------------------
-------------------
2018-03-21 21:09:21
llpc->""
-------------------
-------------------
2018-03-21 21:09:21
ll->内部参数获取{"bank_code":"01020000","dt_order":"20180321204108","money_order":"0.1","no_order":"20180321204108842917","oid_partner":"201710250001059760","oid_paybill":"2018032163459808","pay_type":"2","result_pay":"SUCCESS","settle_date":"20180321","sign":"UUg8P840QoNfu3RIYqQnoULlfWTlv8DGujwe7gtWmefmRKxeR2+pyF2CfcMM7cW+9HKOQxTxCfL8oRgLarsemVXNhRlYQxNwmWGwXmoPCiPr8Ssj+xJVA4AvmioiiVevpqPXa13JUmGMb2SBxumijcptoYtoEzyL9XmvZcdsaAI=","sign_type":"RSA"}
-------------------
-------------------
2018-03-21 21:09:21
llpc->订单号:20180321204108842917
-------------------
-------------------
2018-03-21 21:09:21
llpc->""
-------------------
-------------------
2018-03-21 21:09:21
ll->内部参数获取{"bank_code":"01020000","dt_order":"20180321204108","money_order":"0.1","no_order":"20180321204108842917","oid_partner":"201710250001059760","oid_paybill":"2018032163459808","pay_type":"2","result_pay":"SUCCESS","settle_date":"20180321","sign":"UUg8P840QoNfu3RIYqQnoULlfWTlv8DGujwe7gtWmefmRKxeR2+pyF2CfcMM7cW+9HKOQxTxCfL8oRgLarsemVXNhRlYQxNwmWGwXmoPCiPr8Ssj+xJVA4AvmioiiVevpqPXa13JUmGMb2SBxumijcptoYtoEzyL9XmvZcdsaAI=","sign_type":"RSA"}
-------------------
-------------------
2018-03-21 21:09:21
llpc->订单号:20180321204108842917
-------------------
-------------------
2018-03-21 21:09:22
llpc->""
-------------------
-------------------
2018-03-21 21:09:22
ll->内部参数获取{"bank_code":"01020000","dt_order":"20180321204108","money_order":"0.1","no_order":"20180321204108842917","oid_partner":"201710250001059760","oid_paybill":"2018032163459808","pay_type":"2","result_pay":"SUCCESS","settle_date":"20180321","sign":"UUg8P840QoNfu3RIYqQnoULlfWTlv8DGujwe7gtWmefmRKxeR2+pyF2CfcMM7cW+9HKOQxTxCfL8oRgLarsemVXNhRlYQxNwmWGwXmoPCiPr8Ssj+xJVA4AvmioiiVevpqPXa13JUmGMb2SBxumijcptoYtoEzyL9XmvZcdsaAI=","sign_type":"RSA"}
-------------------
-------------------
2018-03-21 21:09:22
llpc->订单号:20180321204108842917
-------------------
-------------------
2018-03-21 21:09:22
llpc->""
-------------------
-------------------
2018-03-21 21:09:22
ll->内部参数获取{"bank_code":"01020000","dt_order":"20180321204108","money_order":"0.1","no_order":"20180321204108842917","oid_partner":"201710250001059760","oid_paybill":"2018032163459808","pay_type":"2","result_pay":"SUCCESS","settle_date":"20180321","sign":"UUg8P840QoNfu3RIYqQnoULlfWTlv8DGujwe7gtWmefmRKxeR2+pyF2CfcMM7cW+9HKOQxTxCfL8oRgLarsemVXNhRlYQxNwmWGwXmoPCiPr8Ssj+xJVA4AvmioiiVevpqPXa13JUmGMb2SBxumijcptoYtoEzyL9XmvZcdsaAI=","sign_type":"RSA"}
-------------------
-------------------
2018-03-21 21:09:22
llpc->订单号:20180321204108842917
-------------------
-------------------
2018-03-21 21:09:27
llpc->""
-------------------
-------------------
2018-03-21 21:09:27
ll->内部参数获取{"bank_code":"01020000","dt_order":"20180321204108","money_order":"0.1","no_order":"20180321204108842917","oid_partner":"201710250001059760","oid_paybill":"2018032163459808","pay_type":"2","result_pay":"SUCCESS","settle_date":"20180321","sign":"UUg8P840QoNfu3RIYqQnoULlfWTlv8DGujwe7gtWmefmRKxeR2+pyF2CfcMM7cW+9HKOQxTxCfL8oRgLarsemVXNhRlYQxNwmWGwXmoPCiPr8Ssj+xJVA4AvmioiiVevpqPXa13JUmGMb2SBxumijcptoYtoEzyL9XmvZcdsaAI=","sign_type":"RSA"}
-------------------
-------------------
2018-03-21 21:09:27
llpc->订单号:20180321204108842917
-------------------
-------------------
2018-03-21 21:13:22
llpc->""
-------------------
-------------------
2018-03-21 21:13:22
ll->内部参数获取{"bank_code":"01020000","dt_order":"20180321204108","money_order":"0.1","no_order":"20180321204108842917","oid_partner":"201710250001059760","oid_paybill":"2018032163459808","pay_type":"2","result_pay":"SUCCESS","settle_date":"20180321","sign":"UUg8P840QoNfu3RIYqQnoULlfWTlv8DGujwe7gtWmefmRKxeR2+pyF2CfcMM7cW+9HKOQxTxCfL8oRgLarsemVXNhRlYQxNwmWGwXmoPCiPr8Ssj+xJVA4AvmioiiVevpqPXa13JUmGMb2SBxumijcptoYtoEzyL9XmvZcdsaAI=","sign_type":"RSA"}
-------------------
-------------------
2018-03-21 21:13:22
llpc->订单号:20180321204108842917
-------------------
-------------------
2018-03-21 21:13:24
llpc->""
-------------------
-------------------
2018-03-21 21:13:24
ll->内部参数获取{"bank_code":"01020000","dt_order":"20180321204108","money_order":"0.1","no_order":"20180321204108842917","oid_partner":"201710250001059760","oid_paybill":"2018032163459808","pay_type":"2","result_pay":"SUCCESS","settle_date":"20180321","sign":"UUg8P840QoNfu3RIYqQnoULlfWTlv8DGujwe7gtWmefmRKxeR2+pyF2CfcMM7cW+9HKOQxTxCfL8oRgLarsemVXNhRlYQxNwmWGwXmoPCiPr8Ssj+xJVA4AvmioiiVevpqPXa13JUmGMb2SBxumijcptoYtoEzyL9XmvZcdsaAI=","sign_type":"RSA"}
-------------------
-------------------
2018-03-21 21:13:24
llpc->订单号:20180321204108842917
-------------------
-------------------
2018-03-21 21:13:24
llpc->""
-------------------
-------------------
2018-03-21 21:13:24
ll->内部参数获取{"bank_code":"01020000","dt_order":"20180321204108","money_order":"0.1","no_order":"20180321204108842917","oid_partner":"201710250001059760","oid_paybill":"2018032163459808","pay_type":"2","result_pay":"SUCCESS","settle_date":"20180321","sign":"UUg8P840QoNfu3RIYqQnoULlfWTlv8DGujwe7gtWmefmRKxeR2+pyF2CfcMM7cW+9HKOQxTxCfL8oRgLarsemVXNhRlYQxNwmWGwXmoPCiPr8Ssj+xJVA4AvmioiiVevpqPXa13JUmGMb2SBxumijcptoYtoEzyL9XmvZcdsaAI=","sign_type":"RSA"}
-------------------
-------------------
2018-03-21 21:13:24
llpc->订单号:20180321204108842917
-------------------
-------------------
2018-03-21 21:13:24
llpc->""
-------------------
-------------------
2018-03-21 21:13:24
ll->内部参数获取{"bank_code":"01020000","dt_order":"20180321204108","money_order":"0.1","no_order":"20180321204108842917","oid_partner":"201710250001059760","oid_paybill":"2018032163459808","pay_type":"2","result_pay":"SUCCESS","settle_date":"20180321","sign":"UUg8P840QoNfu3RIYqQnoULlfWTlv8DGujwe7gtWmefmRKxeR2+pyF2CfcMM7cW+9HKOQxTxCfL8oRgLarsemVXNhRlYQxNwmWGwXmoPCiPr8Ssj+xJVA4AvmioiiVevpqPXa13JUmGMb2SBxumijcptoYtoEzyL9XmvZcdsaAI=","sign_type":"RSA"}
-------------------
-------------------
2018-03-21 21:13:24
llpc->订单号:20180321204108842917
-------------------
-------------------
2018-03-21 21:13:24
llpc->""
-------------------
-------------------
2018-03-21 21:13:24
ll->内部参数获取{"bank_code":"01020000","dt_order":"20180321204108","money_order":"0.1","no_order":"20180321204108842917","oid_partner":"201710250001059760","oid_paybill":"2018032163459808","pay_type":"2","result_pay":"SUCCESS","settle_date":"20180321","sign":"UUg8P840QoNfu3RIYqQnoULlfWTlv8DGujwe7gtWmefmRKxeR2+pyF2CfcMM7cW+9HKOQxTxCfL8oRgLarsemVXNhRlYQxNwmWGwXmoPCiPr8Ssj+xJVA4AvmioiiVevpqPXa13JUmGMb2SBxumijcptoYtoEzyL9XmvZcdsaAI=","sign_type":"RSA"}
-------------------
-------------------
2018-03-21 21:13:24
llpc->订单号:20180321204108842917
-------------------
-------------------
2018-03-21 21:13:25
llpc->""
-------------------
-------------------
2018-03-21 21:13:25
ll->内部参数获取{"bank_code":"01020000","dt_order":"20180321204108","money_order":"0.1","no_order":"20180321204108842917","oid_partner":"201710250001059760","oid_paybill":"2018032163459808","pay_type":"2","result_pay":"SUCCESS","settle_date":"20180321","sign":"UUg8P840QoNfu3RIYqQnoULlfWTlv8DGujwe7gtWmefmRKxeR2+pyF2CfcMM7cW+9HKOQxTxCfL8oRgLarsemVXNhRlYQxNwmWGwXmoPCiPr8Ssj+xJVA4AvmioiiVevpqPXa13JUmGMb2SBxumijcptoYtoEzyL9XmvZcdsaAI=","sign_type":"RSA"}
-------------------
-------------------
2018-03-21 21:13:25
llpc->订单号:20180321204108842917
-------------------
-------------------
2018-03-21 21:13:53
llpc->""
-------------------
-------------------
2018-03-21 21:13:53
ll->内部参数获取{"bank_code":"01020000","dt_order":"20180321204108","money_order":"0.1","no_order":"20180321204108842917","oid_partner":"201710250001059760","oid_paybill":"2018032163459808","pay_type":"2","result_pay":"SUCCESS","settle_date":"20180321","sign":"UUg8P840QoNfu3RIYqQnoULlfWTlv8DGujwe7gtWmefmRKxeR2+pyF2CfcMM7cW+9HKOQxTxCfL8oRgLarsemVXNhRlYQxNwmWGwXmoPCiPr8Ssj+xJVA4AvmioiiVevpqPXa13JUmGMb2SBxumijcptoYtoEzyL9XmvZcdsaAI=","sign_type":"RSA"}
-------------------
-------------------
2018-03-21 21:13:53
llpc->订单号:20180321204108842917
-------------------
-------------------
2018-03-21 21:15:41
llpc->""
-------------------
-------------------
2018-03-21 21:15:41
ll->内部参数获取{"bank_code":"01020000","dt_order":"20180321204108","money_order":"0.1","no_order":"20180321204108842917","oid_partner":"201710250001059760","oid_paybill":"2018032163459808","pay_type":"2","result_pay":"SUCCESS","settle_date":"20180321","sign":"UUg8P840QoNfu3RIYqQnoULlfWTlv8DGujwe7gtWmefmRKxeR2+pyF2CfcMM7cW+9HKOQxTxCfL8oRgLarsemVXNhRlYQxNwmWGwXmoPCiPr8Ssj+xJVA4AvmioiiVevpqPXa13JUmGMb2SBxumijcptoYtoEzyL9XmvZcdsaAI=","sign_type":"RSA"}
-------------------
-------------------
2018-03-21 21:15:41
llpc->订单号:20180321204108842917
-------------------
-------------------
2018-03-21 21:16:25
llpc->""
-------------------
-------------------
2018-03-21 21:16:25
ll->内部参数获取{"bank_code":"01020000","dt_order":"20180321204108","money_order":"0.1","no_order":"20180321204108842917","oid_partner":"201710250001059760","oid_paybill":"2018032163459808","pay_type":"2","result_pay":"SUCCESS","settle_date":"20180321","sign":"UUg8P840QoNfu3RIYqQnoULlfWTlv8DGujwe7gtWmefmRKxeR2+pyF2CfcMM7cW+9HKOQxTxCfL8oRgLarsemVXNhRlYQxNwmWGwXmoPCiPr8Ssj+xJVA4AvmioiiVevpqPXa13JUmGMb2SBxumijcptoYtoEzyL9XmvZcdsaAI=","sign_type":"RSA"}
-------------------
-------------------
2018-03-21 21:16:25
llpc->订单号:20180321204108842917
-------------------
-------------------
2018-03-21 21:16:26
llpc->""
-------------------
-------------------
2018-03-21 21:16:26
ll->内部参数获取{"bank_code":"01020000","dt_order":"20180321204108","money_order":"0.1","no_order":"20180321204108842917","oid_partner":"201710250001059760","oid_paybill":"2018032163459808","pay_type":"2","result_pay":"SUCCESS","settle_date":"20180321","sign":"UUg8P840QoNfu3RIYqQnoULlfWTlv8DGujwe7gtWmefmRKxeR2+pyF2CfcMM7cW+9HKOQxTxCfL8oRgLarsemVXNhRlYQxNwmWGwXmoPCiPr8Ssj+xJVA4AvmioiiVevpqPXa13JUmGMb2SBxumijcptoYtoEzyL9XmvZcdsaAI=","sign_type":"RSA"}
-------------------
-------------------
2018-03-21 21:16:26
llpc->订单号:20180321204108842917
-------------------
-------------------
2018-03-21 21:16:26
llpc->""
-------------------
-------------------
2018-03-21 21:16:26
ll->内部参数获取{"bank_code":"01020000","dt_order":"20180321204108","money_order":"0.1","no_order":"20180321204108842917","oid_partner":"201710250001059760","oid_paybill":"2018032163459808","pay_type":"2","result_pay":"SUCCESS","settle_date":"20180321","sign":"UUg8P840QoNfu3RIYqQnoULlfWTlv8DGujwe7gtWmefmRKxeR2+pyF2CfcMM7cW+9HKOQxTxCfL8oRgLarsemVXNhRlYQxNwmWGwXmoPCiPr8Ssj+xJVA4AvmioiiVevpqPXa13JUmGMb2SBxumijcptoYtoEzyL9XmvZcdsaAI=","sign_type":"RSA"}
-------------------
-------------------
2018-03-21 21:16:26
llpc->订单号:20180321204108842917
-------------------
-------------------
2018-03-21 21:16:26
llpc->""
-------------------
-------------------
2018-03-21 21:16:26
ll->内部参数获取{"bank_code":"01020000","dt_order":"20180321204108","money_order":"0.1","no_order":"20180321204108842917","oid_partner":"201710250001059760","oid_paybill":"2018032163459808","pay_type":"2","result_pay":"SUCCESS","settle_date":"20180321","sign":"UUg8P840QoNfu3RIYqQnoULlfWTlv8DGujwe7gtWmefmRKxeR2+pyF2CfcMM7cW+9HKOQxTxCfL8oRgLarsemVXNhRlYQxNwmWGwXmoPCiPr8Ssj+xJVA4AvmioiiVevpqPXa13JUmGMb2SBxumijcptoYtoEzyL9XmvZcdsaAI=","sign_type":"RSA"}
-------------------
-------------------
2018-03-21 21:16:26
llpc->订单号:20180321204108842917
-------------------
-------------------
2018-03-21 21:16:43
llpc->""
-------------------
-------------------
2018-03-21 21:16:43
ll->内部参数获取{"bank_code":"01020000","dt_order":"20180321204108","money_order":"0.1","no_order":"20180321204108842917","oid_partner":"201710250001059760","oid_paybill":"2018032163459808","pay_type":"2","result_pay":"SUCCESS","settle_date":"20180321","sign":"UUg8P840QoNfu3RIYqQnoULlfWTlv8DGujwe7gtWmefmRKxeR2+pyF2CfcMM7cW+9HKOQxTxCfL8oRgLarsemVXNhRlYQxNwmWGwXmoPCiPr8Ssj+xJVA4AvmioiiVevpqPXa13JUmGMb2SBxumijcptoYtoEzyL9XmvZcdsaAI=","sign_type":"RSA"}
-------------------
-------------------
2018-03-21 21:16:43
llpc->订单号:20180321204108842917
-------------------
-------------------
2018-03-21 21:16:57
llpc->""
-------------------
-------------------
2018-03-21 21:16:57
ll->内部参数获取{"bank_code":"01020000","dt_order":"20180321204108","money_order":"0.1","no_order":"20180321204108842917","oid_partner":"201710250001059760","oid_paybill":"2018032163459808","pay_type":"2","result_pay":"SUCCESS","settle_date":"20180321","sign":"UUg8P840QoNfu3RIYqQnoULlfWTlv8DGujwe7gtWmefmRKxeR2+pyF2CfcMM7cW+9HKOQxTxCfL8oRgLarsemVXNhRlYQxNwmWGwXmoPCiPr8Ssj+xJVA4AvmioiiVevpqPXa13JUmGMb2SBxumijcptoYtoEzyL9XmvZcdsaAI=","sign_type":"RSA"}
-------------------
-------------------
2018-03-21 21:16:57
llpc->订单号:20180321204108842917
-------------------
-------------------
2018-03-21 21:17:16
llpc->""
-------------------
-------------------
2018-03-21 21:17:16
ll->内部参数获取{"bank_code":"01020000","dt_order":"20180321204108","money_order":"0.1","no_order":"20180321204108842917","oid_partner":"201710250001059760","oid_paybill":"2018032163459808","pay_type":"2","result_pay":"SUCCESS","settle_date":"20180321","sign":"UUg8P840QoNfu3RIYqQnoULlfWTlv8DGujwe7gtWmefmRKxeR2+pyF2CfcMM7cW+9HKOQxTxCfL8oRgLarsemVXNhRlYQxNwmWGwXmoPCiPr8Ssj+xJVA4AvmioiiVevpqPXa13JUmGMb2SBxumijcptoYtoEzyL9XmvZcdsaAI=","sign_type":"RSA"}
-------------------
-------------------
2018-03-21 21:17:16
llpc->订单号:20180321204108842917
-------------------
-------------------
2018-03-21 21:22:35
llpc->""
-------------------
-------------------
2018-03-21 21:22:35
ll->内部参数获取{"bank_code":"01020000","dt_order":"20180321204108","money_order":"0.1","no_order":"20180321204108842917","oid_partner":"201710250001059760","oid_paybill":"2018032163459808","pay_type":"2","result_pay":"SUCCESS","settle_date":"20180321","sign":"UUg8P840QoNfu3RIYqQnoULlfWTlv8DGujwe7gtWmefmRKxeR2+pyF2CfcMM7cW+9HKOQxTxCfL8oRgLarsemVXNhRlYQxNwmWGwXmoPCiPr8Ssj+xJVA4AvmioiiVevpqPXa13JUmGMb2SBxumijcptoYtoEzyL9XmvZcdsaAI=","sign_type":"RSA"}
-------------------
-------------------
2018-03-21 21:22:35
llpc->订单号:20180321204108842917
-------------------
-------------------
2018-03-21 21:23:05
llpc->""
-------------------
-------------------
2018-03-21 21:23:05
ll->内部参数获取{"bank_code":"01020000","dt_order":"20180321204108","money_order":"0.1","no_order":"20180321204108842917","oid_partner":"201710250001059760","oid_paybill":"2018032163459808","pay_type":"2","result_pay":"SUCCESS","settle_date":"20180321","sign":"UUg8P840QoNfu3RIYqQnoULlfWTlv8DGujwe7gtWmefmRKxeR2+pyF2CfcMM7cW+9HKOQxTxCfL8oRgLarsemVXNhRlYQxNwmWGwXmoPCiPr8Ssj+xJVA4AvmioiiVevpqPXa13JUmGMb2SBxumijcptoYtoEzyL9XmvZcdsaAI=","sign_type":"RSA"}
-------------------
-------------------
2018-03-21 21:23:05
llpc->订单号:20180321204108842917
-------------------
-------------------
2018-03-21 21:27:26
llpc->""
-------------------
-------------------
2018-03-21 21:27:26
ll->内部参数获取{"bank_code":"01020000","dt_order":"20180321204108","money_order":"0.1","no_order":"20180321204108842917","oid_partner":"201710250001059760","oid_paybill":"2018032163459808","pay_type":"2","result_pay":"SUCCESS","settle_date":"20180321","sign":"UUg8P840QoNfu3RIYqQnoULlfWTlv8DGujwe7gtWmefmRKxeR2+pyF2CfcMM7cW+9HKOQxTxCfL8oRgLarsemVXNhRlYQxNwmWGwXmoPCiPr8Ssj+xJVA4AvmioiiVevpqPXa13JUmGMb2SBxumijcptoYtoEzyL9XmvZcdsaAI=","sign_type":"RSA"}
-------------------
-------------------
2018-03-21 21:27:26
llpc->订单号:20180321204108842917
-------------------
-------------------
2018-03-21 21:27:26
llpc->""
-------------------
-------------------
2018-03-21 21:27:26
ll->内部参数获取{"bank_code":"01020000","dt_order":"20180321204108","money_order":"0.1","no_order":"20180321204108842917","oid_partner":"201710250001059760","oid_paybill":"2018032163459808","pay_type":"2","result_pay":"SUCCESS","settle_date":"20180321","sign":"UUg8P840QoNfu3RIYqQnoULlfWTlv8DGujwe7gtWmefmRKxeR2+pyF2CfcMM7cW+9HKOQxTxCfL8oRgLarsemVXNhRlYQxNwmWGwXmoPCiPr8Ssj+xJVA4AvmioiiVevpqPXa13JUmGMb2SBxumijcptoYtoEzyL9XmvZcdsaAI=","sign_type":"RSA"}
-------------------
-------------------
2018-03-21 21:27:26
llpc->订单号:20180321204108842917
-------------------
-------------------
2018-03-21 21:27:27
llpc->""
-------------------
-------------------
2018-03-21 21:27:27
ll->内部参数获取{"bank_code":"01020000","dt_order":"20180321204108","money_order":"0.1","no_order":"20180321204108842917","oid_partner":"201710250001059760","oid_paybill":"2018032163459808","pay_type":"2","result_pay":"SUCCESS","settle_date":"20180321","sign":"UUg8P840QoNfu3RIYqQnoULlfWTlv8DGujwe7gtWmefmRKxeR2+pyF2CfcMM7cW+9HKOQxTxCfL8oRgLarsemVXNhRlYQxNwmWGwXmoPCiPr8Ssj+xJVA4AvmioiiVevpqPXa13JUmGMb2SBxumijcptoYtoEzyL9XmvZcdsaAI=","sign_type":"RSA"}
-------------------
-------------------
2018-03-21 21:27:27
llpc->订单号:20180321204108842917
-------------------
-------------------
2018-03-21 21:27:27
llpc->""
-------------------
-------------------
2018-03-21 21:27:27
ll->内部参数获取{"bank_code":"01020000","dt_order":"20180321204108","money_order":"0.1","no_order":"20180321204108842917","oid_partner":"201710250001059760","oid_paybill":"2018032163459808","pay_type":"2","result_pay":"SUCCESS","settle_date":"20180321","sign":"UUg8P840QoNfu3RIYqQnoULlfWTlv8DGujwe7gtWmefmRKxeR2+pyF2CfcMM7cW+9HKOQxTxCfL8oRgLarsemVXNhRlYQxNwmWGwXmoPCiPr8Ssj+xJVA4AvmioiiVevpqPXa13JUmGMb2SBxumijcptoYtoEzyL9XmvZcdsaAI=","sign_type":"RSA"}
-------------------
-------------------
2018-03-21 21:27:27
llpc->订单号:20180321204108842917
-------------------
-------------------
2018-03-21 21:27:27
llpc->""
-------------------
-------------------
2018-03-21 21:27:27
ll->内部参数获取{"bank_code":"01020000","dt_order":"20180321204108","money_order":"0.1","no_order":"20180321204108842917","oid_partner":"201710250001059760","oid_paybill":"2018032163459808","pay_type":"2","result_pay":"SUCCESS","settle_date":"20180321","sign":"UUg8P840QoNfu3RIYqQnoULlfWTlv8DGujwe7gtWmefmRKxeR2+pyF2CfcMM7cW+9HKOQxTxCfL8oRgLarsemVXNhRlYQxNwmWGwXmoPCiPr8Ssj+xJVA4AvmioiiVevpqPXa13JUmGMb2SBxumijcptoYtoEzyL9XmvZcdsaAI=","sign_type":"RSA"}
-------------------
-------------------
2018-03-21 21:27:27
llpc->订单号:20180321204108842917
-------------------
-------------------
2018-03-21 21:27:28
llpc->""
-------------------
-------------------
2018-03-21 21:27:28
ll->内部参数获取{"bank_code":"01020000","dt_order":"20180321204108","money_order":"0.1","no_order":"20180321204108842917","oid_partner":"201710250001059760","oid_paybill":"2018032163459808","pay_type":"2","result_pay":"SUCCESS","settle_date":"20180321","sign":"UUg8P840QoNfu3RIYqQnoULlfWTlv8DGujwe7gtWmefmRKxeR2+pyF2CfcMM7cW+9HKOQxTxCfL8oRgLarsemVXNhRlYQxNwmWGwXmoPCiPr8Ssj+xJVA4AvmioiiVevpqPXa13JUmGMb2SBxumijcptoYtoEzyL9XmvZcdsaAI=","sign_type":"RSA"}
-------------------
-------------------
2018-03-21 21:27:28
llpc->订单号:20180321204108842917
-------------------
-------------------
2018-03-21 21:27:28
llpc->""
-------------------
-------------------
2018-03-21 21:27:28
ll->内部参数获取{"bank_code":"01020000","dt_order":"20180321204108","money_order":"0.1","no_order":"20180321204108842917","oid_partner":"201710250001059760","oid_paybill":"2018032163459808","pay_type":"2","result_pay":"SUCCESS","settle_date":"20180321","sign":"UUg8P840QoNfu3RIYqQnoULlfWTlv8DGujwe7gtWmefmRKxeR2+pyF2CfcMM7cW+9HKOQxTxCfL8oRgLarsemVXNhRlYQxNwmWGwXmoPCiPr8Ssj+xJVA4AvmioiiVevpqPXa13JUmGMb2SBxumijcptoYtoEzyL9XmvZcdsaAI=","sign_type":"RSA"}
-------------------
-------------------
2018-03-21 21:27:28
llpc->订单号:20180321204108842917
-------------------
-------------------
2018-03-21 21:27:28
llpc->""
-------------------
-------------------
2018-03-21 21:27:28
ll->内部参数获取{"bank_code":"01020000","dt_order":"20180321204108","money_order":"0.1","no_order":"20180321204108842917","oid_partner":"201710250001059760","oid_paybill":"2018032163459808","pay_type":"2","result_pay":"SUCCESS","settle_date":"20180321","sign":"UUg8P840QoNfu3RIYqQnoULlfWTlv8DGujwe7gtWmefmRKxeR2+pyF2CfcMM7cW+9HKOQxTxCfL8oRgLarsemVXNhRlYQxNwmWGwXmoPCiPr8Ssj+xJVA4AvmioiiVevpqPXa13JUmGMb2SBxumijcptoYtoEzyL9XmvZcdsaAI=","sign_type":"RSA"}
-------------------
-------------------
2018-03-21 21:27:28
llpc->订单号:20180321204108842917
-------------------
-------------------
2018-03-21 21:27:28
llpc->""
-------------------
-------------------
2018-03-21 21:27:28
ll->内部参数获取{"bank_code":"01020000","dt_order":"20180321204108","money_order":"0.1","no_order":"20180321204108842917","oid_partner":"201710250001059760","oid_paybill":"2018032163459808","pay_type":"2","result_pay":"SUCCESS","settle_date":"20180321","sign":"UUg8P840QoNfu3RIYqQnoULlfWTlv8DGujwe7gtWmefmRKxeR2+pyF2CfcMM7cW+9HKOQxTxCfL8oRgLarsemVXNhRlYQxNwmWGwXmoPCiPr8Ssj+xJVA4AvmioiiVevpqPXa13JUmGMb2SBxumijcptoYtoEzyL9XmvZcdsaAI=","sign_type":"RSA"}
-------------------
-------------------
2018-03-21 21:27:28
llpc->订单号:20180321204108842917
-------------------
-------------------
2018-03-21 21:27:29
llpc->""
-------------------
-------------------
2018-03-21 21:27:29
ll->内部参数获取{"bank_code":"01020000","dt_order":"20180321204108","money_order":"0.1","no_order":"20180321204108842917","oid_partner":"201710250001059760","oid_paybill":"2018032163459808","pay_type":"2","result_pay":"SUCCESS","settle_date":"20180321","sign":"UUg8P840QoNfu3RIYqQnoULlfWTlv8DGujwe7gtWmefmRKxeR2+pyF2CfcMM7cW+9HKOQxTxCfL8oRgLarsemVXNhRlYQxNwmWGwXmoPCiPr8Ssj+xJVA4AvmioiiVevpqPXa13JUmGMb2SBxumijcptoYtoEzyL9XmvZcdsaAI=","sign_type":"RSA"}
-------------------
-------------------
2018-03-21 21:27:29
llpc->订单号:20180321204108842917
-------------------
-------------------
2018-03-21 21:27:29
llpc->""
-------------------
-------------------
2018-03-21 21:27:29
ll->内部参数获取{"bank_code":"01020000","dt_order":"20180321204108","money_order":"0.1","no_order":"20180321204108842917","oid_partner":"201710250001059760","oid_paybill":"2018032163459808","pay_type":"2","result_pay":"SUCCESS","settle_date":"20180321","sign":"UUg8P840QoNfu3RIYqQnoULlfWTlv8DGujwe7gtWmefmRKxeR2+pyF2CfcMM7cW+9HKOQxTxCfL8oRgLarsemVXNhRlYQxNwmWGwXmoPCiPr8Ssj+xJVA4AvmioiiVevpqPXa13JUmGMb2SBxumijcptoYtoEzyL9XmvZcdsaAI=","sign_type":"RSA"}
-------------------
-------------------
2018-03-21 21:27:29
llpc->订单号:20180321204108842917
-------------------
-------------------
2018-03-21 21:27:29
llpc->""
-------------------
-------------------
2018-03-21 21:27:29
ll->内部参数获取{"bank_code":"01020000","dt_order":"20180321204108","money_order":"0.1","no_order":"20180321204108842917","oid_partner":"201710250001059760","oid_paybill":"2018032163459808","pay_type":"2","result_pay":"SUCCESS","settle_date":"20180321","sign":"UUg8P840QoNfu3RIYqQnoULlfWTlv8DGujwe7gtWmefmRKxeR2+pyF2CfcMM7cW+9HKOQxTxCfL8oRgLarsemVXNhRlYQxNwmWGwXmoPCiPr8Ssj+xJVA4AvmioiiVevpqPXa13JUmGMb2SBxumijcptoYtoEzyL9XmvZcdsaAI=","sign_type":"RSA"}
-------------------
-------------------
2018-03-21 21:27:29
llpc->订单号:20180321204108842917
-------------------
-------------------
2018-03-21 21:27:49
llpc->""
-------------------
-------------------
2018-03-21 21:27:49
ll->内部参数获取{"bank_code":"01020000","dt_order":"20180321204108","money_order":"0.1","no_order":"20180321204108842917","oid_partner":"201710250001059760","oid_paybill":"2018032163459808","pay_type":"2","result_pay":"SUCCESS","settle_date":"20180321","sign":"UUg8P840QoNfu3RIYqQnoULlfWTlv8DGujwe7gtWmefmRKxeR2+pyF2CfcMM7cW+9HKOQxTxCfL8oRgLarsemVXNhRlYQxNwmWGwXmoPCiPr8Ssj+xJVA4AvmioiiVevpqPXa13JUmGMb2SBxumijcptoYtoEzyL9XmvZcdsaAI=","sign_type":"RSA"}
-------------------
-------------------
2018-03-21 21:27:49
llpc->订单号:20180321204108842917
-------------------
-------------------
2018-03-21 21:27:49
llpc->""
-------------------
-------------------
2018-03-21 21:27:49
ll->内部参数获取{"bank_code":"01020000","dt_order":"20180321204108","money_order":"0.1","no_order":"20180321204108842917","oid_partner":"201710250001059760","oid_paybill":"2018032163459808","pay_type":"2","result_pay":"SUCCESS","settle_date":"20180321","sign":"UUg8P840QoNfu3RIYqQnoULlfWTlv8DGujwe7gtWmefmRKxeR2+pyF2CfcMM7cW+9HKOQxTxCfL8oRgLarsemVXNhRlYQxNwmWGwXmoPCiPr8Ssj+xJVA4AvmioiiVevpqPXa13JUmGMb2SBxumijcptoYtoEzyL9XmvZcdsaAI=","sign_type":"RSA"}
-------------------
-------------------
2018-03-21 21:27:50
llpc->订单号:20180321204108842917
-------------------
-------------------
2018-03-21 21:27:50
llpc->""
-------------------
-------------------
2018-03-21 21:27:50
ll->内部参数获取{"bank_code":"01020000","dt_order":"20180321204108","money_order":"0.1","no_order":"20180321204108842917","oid_partner":"201710250001059760","oid_paybill":"2018032163459808","pay_type":"2","result_pay":"SUCCESS","settle_date":"20180321","sign":"UUg8P840QoNfu3RIYqQnoULlfWTlv8DGujwe7gtWmefmRKxeR2+pyF2CfcMM7cW+9HKOQxTxCfL8oRgLarsemVXNhRlYQxNwmWGwXmoPCiPr8Ssj+xJVA4AvmioiiVevpqPXa13JUmGMb2SBxumijcptoYtoEzyL9XmvZcdsaAI=","sign_type":"RSA"}
-------------------
-------------------
2018-03-21 21:27:50
llpc->订单号:20180321204108842917
-------------------
-------------------
2018-03-21 21:27:58
llpc->""
-------------------
-------------------
2018-03-21 21:27:58
ll->内部参数获取{"bank_code":"01020000","dt_order":"20180321204108","money_order":"0.1","no_order":"20180321204108842917","oid_partner":"201710250001059760","oid_paybill":"2018032163459808","pay_type":"2","result_pay":"SUCCESS","settle_date":"20180321","sign":"UUg8P840QoNfu3RIYqQnoULlfWTlv8DGujwe7gtWmefmRKxeR2+pyF2CfcMM7cW+9HKOQxTxCfL8oRgLarsemVXNhRlYQxNwmWGwXmoPCiPr8Ssj+xJVA4AvmioiiVevpqPXa13JUmGMb2SBxumijcptoYtoEzyL9XmvZcdsaAI=","sign_type":"RSA"}
-------------------
-------------------
2018-03-21 21:27:58
llpc->订单号:20180321204108842917
-------------------
-------------------
2018-03-21 21:27:58
llpc->""
-------------------
-------------------
2018-03-21 21:27:58
ll->内部参数获取{"bank_code":"01020000","dt_order":"20180321204108","money_order":"0.1","no_order":"20180321204108842917","oid_partner":"201710250001059760","oid_paybill":"2018032163459808","pay_type":"2","result_pay":"SUCCESS","settle_date":"20180321","sign":"UUg8P840QoNfu3RIYqQnoULlfWTlv8DGujwe7gtWmefmRKxeR2+pyF2CfcMM7cW+9HKOQxTxCfL8oRgLarsemVXNhRlYQxNwmWGwXmoPCiPr8Ssj+xJVA4AvmioiiVevpqPXa13JUmGMb2SBxumijcptoYtoEzyL9XmvZcdsaAI=","sign_type":"RSA"}
-------------------
-------------------
2018-03-21 21:27:58
llpc->订单号:20180321204108842917
-------------------
-------------------
2018-03-21 21:28:32
llpc->""
-------------------
-------------------
2018-03-21 21:28:32
ll->内部参数获取{"bank_code":"01020000","dt_order":"20180321204108","money_order":"0.1","no_order":"20180321204108842917","oid_partner":"201710250001059760","oid_paybill":"2018032163459808","pay_type":"2","result_pay":"SUCCESS","settle_date":"20180321","sign":"UUg8P840QoNfu3RIYqQnoULlfWTlv8DGujwe7gtWmefmRKxeR2+pyF2CfcMM7cW+9HKOQxTxCfL8oRgLarsemVXNhRlYQxNwmWGwXmoPCiPr8Ssj+xJVA4AvmioiiVevpqPXa13JUmGMb2SBxumijcptoYtoEzyL9XmvZcdsaAI=","sign_type":"RSA"}
-------------------
-------------------
2018-03-21 21:28:32
llpc->订单号:20180321204108842917
-------------------
-------------------
2018-03-21 21:28:32
llpc->""
-------------------
-------------------
2018-03-21 21:28:32
ll->内部参数获取{"bank_code":"01020000","dt_order":"20180321204108","money_order":"0.1","no_order":"20180321204108842917","oid_partner":"201710250001059760","oid_paybill":"2018032163459808","pay_type":"2","result_pay":"SUCCESS","settle_date":"20180321","sign":"UUg8P840QoNfu3RIYqQnoULlfWTlv8DGujwe7gtWmefmRKxeR2+pyF2CfcMM7cW+9HKOQxTxCfL8oRgLarsemVXNhRlYQxNwmWGwXmoPCiPr8Ssj+xJVA4AvmioiiVevpqPXa13JUmGMb2SBxumijcptoYtoEzyL9XmvZcdsaAI=","sign_type":"RSA"}
-------------------
-------------------
2018-03-21 21:28:32
llpc->订单号:20180321204108842917
-------------------
-------------------
2018-03-21 21:28:32
llpc->""
-------------------
-------------------
2018-03-21 21:28:32
ll->内部参数获取{"bank_code":"01020000","dt_order":"20180321204108","money_order":"0.1","no_order":"20180321204108842917","oid_partner":"201710250001059760","oid_paybill":"2018032163459808","pay_type":"2","result_pay":"SUCCESS","settle_date":"20180321","sign":"UUg8P840QoNfu3RIYqQnoULlfWTlv8DGujwe7gtWmefmRKxeR2+pyF2CfcMM7cW+9HKOQxTxCfL8oRgLarsemVXNhRlYQxNwmWGwXmoPCiPr8Ssj+xJVA4AvmioiiVevpqPXa13JUmGMb2SBxumijcptoYtoEzyL9XmvZcdsaAI=","sign_type":"RSA"}
-------------------
-------------------
2018-03-21 21:28:33
llpc->订单号:20180321204108842917
-------------------
-------------------
2018-03-21 21:28:33
llpc->""
-------------------
-------------------
2018-03-21 21:28:33
ll->内部参数获取{"bank_code":"01020000","dt_order":"20180321204108","money_order":"0.1","no_order":"20180321204108842917","oid_partner":"201710250001059760","oid_paybill":"2018032163459808","pay_type":"2","result_pay":"SUCCESS","settle_date":"20180321","sign":"UUg8P840QoNfu3RIYqQnoULlfWTlv8DGujwe7gtWmefmRKxeR2+pyF2CfcMM7cW+9HKOQxTxCfL8oRgLarsemVXNhRlYQxNwmWGwXmoPCiPr8Ssj+xJVA4AvmioiiVevpqPXa13JUmGMb2SBxumijcptoYtoEzyL9XmvZcdsaAI=","sign_type":"RSA"}
-------------------
-------------------
2018-03-21 21:28:33
llpc->订单号:20180321204108842917
-------------------
-------------------
2018-03-21 21:29:06
llpc->""
-------------------
-------------------
2018-03-21 21:29:06
ll->内部参数获取{"bank_code":"01020000","dt_order":"20180321204108","money_order":"0.1","no_order":"20180321204108842917","oid_partner":"201710250001059760","oid_paybill":"2018032163459808","pay_type":"2","result_pay":"SUCCESS","settle_date":"20180321","sign":"UUg8P840QoNfu3RIYqQnoULlfWTlv8DGujwe7gtWmefmRKxeR2+pyF2CfcMM7cW+9HKOQxTxCfL8oRgLarsemVXNhRlYQxNwmWGwXmoPCiPr8Ssj+xJVA4AvmioiiVevpqPXa13JUmGMb2SBxumijcptoYtoEzyL9XmvZcdsaAI=","sign_type":"RSA"}
-------------------
-------------------
2018-03-21 21:29:06
llpc->订单号:20180321204108842917
-------------------
-------------------
2018-03-21 21:29:06
llpc->""
-------------------
-------------------
2018-03-21 21:29:06
ll->内部参数获取{"bank_code":"01020000","dt_order":"20180321204108","money_order":"0.1","no_order":"20180321204108842917","oid_partner":"201710250001059760","oid_paybill":"2018032163459808","pay_type":"2","result_pay":"SUCCESS","settle_date":"20180321","sign":"UUg8P840QoNfu3RIYqQnoULlfWTlv8DGujwe7gtWmefmRKxeR2+pyF2CfcMM7cW+9HKOQxTxCfL8oRgLarsemVXNhRlYQxNwmWGwXmoPCiPr8Ssj+xJVA4AvmioiiVevpqPXa13JUmGMb2SBxumijcptoYtoEzyL9XmvZcdsaAI=","sign_type":"RSA"}
-------------------
-------------------
2018-03-21 21:29:06
llpc->订单号:20180321204108842917
-------------------
-------------------
2018-03-21 21:29:06
llpc->""
-------------------
-------------------
2018-03-21 21:29:06
ll->内部参数获取{"bank_code":"01020000","dt_order":"20180321204108","money_order":"0.1","no_order":"20180321204108842917","oid_partner":"201710250001059760","oid_paybill":"2018032163459808","pay_type":"2","result_pay":"SUCCESS","settle_date":"20180321","sign":"UUg8P840QoNfu3RIYqQnoULlfWTlv8DGujwe7gtWmefmRKxeR2+pyF2CfcMM7cW+9HKOQxTxCfL8oRgLarsemVXNhRlYQxNwmWGwXmoPCiPr8Ssj+xJVA4AvmioiiVevpqPXa13JUmGMb2SBxumijcptoYtoEzyL9XmvZcdsaAI=","sign_type":"RSA"}
-------------------
-------------------
2018-03-21 21:29:06
llpc->订单号:20180321204108842917
-------------------
-------------------
2018-03-21 21:29:07
llpc->""
-------------------
-------------------
2018-03-21 21:29:07
ll->内部参数获取{"bank_code":"01020000","dt_order":"20180321204108","money_order":"0.1","no_order":"20180321204108842917","oid_partner":"201710250001059760","oid_paybill":"2018032163459808","pay_type":"2","result_pay":"SUCCESS","settle_date":"20180321","sign":"UUg8P840QoNfu3RIYqQnoULlfWTlv8DGujwe7gtWmefmRKxeR2+pyF2CfcMM7cW+9HKOQxTxCfL8oRgLarsemVXNhRlYQxNwmWGwXmoPCiPr8Ssj+xJVA4AvmioiiVevpqPXa13JUmGMb2SBxumijcptoYtoEzyL9XmvZcdsaAI=","sign_type":"RSA"}
-------------------
-------------------
2018-03-21 21:29:07
llpc->订单号:20180321204108842917
-------------------
-------------------
2018-03-21 21:29:07
llpc->""
-------------------
-------------------
2018-03-21 21:29:07
ll->内部参数获取{"bank_code":"01020000","dt_order":"20180321204108","money_order":"0.1","no_order":"20180321204108842917","oid_partner":"201710250001059760","oid_paybill":"2018032163459808","pay_type":"2","result_pay":"SUCCESS","settle_date":"20180321","sign":"UUg8P840QoNfu3RIYqQnoULlfWTlv8DGujwe7gtWmefmRKxeR2+pyF2CfcMM7cW+9HKOQxTxCfL8oRgLarsemVXNhRlYQxNwmWGwXmoPCiPr8Ssj+xJVA4AvmioiiVevpqPXa13JUmGMb2SBxumijcptoYtoEzyL9XmvZcdsaAI=","sign_type":"RSA"}
-------------------
-------------------
2018-03-21 21:29:07
llpc->订单号:20180321204108842917
-------------------
-------------------
2018-03-21 21:29:07
llpc->""
-------------------
-------------------
2018-03-21 21:29:07
ll->内部参数获取{"bank_code":"01020000","dt_order":"20180321204108","money_order":"0.1","no_order":"20180321204108842917","oid_partner":"201710250001059760","oid_paybill":"2018032163459808","pay_type":"2","result_pay":"SUCCESS","settle_date":"20180321","sign":"UUg8P840QoNfu3RIYqQnoULlfWTlv8DGujwe7gtWmefmRKxeR2+pyF2CfcMM7cW+9HKOQxTxCfL8oRgLarsemVXNhRlYQxNwmWGwXmoPCiPr8Ssj+xJVA4AvmioiiVevpqPXa13JUmGMb2SBxumijcptoYtoEzyL9XmvZcdsaAI=","sign_type":"RSA"}
-------------------
-------------------
2018-03-21 21:29:07
llpc->订单号:20180321204108842917
-------------------
-------------------
2018-03-21 21:29:07
llpc->""
-------------------
-------------------
2018-03-21 21:29:07
ll->内部参数获取{"bank_code":"01020000","dt_order":"20180321204108","money_order":"0.1","no_order":"20180321204108842917","oid_partner":"201710250001059760","oid_paybill":"2018032163459808","pay_type":"2","result_pay":"SUCCESS","settle_date":"20180321","sign":"UUg8P840QoNfu3RIYqQnoULlfWTlv8DGujwe7gtWmefmRKxeR2+pyF2CfcMM7cW+9HKOQxTxCfL8oRgLarsemVXNhRlYQxNwmWGwXmoPCiPr8Ssj+xJVA4AvmioiiVevpqPXa13JUmGMb2SBxumijcptoYtoEzyL9XmvZcdsaAI=","sign_type":"RSA"}
-------------------
-------------------
2018-03-21 21:29:07
llpc->订单号:20180321204108842917
-------------------
-------------------
2018-03-21 21:29:07
llpc->""
-------------------
-------------------
2018-03-21 21:29:07
ll->内部参数获取{"bank_code":"01020000","dt_order":"20180321204108","money_order":"0.1","no_order":"20180321204108842917","oid_partner":"201710250001059760","oid_paybill":"2018032163459808","pay_type":"2","result_pay":"SUCCESS","settle_date":"20180321","sign":"UUg8P840QoNfu3RIYqQnoULlfWTlv8DGujwe7gtWmefmRKxeR2+pyF2CfcMM7cW+9HKOQxTxCfL8oRgLarsemVXNhRlYQxNwmWGwXmoPCiPr8Ssj+xJVA4AvmioiiVevpqPXa13JUmGMb2SBxumijcptoYtoEzyL9XmvZcdsaAI=","sign_type":"RSA"}
-------------------
-------------------
2018-03-21 21:29:08
llpc->订单号:20180321204108842917
-------------------
-------------------
2018-03-21 21:29:08
llpc->""
-------------------
-------------------
2018-03-21 21:29:08
ll->内部参数获取{"bank_code":"01020000","dt_order":"20180321204108","money_order":"0.1","no_order":"20180321204108842917","oid_partner":"201710250001059760","oid_paybill":"2018032163459808","pay_type":"2","result_pay":"SUCCESS","settle_date":"20180321","sign":"UUg8P840QoNfu3RIYqQnoULlfWTlv8DGujwe7gtWmefmRKxeR2+pyF2CfcMM7cW+9HKOQxTxCfL8oRgLarsemVXNhRlYQxNwmWGwXmoPCiPr8Ssj+xJVA4AvmioiiVevpqPXa13JUmGMb2SBxumijcptoYtoEzyL9XmvZcdsaAI=","sign_type":"RSA"}
-------------------
-------------------
2018-03-21 21:29:08
llpc->订单号:20180321204108842917
-------------------
-------------------
2018-03-21 21:29:48
llpc->""
-------------------
-------------------
2018-03-21 21:29:48
ll->内部参数获取{"bank_code":"01020000","dt_order":"20180321204108","money_order":"0.1","no_order":"20180321204108842917","oid_partner":"201710250001059760","oid_paybill":"2018032163459808","pay_type":"2","result_pay":"SUCCESS","settle_date":"20180321","sign":"UUg8P840QoNfu3RIYqQnoULlfWTlv8DGujwe7gtWmefmRKxeR2+pyF2CfcMM7cW+9HKOQxTxCfL8oRgLarsemVXNhRlYQxNwmWGwXmoPCiPr8Ssj+xJVA4AvmioiiVevpqPXa13JUmGMb2SBxumijcptoYtoEzyL9XmvZcdsaAI=","sign_type":"RSA"}
-------------------
-------------------
2018-03-21 21:29:48
llpc->订单号:20180321204108842917
-------------------
-------------------
2018-03-21 21:29:48
llpc->""
-------------------
-------------------
2018-03-21 21:29:48
ll->内部参数获取{"bank_code":"01020000","dt_order":"20180321204108","money_order":"0.1","no_order":"20180321204108842917","oid_partner":"201710250001059760","oid_paybill":"2018032163459808","pay_type":"2","result_pay":"SUCCESS","settle_date":"20180321","sign":"UUg8P840QoNfu3RIYqQnoULlfWTlv8DGujwe7gtWmefmRKxeR2+pyF2CfcMM7cW+9HKOQxTxCfL8oRgLarsemVXNhRlYQxNwmWGwXmoPCiPr8Ssj+xJVA4AvmioiiVevpqPXa13JUmGMb2SBxumijcptoYtoEzyL9XmvZcdsaAI=","sign_type":"RSA"}
-------------------
-------------------
2018-03-21 21:29:48
llpc->订单号:20180321204108842917
-------------------
-------------------
2018-03-21 21:29:48
llpc->""
-------------------
-------------------
2018-03-21 21:29:48
ll->内部参数获取{"bank_code":"01020000","dt_order":"20180321204108","money_order":"0.1","no_order":"20180321204108842917","oid_partner":"201710250001059760","oid_paybill":"2018032163459808","pay_type":"2","result_pay":"SUCCESS","settle_date":"20180321","sign":"UUg8P840QoNfu3RIYqQnoULlfWTlv8DGujwe7gtWmefmRKxeR2+pyF2CfcMM7cW+9HKOQxTxCfL8oRgLarsemVXNhRlYQxNwmWGwXmoPCiPr8Ssj+xJVA4AvmioiiVevpqPXa13JUmGMb2SBxumijcptoYtoEzyL9XmvZcdsaAI=","sign_type":"RSA"}
-------------------
-------------------
2018-03-21 21:29:48
llpc->订单号:20180321204108842917
-------------------
-------------------
2018-03-21 21:29:59
llpc->""
-------------------
-------------------
2018-03-21 21:29:59
ll->内部参数获取{"bank_code":"01020000","dt_order":"20180321204108","money_order":"0.1","no_order":"20180321204108842917","oid_partner":"201710250001059760","oid_paybill":"2018032163459808","pay_type":"2","result_pay":"SUCCESS","settle_date":"20180321","sign":"UUg8P840QoNfu3RIYqQnoULlfWTlv8DGujwe7gtWmefmRKxeR2+pyF2CfcMM7cW+9HKOQxTxCfL8oRgLarsemVXNhRlYQxNwmWGwXmoPCiPr8Ssj+xJVA4AvmioiiVevpqPXa13JUmGMb2SBxumijcptoYtoEzyL9XmvZcdsaAI=","sign_type":"RSA"}
-------------------
-------------------
2018-03-21 21:29:59
llpc->订单号:20180321204108842917
-------------------
-------------------
2018-03-21 21:30:20
llpc->""
-------------------
-------------------
2018-03-21 21:30:20
ll->内部参数获取{"bank_code":"01020000","dt_order":"20180321204108","money_order":"0.1","no_order":"20180321204108842917","oid_partner":"201710250001059760","oid_paybill":"2018032163459808","pay_type":"2","result_pay":"SUCCESS","settle_date":"20180321","sign":"UUg8P840QoNfu3RIYqQnoULlfWTlv8DGujwe7gtWmefmRKxeR2+pyF2CfcMM7cW+9HKOQxTxCfL8oRgLarsemVXNhRlYQxNwmWGwXmoPCiPr8Ssj+xJVA4AvmioiiVevpqPXa13JUmGMb2SBxumijcptoYtoEzyL9XmvZcdsaAI=","sign_type":"RSA"}
-------------------
-------------------
2018-03-21 21:30:20
llpc->订单号:20180321204108842917
-------------------
-------------------
2018-03-21 21:30:55
llpc->""
-------------------
-------------------
2018-03-21 21:30:55
ll->内部参数获取{"bank_code":"01020000","dt_order":"20180321204108","money_order":"0.1","no_order":"20180321204108842917","oid_partner":"201710250001059760","oid_paybill":"2018032163459808","pay_type":"2","result_pay":"SUCCESS","settle_date":"20180321","sign":"UUg8P840QoNfu3RIYqQnoULlfWTlv8DGujwe7gtWmefmRKxeR2+pyF2CfcMM7cW+9HKOQxTxCfL8oRgLarsemVXNhRlYQxNwmWGwXmoPCiPr8Ssj+xJVA4AvmioiiVevpqPXa13JUmGMb2SBxumijcptoYtoEzyL9XmvZcdsaAI=","sign_type":"RSA"}
-------------------
-------------------
2018-03-21 21:30:55
llpc->订单号:20180321204108842917
-------------------
-------------------
2018-03-21 21:31:22
llpc->""
-------------------
-------------------
2018-03-21 21:31:22
ll->内部参数获取{"bank_code":"01020000","dt_order":"20180321204108","money_order":"0.1","no_order":"20180321204108842917","oid_partner":"201710250001059760","oid_paybill":"2018032163459808","pay_type":"2","result_pay":"SUCCESS","settle_date":"20180321","sign":"UUg8P840QoNfu3RIYqQnoULlfWTlv8DGujwe7gtWmefmRKxeR2+pyF2CfcMM7cW+9HKOQxTxCfL8oRgLarsemVXNhRlYQxNwmWGwXmoPCiPr8Ssj+xJVA4AvmioiiVevpqPXa13JUmGMb2SBxumijcptoYtoEzyL9XmvZcdsaAI=","sign_type":"RSA"}
-------------------
-------------------
2018-03-21 21:31:22
llpc->订单号:20180321204108842917
-------------------
-------------------
2018-03-21 21:31:36
llpc->""
-------------------
-------------------
2018-03-21 21:31:36
ll->内部参数获取{"bank_code":"01020000","dt_order":"20180321204108","money_order":"0.1","no_order":"20180321204108842917","oid_partner":"201710250001059760","oid_paybill":"2018032163459808","pay_type":"2","result_pay":"SUCCESS","settle_date":"20180321","sign":"UUg8P840QoNfu3RIYqQnoULlfWTlv8DGujwe7gtWmefmRKxeR2+pyF2CfcMM7cW+9HKOQxTxCfL8oRgLarsemVXNhRlYQxNwmWGwXmoPCiPr8Ssj+xJVA4AvmioiiVevpqPXa13JUmGMb2SBxumijcptoYtoEzyL9XmvZcdsaAI=","sign_type":"RSA"}
-------------------
-------------------
2018-03-21 21:31:36
llpc->订单号:20180321204108842917
-------------------
-------------------
2018-03-21 21:32:06
llpc->""
-------------------
-------------------
2018-03-21 21:32:06
ll->内部参数获取{"bank_code":"01020000","dt_order":"20180321204108","money_order":"0.1","no_order":"20180321204108842917","oid_partner":"201710250001059760","oid_paybill":"2018032163459808","pay_type":"2","result_pay":"SUCCESS","settle_date":"20180321","sign":"UUg8P840QoNfu3RIYqQnoULlfWTlv8DGujwe7gtWmefmRKxeR2+pyF2CfcMM7cW+9HKOQxTxCfL8oRgLarsemVXNhRlYQxNwmWGwXmoPCiPr8Ssj+xJVA4AvmioiiVevpqPXa13JUmGMb2SBxumijcptoYtoEzyL9XmvZcdsaAI=","sign_type":"RSA"}
-------------------
-------------------
2018-03-21 21:32:06
llpc->订单号:20180321204108842917
-------------------
-------------------
2018-03-21 21:32:24
llpc->""
-------------------
-------------------
2018-03-21 21:32:24
ll->内部参数获取{"bank_code":"01020000","dt_order":"20180321204108","money_order":"0.1","no_order":"20180321204108842917","oid_partner":"201710250001059760","oid_paybill":"2018032163459808","pay_type":"2","result_pay":"SUCCESS","settle_date":"20180321","sign":"UUg8P840QoNfu3RIYqQnoULlfWTlv8DGujwe7gtWmefmRKxeR2+pyF2CfcMM7cW+9HKOQxTxCfL8oRgLarsemVXNhRlYQxNwmWGwXmoPCiPr8Ssj+xJVA4AvmioiiVevpqPXa13JUmGMb2SBxumijcptoYtoEzyL9XmvZcdsaAI=","sign_type":"RSA"}
-------------------
-------------------
2018-03-21 21:32:24
llpc->订单号:20180321204108842917
-------------------
-------------------
2018-03-21 21:37:38
llpc->""
-------------------
-------------------
2018-03-21 21:37:38
ll->内部参数获取{"bank_code":"01020000","dt_order":"20180321204108","money_order":"0.1","no_order":"20180321204108842917","oid_partner":"201710250001059760","oid_paybill":"2018032163459808","pay_type":"2","result_pay":"SUCCESS","settle_date":"20180321","sign":"UUg8P840QoNfu3RIYqQnoULlfWTlv8DGujwe7gtWmefmRKxeR2+pyF2CfcMM7cW+9HKOQxTxCfL8oRgLarsemVXNhRlYQxNwmWGwXmoPCiPr8Ssj+xJVA4AvmioiiVevpqPXa13JUmGMb2SBxumijcptoYtoEzyL9XmvZcdsaAI=","sign_type":"RSA"}
-------------------
-------------------
2018-03-21 21:37:38
llpc->订单号:20180321204108842917
-------------------
-------------------
2018-03-21 21:37:47
llpc->""
-------------------
-------------------
2018-03-21 21:37:47
ll->内部参数获取{"bank_code":"01020000","dt_order":"20180321204108","money_order":"0.1","no_order":"20180321204108842917","oid_partner":"201710250001059760","oid_paybill":"2018032163459808","pay_type":"2","result_pay":"SUCCESS","settle_date":"20180321","sign":"UUg8P840QoNfu3RIYqQnoULlfWTlv8DGujwe7gtWmefmRKxeR2+pyF2CfcMM7cW+9HKOQxTxCfL8oRgLarsemVXNhRlYQxNwmWGwXmoPCiPr8Ssj+xJVA4AvmioiiVevpqPXa13JUmGMb2SBxumijcptoYtoEzyL9XmvZcdsaAI=","sign_type":"RSA"}
-------------------
-------------------
2018-03-21 21:37:47
llpc->订单号:20180321204108842917
-------------------
-------------------
2018-03-21 21:38:15
llpc->""
-------------------
-------------------
2018-03-21 21:38:15
ll->内部参数获取{"bank_code":"01020000","dt_order":"20180321204108","money_order":"0.1","no_order":"20180321204108842917","oid_partner":"201710250001059760","oid_paybill":"2018032163459808","pay_type":"2","result_pay":"SUCCESS","settle_date":"20180321","sign":"UUg8P840QoNfu3RIYqQnoULlfWTlv8DGujwe7gtWmefmRKxeR2+pyF2CfcMM7cW+9HKOQxTxCfL8oRgLarsemVXNhRlYQxNwmWGwXmoPCiPr8Ssj+xJVA4AvmioiiVevpqPXa13JUmGMb2SBxumijcptoYtoEzyL9XmvZcdsaAI=","sign_type":"RSA"}
-------------------
-------------------
2018-03-21 21:38:15
llpc->订单号:20180321204108842917
-------------------
-------------------
2018-03-21 21:38:25
llpc->""
-------------------
-------------------
2018-03-21 21:38:25
ll->内部参数获取{"bank_code":"01020000","dt_order":"20180321204108","money_order":"0.1","no_order":"20180321204108842917","oid_partner":"201710250001059760","oid_paybill":"2018032163459808","pay_type":"2","result_pay":"SUCCESS","settle_date":"20180321","sign":"UUg8P840QoNfu3RIYqQnoULlfWTlv8DGujwe7gtWmefmRKxeR2+pyF2CfcMM7cW+9HKOQxTxCfL8oRgLarsemVXNhRlYQxNwmWGwXmoPCiPr8Ssj+xJVA4AvmioiiVevpqPXa13JUmGMb2SBxumijcptoYtoEzyL9XmvZcdsaAI=","sign_type":"RSA"}
-------------------
-------------------
2018-03-21 21:38:25
llpc->订单号:20180321204108842917
-------------------
-------------------
2018-03-21 21:38:49
llpc->""
-------------------
-------------------
2018-03-21 21:38:49
ll->内部参数获取{"bank_code":"01020000","dt_order":"20180321204108","money_order":"0.1","no_order":"20180321204108842917","oid_partner":"201710250001059760","oid_paybill":"2018032163459808","pay_type":"2","result_pay":"SUCCESS","settle_date":"20180321","sign":"UUg8P840QoNfu3RIYqQnoULlfWTlv8DGujwe7gtWmefmRKxeR2+pyF2CfcMM7cW+9HKOQxTxCfL8oRgLarsemVXNhRlYQxNwmWGwXmoPCiPr8Ssj+xJVA4AvmioiiVevpqPXa13JUmGMb2SBxumijcptoYtoEzyL9XmvZcdsaAI=","sign_type":"RSA"}
-------------------
-------------------
2018-03-21 21:38:49
llpc->订单号:20180321204108842917
-------------------
-------------------
2018-03-21 21:39:03
llpc->""
-------------------
-------------------
2018-03-21 21:39:03
ll->内部参数获取{"bank_code":"01020000","dt_order":"20180321204108","money_order":"0.1","no_order":"20180321204108842917","oid_partner":"201710250001059760","oid_paybill":"2018032163459808","pay_type":"2","result_pay":"SUCCESS","settle_date":"20180321","sign":"UUg8P840QoNfu3RIYqQnoULlfWTlv8DGujwe7gtWmefmRKxeR2+pyF2CfcMM7cW+9HKOQxTxCfL8oRgLarsemVXNhRlYQxNwmWGwXmoPCiPr8Ssj+xJVA4AvmioiiVevpqPXa13JUmGMb2SBxumijcptoYtoEzyL9XmvZcdsaAI=","sign_type":"RSA"}
-------------------
-------------------
2018-03-21 21:39:03
llpc->订单号:20180321204108842917
-------------------
-------------------
2018-03-21 21:42:27
llpc->""
-------------------
-------------------
2018-03-21 21:42:27
ll->内部参数获取{"bank_code":"01020000","dt_order":"20180321204108","money_order":"0.1","no_order":"20180321204108842917","oid_partner":"201710250001059760","oid_paybill":"2018032163459808","pay_type":"2","result_pay":"SUCCESS","settle_date":"20180321","sign":"UUg8P840QoNfu3RIYqQnoULlfWTlv8DGujwe7gtWmefmRKxeR2+pyF2CfcMM7cW+9HKOQxTxCfL8oRgLarsemVXNhRlYQxNwmWGwXmoPCiPr8Ssj+xJVA4AvmioiiVevpqPXa13JUmGMb2SBxumijcptoYtoEzyL9XmvZcdsaAI=","sign_type":"RSA"}
-------------------
-------------------
2018-03-21 21:42:27
llpc->订单号:20180321204108842917
-------------------
-------------------
2018-03-21 21:46:25
llpc->""
-------------------
-------------------
2018-03-21 21:46:25
ll->内部参数获取[]
-------------------
-------------------
2018-03-21 21:46:25
llpc->订单号:
-------------------
-------------------
2018-03-21 21:47:08
llpc->""
-------------------
-------------------
2018-03-21 21:47:08
ll->内部参数获取{"bank_code":"01020000","dt_order":"20180321204108","money_order":"0.1","no_order":"20180321204108842917","oid_partner":"201710250001059760","oid_paybill":"2018032163459808","pay_type":"2","result_pay":"SUCCESS","settle_date":"20180321","sign":"UUg8P840QoNfu3RIYqQnoULlfWTlv8DGujwe7gtWmefmRKxeR2+pyF2CfcMM7cW+9HKOQxTxCfL8oRgLarsemVXNhRlYQxNwmWGwXmoPCiPr8Ssj+xJVA4AvmioiiVevpqPXa13JUmGMb2SBxumijcptoYtoEzyL9XmvZcdsaAI=","sign_type":"RSA"}
-------------------
-------------------
2018-03-21 21:47:08
llpc->订单号:20180321204108842917
-------------------
-------------------
2018-03-21 21:47:23
llpc->""
-------------------
-------------------
2018-03-21 21:47:23
ll->内部参数获取{"bank_code":"01020000","dt_order":"20180321204108","money_order":"0.1","no_order":"20180321204108842917","oid_partner":"201710250001059760","oid_paybill":"2018032163459808","pay_type":"2","result_pay":"SUCCESS","settle_date":"20180321","sign":"UUg8P840QoNfu3RIYqQnoULlfWTlv8DGujwe7gtWmefmRKxeR2+pyF2CfcMM7cW+9HKOQxTxCfL8oRgLarsemVXNhRlYQxNwmWGwXmoPCiPr8Ssj+xJVA4AvmioiiVevpqPXa13JUmGMb2SBxumijcptoYtoEzyL9XmvZcdsaAI=","sign_type":"RSA"}
-------------------
-------------------
2018-03-21 21:47:23
llpc->订单号:20180321204108842917
-------------------
-------------------
2018-03-21 21:47:45
llpc->""
-------------------
-------------------
2018-03-21 21:47:45
ll->内部参数获取{"bank_code":"01020000","dt_order":"20180321204108","money_order":"0.1","no_order":"20180321204108842917","oid_partner":"201710250001059760","oid_paybill":"2018032163459808","pay_type":"2","result_pay":"SUCCESS","settle_date":"20180321","sign":"UUg8P840QoNfu3RIYqQnoULlfWTlv8DGujwe7gtWmefmRKxeR2+pyF2CfcMM7cW+9HKOQxTxCfL8oRgLarsemVXNhRlYQxNwmWGwXmoPCiPr8Ssj+xJVA4AvmioiiVevpqPXa13JUmGMb2SBxumijcptoYtoEzyL9XmvZcdsaAI=","sign_type":"RSA"}
-------------------
-------------------
2018-03-21 21:47:45
llpc->订单号:20180321204108842917
-------------------
-------------------
2018-03-21 21:47:46
ll->解密失败
-------------------
-------------------
2018-03-21 21:48:17
llpc->""
-------------------
-------------------
2018-03-21 21:48:17
ll->内部参数获取{"bank_code":"01020000","dt_order":"20180321204108","money_order":"0.1","no_order":"20180321204108842917","oid_partner":"201710250001059760","oid_paybill":"2018032163459808","pay_type":"2","result_pay":"SUCCESS","settle_date":"20180321","sign":"UUg8P840QoNfu3RIYqQnoULlfWTlv8DGujwe7gtWmefmRKxeR2+pyF2CfcMM7cW+9HKOQxTxCfL8oRgLarsemVXNhRlYQxNwmWGwXmoPCiPr8Ssj+xJVA4AvmioiiVevpqPXa13JUmGMb2SBxumijcptoYtoEzyL9XmvZcdsaAI=","sign_type":"RSA"}
-------------------
-------------------
2018-03-21 21:48:17
llpc->订单号:20180321204108842917
-------------------
-------------------
2018-03-21 21:48:17
ll->解密失败
-------------------
-------------------
2018-03-21 21:48:18
llpc->""
-------------------
-------------------
2018-03-21 21:48:18
ll->内部参数获取{"bank_code":"01020000","dt_order":"20180321204108","money_order":"0.1","no_order":"20180321204108842917","oid_partner":"201710250001059760","oid_paybill":"2018032163459808","pay_type":"2","result_pay":"SUCCESS","settle_date":"20180321","sign":"UUg8P840QoNfu3RIYqQnoULlfWTlv8DGujwe7gtWmefmRKxeR2+pyF2CfcMM7cW+9HKOQxTxCfL8oRgLarsemVXNhRlYQxNwmWGwXmoPCiPr8Ssj+xJVA4AvmioiiVevpqPXa13JUmGMb2SBxumijcptoYtoEzyL9XmvZcdsaAI=","sign_type":"RSA"}
-------------------
-------------------
2018-03-21 21:48:18
llpc->订单号:20180321204108842917
-------------------
-------------------
2018-03-21 21:48:18
ll->解密失败
-------------------
-------------------
2018-03-21 21:50:00
llpc->""
-------------------
-------------------
2018-03-21 21:50:00
ll->内部参数获取{"bank_code":"01020000","dt_order":"20180321204108","money_order":"0.1","no_order":"20180321204108842917","oid_partner":"201710250001059760","oid_paybill":"2018032163459808","pay_type":"2","result_pay":"SUCCESS","settle_date":"20180321","sign":"UUg8P840QoNfu3RIYqQnoULlfWTlv8DGujwe7gtWmefmRKxeR2+pyF2CfcMM7cW+9HKOQxTxCfL8oRgLarsemVXNhRlYQxNwmWGwXmoPCiPr8Ssj+xJVA4AvmioiiVevpqPXa13JUmGMb2SBxumijcptoYtoEzyL9XmvZcdsaAI=","sign_type":"RSA"}
-------------------
-------------------
2018-03-21 21:50:00
llpc->订单号:20180321204108842917
-------------------
-------------------
2018-03-21 21:50:00
ll->解密失败
-------------------
-------------------
2018-03-21 22:02:07
llpc->""
-------------------
-------------------
2018-03-21 22:02:07
ll->内部参数获取[]
-------------------
-------------------
2018-03-21 22:02:07
llpc->订单号:
-------------------
-------------------
2018-03-21 22:02:42
llpc->""
-------------------
-------------------
2018-03-21 22:02:42
ll->内部参数获取[]
-------------------
-------------------
2018-03-21 22:02:42
llpc->订单号:
-------------------
-------------------
2018-03-21 22:03:16
llpc->""
-------------------
-------------------
2018-03-21 22:03:16
ll->内部参数获取[]
-------------------
-------------------
2018-03-21 22:03:29
llpc->""
-------------------
-------------------
2018-03-21 22:03:29
ll->内部参数获取null
-------------------
-------------------
2018-03-21 22:04:48
llpc->""
-------------------
-------------------
2018-03-21 22:04:48
ll->内部参数获取{"bank_code":"01020000","dt_order":"20180321204108","money_order":"0.1","no_order":"20180321204108842917","oid_partner":"201710250001059760","oid_paybill":"2018032163459808","pay_type":"2","result_pay":"SUCCESS","settle_date":"20180321","sign":"UUg8P840QoNfu3RIYqQnoULlfWTlv8DGujwe7gtWmefmRKxeR2+pyF2CfcMM7cW+9HKOQxTxCfL8oRgLarsemVXNhRlYQxNwmWGwXmoPCiPr8Ssj+xJVA4AvmioiiVevpqPXa13JUmGMb2SBxumijcptoYtoEzyL9XmvZcdsaAI=","sign_type":"RSA"}
-------------------
-------------------
2018-03-21 22:04:57
llpc->""
-------------------
-------------------
2018-03-21 22:04:57
ll->内部参数获取{"bank_code":"01020000","dt_order":"20180321204108","money_order":"0.1","no_order":"20180321204108842917","oid_partner":"201710250001059760","oid_paybill":"2018032163459808","pay_type":"2","result_pay":"SUCCESS","settle_date":"20180321","sign":"UUg8P840QoNfu3RIYqQnoULlfWTlv8DGujwe7gtWmefmRKxeR2+pyF2CfcMM7cW+9HKOQxTxCfL8oRgLarsemVXNhRlYQxNwmWGwXmoPCiPr8Ssj+xJVA4AvmioiiVevpqPXa13JUmGMb2SBxumijcptoYtoEzyL9XmvZcdsaAI=","sign_type":"RSA"}
-------------------
-------------------
2018-03-21 22:04:57
llpc->订单号:20180321204108842917
-------------------
-------------------
2018-03-21 22:05:33
llpc->""
-------------------
-------------------
2018-03-21 22:05:33
ll->内部参数获取{"bank_code":"01020000","dt_order":"20180321204108","money_order":"0.1","no_order":"20180321204108842917","oid_partner":"201710250001059760","oid_paybill":"2018032163459808","pay_type":"2","result_pay":"SUCCESS","settle_date":"20180321","sign":"UUg8P840QoNfu3RIYqQnoULlfWTlv8DGujwe7gtWmefmRKxeR2+pyF2CfcMM7cW+9HKOQxTxCfL8oRgLarsemVXNhRlYQxNwmWGwXmoPCiPr8Ssj+xJVA4AvmioiiVevpqPXa13JUmGMb2SBxumijcptoYtoEzyL9XmvZcdsaAI=","sign_type":"RSA"}
-------------------
-------------------
2018-03-21 22:05:33
llpc->订单号:20180321204108842917
-------------------
-------------------
2018-03-21 22:06:00
llpc->""
-------------------
-------------------
2018-03-21 22:06:00
ll->内部参数获取{"bank_code":"01020000","dt_order":"20180321204108","money_order":"0.1","no_order":"20180321204108842917","oid_partner":"201710250001059760","oid_paybill":"2018032163459808","pay_type":"2","result_pay":"SUCCESS","settle_date":"20180321","sign":"UUg8P840QoNfu3RIYqQnoULlfWTlv8DGujwe7gtWmefmRKxeR2+pyF2CfcMM7cW+9HKOQxTxCfL8oRgLarsemVXNhRlYQxNwmWGwXmoPCiPr8Ssj+xJVA4AvmioiiVevpqPXa13JUmGMb2SBxumijcptoYtoEzyL9XmvZcdsaAI=","sign_type":"RSA"}
-------------------
-------------------
2018-03-21 22:06:00
llpc->订单号:20180321204108842917
-------------------
-------------------
2018-03-21 22:06:00
ll->解密失败
-------------------
-------------------
2018-03-21 22:06:40
llpc->""
-------------------
-------------------
2018-03-21 22:06:40
ll->内部参数获取{"bank_code":"01020000","dt_order":"20180321204108","money_order":"0.1","no_order":"20180321204108842917","oid_partner":"201710250001059760","oid_paybill":"2018032163459808","pay_type":"2","result_pay":"SUCCESS","settle_date":"20180321","sign":"UUg8P840QoNfu3RIYqQnoULlfWTlv8DGujwe7gtWmefmRKxeR2+pyF2CfcMM7cW+9HKOQxTxCfL8oRgLarsemVXNhRlYQxNwmWGwXmoPCiPr8Ssj+xJVA4AvmioiiVevpqPXa13JUmGMb2SBxumijcptoYtoEzyL9XmvZcdsaAI=","sign_type":"RSA"}
-------------------
-------------------
2018-03-21 22:06:40
llpc->订单号:20180321204108842917
-------------------
-------------------
2018-03-21 22:06:57
llpc->""
-------------------
-------------------
2018-03-21 22:06:57
ll->内部参数获取{"bank_code":"01020000","dt_order":"20180321204108","money_order":"0.1","no_order":"20180321204108842917","oid_partner":"201710250001059760","oid_paybill":"2018032163459808","pay_type":"2","result_pay":"SUCCESS","settle_date":"20180321","sign":"UUg8P840QoNfu3RIYqQnoULlfWTlv8DGujwe7gtWmefmRKxeR2+pyF2CfcMM7cW+9HKOQxTxCfL8oRgLarsemVXNhRlYQxNwmWGwXmoPCiPr8Ssj+xJVA4AvmioiiVevpqPXa13JUmGMb2SBxumijcptoYtoEzyL9XmvZcdsaAI=","sign_type":"RSA"}
-------------------
-------------------
2018-03-21 22:06:57
llpc->订单号:20180321204108842917
-------------------
-------------------
2018-03-21 22:07:25
llpc->""
-------------------
-------------------
2018-03-21 22:07:25
ll->内部参数获取{"bank_code":"01020000","dt_order":"20180321204108","money_order":"0.1","no_order":"20180321204108842917","oid_partner":"201710250001059760","oid_paybill":"2018032163459808","pay_type":"2","result_pay":"SUCCESS","settle_date":"20180321","sign":"UUg8P840QoNfu3RIYqQnoULlfWTlv8DGujwe7gtWmefmRKxeR2+pyF2CfcMM7cW+9HKOQxTxCfL8oRgLarsemVXNhRlYQxNwmWGwXmoPCiPr8Ssj+xJVA4AvmioiiVevpqPXa13JUmGMb2SBxumijcptoYtoEzyL9XmvZcdsaAI=","sign_type":"RSA"}
-------------------
-------------------
2018-03-21 22:07:25
llpc->订单号:20180321204108842917
-------------------
