-------------------
2018-03-15 17:33:34
"{\"amount\":\"5042\",\"orderNo\":\"15210987855900436844\",\"bankTransId\":\"\",\"signature\":\"jU9AEKsLvbXQPodpTbx1IPPMh6ODCRWjnHER7X+cL3GCyRMG1icCWxmg\/QnEXr9aW03uEm376KAePXy1DKnMIQFVOqD52OOFjywnV2l51pTZCsDPvCdeF6DHCW463eXHPMSj6zCPqsVgVlY9zbJzZn50vuLaVxJEPu817Hpep1U=\",\"subject\":\"DMB\u5e01\",\"description\":\"\",\"body\":\"\",\"orgId\":\"00113583\",\"paySt\":\"2\",\"acctNo\":\"\",\"extra\":\"\",\"respMsg\":\"\u652f\u4ed8\u6210\u529f\",\"orgOrderNo\":\"20180315152625244440\",\"orderDate\":\"20180315\",\"account\":\"13640939398\",\"respCode\":\"0000\"}"
-------------------
-------------------
2018-03-15 17:52:21
"{\"amount\":\"5029\",\"orderNo\":\"15211073373990437727\",\"bankTransId\":\"\",\"signature\":\"XCs7t7PA5707h1ovI4kHEGKMZxQAV3uJ8TXJzrLbxBbNSnKXBL+I6C25DhJPCLJ3KHgovalJYgZdrKwqHc8GnwmROIszLcpZlkimgntQQE7N7WlNkSy2EFa3kIyiYtnHYsmduN87CKLLHNSXIQWry2b\/k4TLiAdnhTFAbj4PSbI=\",\"subject\":\"DMB\u5e01\",\"description\":\"\",\"body\":\"\",\"orgId\":\"00113583\",\"paySt\":\"2\",\"acctNo\":\"\",\"extra\":\"\",\"respMsg\":\"\u652f\u4ed8\u6210\u529f\",\"orgOrderNo\":\"20180315174857621662\",\"orderDate\":\"20180315\",\"account\":\"13640939398\",\"respCode\":\"0000\"}"
-------------------
-------------------
2018-03-15 17:52:36
"{\"amount\":\"5029\",\"orderNo\":\"15211073373990437727\",\"bankTransId\":\"\",\"signature\":\"XCs7t7PA5707h1ovI4kHEGKMZxQAV3uJ8TXJzrLbxBbNSnKXBL+I6C25DhJPCLJ3KHgovalJYgZdrKwqHc8GnwmROIszLcpZlkimgntQQE7N7WlNkSy2EFa3kIyiYtnHYsmduN87CKLLHNSXIQWry2b\/k4TLiAdnhTFAbj4PSbI=\",\"subject\":\"DMB\u5e01\",\"description\":\"\",\"body\":\"\",\"orgId\":\"00113583\",\"paySt\":\"2\",\"acctNo\":\"\",\"extra\":\"\",\"respMsg\":\"\u652f\u4ed8\u6210\u529f\",\"orgOrderNo\":\"20180315174857621662\",\"orderDate\":\"20180315\",\"account\":\"13640939398\",\"respCode\":\"0000\"}"
-------------------
-------------------
2018-03-15 17:52:51
"{\"amount\":\"5029\",\"orderNo\":\"15211073373990437727\",\"bankTransId\":\"\",\"signature\":\"XCs7t7PA5707h1ovI4kHEGKMZxQAV3uJ8TXJzrLbxBbNSnKXBL+I6C25DhJPCLJ3KHgovalJYgZdrKwqHc8GnwmROIszLcpZlkimgntQQE7N7WlNkSy2EFa3kIyiYtnHYsmduN87CKLLHNSXIQWry2b\/k4TLiAdnhTFAbj4PSbI=\",\"subject\":\"DMB\u5e01\",\"description\":\"\",\"body\":\"\",\"orgId\":\"00113583\",\"paySt\":\"2\",\"acctNo\":\"\",\"extra\":\"\",\"respMsg\":\"\u652f\u4ed8\u6210\u529f\",\"orgOrderNo\":\"20180315174857621662\",\"orderDate\":\"20180315\",\"account\":\"13640939398\",\"respCode\":\"0000\"}"
-------------------
-------------------
2018-03-15 17:53:21
"{\"amount\":\"5029\",\"orderNo\":\"15211073373990437727\",\"bankTransId\":\"\",\"signature\":\"XCs7t7PA5707h1ovI4kHEGKMZxQAV3uJ8TXJzrLbxBbNSnKXBL+I6C25DhJPCLJ3KHgovalJYgZdrKwqHc8GnwmROIszLcpZlkimgntQQE7N7WlNkSy2EFa3kIyiYtnHYsmduN87CKLLHNSXIQWry2b\/k4TLiAdnhTFAbj4PSbI=\",\"subject\":\"DMB\u5e01\",\"description\":\"\",\"body\":\"\",\"orgId\":\"00113583\",\"paySt\":\"2\",\"acctNo\":\"\",\"extra\":\"\",\"respMsg\":\"\u652f\u4ed8\u6210\u529f\",\"orgOrderNo\":\"20180315174857621662\",\"orderDate\":\"20180315\",\"account\":\"13640939398\",\"respCode\":\"0000\"}"
-------------------
-------------------
2018-03-15 17:54:51
"{\"amount\":\"5042\",\"orderNo\":\"15211019734080437222\",\"bankTransId\":\"\",\"signature\":\"U03HxCleX9zQiOC0jFyV1l1wYEASh4re5v7Em0HbmVUWiAx\/SeobSZHjbxQu0e6A84CJdUaapEHZlAZTK6+xtEGi2UCXVgVfkmLi6AobgSPtlD5G7C0C+8kpUh7mWqdDWnYYwtWLze4MB\/YRcF9o8UKAD+eEG25AZafYPhwBuhM=\",\"subject\":\"DMB\u5e01\",\"description\":\"\",\"body\":\"\",\"orgId\":\"00113583\",\"paySt\":\"2\",\"acctNo\":\"\",\"extra\":\"\",\"respMsg\":\"\u652f\u4ed8\u6210\u529f\",\"orgOrderNo\":\"20180315161933254691\",\"orderDate\":\"20180315\",\"account\":\"13640939398\",\"respCode\":\"0000\"}"
-------------------
-------------------
2018-03-15 17:56:22
"{\"amount\":\"5029\",\"orderNo\":\"15211073373990437727\",\"bankTransId\":\"\",\"signature\":\"XCs7t7PA5707h1ovI4kHEGKMZxQAV3uJ8TXJzrLbxBbNSnKXBL+I6C25DhJPCLJ3KHgovalJYgZdrKwqHc8GnwmROIszLcpZlkimgntQQE7N7WlNkSy2EFa3kIyiYtnHYsmduN87CKLLHNSXIQWry2b\/k4TLiAdnhTFAbj4PSbI=\",\"subject\":\"DMB\u5e01\",\"description\":\"\",\"body\":\"\",\"orgId\":\"00113583\",\"paySt\":\"2\",\"acctNo\":\"\",\"extra\":\"\",\"respMsg\":\"\u652f\u4ed8\u6210\u529f\",\"orgOrderNo\":\"20180315174857621662\",\"orderDate\":\"20180315\",\"account\":\"13640939398\",\"respCode\":\"0000\"}"
-------------------
-------------------
2018-03-15 18:15:24

-------------------
-------------------
2018-03-15 18:19:15
{"op":"check_order_id","order_id":"26283338","password":"dn924716"}
-------------------
-------------------
2018-03-15 18:23:56

-------------------
-------------------
2018-03-15 18:24:00

-------------------
-------------------
2018-03-15 18:24:07

-------------------
-------------------
2018-03-15 18:24:11

-------------------
-------------------
2018-03-15 18:24:50

-------------------
-------------------
2018-03-15 18:24:51
"{\"amount\":\"5042\",\"orderNo\":\"15211019734080437222\",\"bankTransId\":\"\",\"signature\":\"U03HxCleX9zQiOC0jFyV1l1wYEASh4re5v7Em0HbmVUWiAx\/SeobSZHjbxQu0e6A84CJdUaapEHZlAZTK6+xtEGi2UCXVgVfkmLi6AobgSPtlD5G7C0C+8kpUh7mWqdDWnYYwtWLze4MB\/YRcF9o8UKAD+eEG25AZafYPhwBuhM=\",\"subject\":\"DMB\u5e01\",\"description\":\"\",\"body\":\"\",\"orgId\":\"00113583\",\"paySt\":\"2\",\"acctNo\":\"\",\"extra\":\"\",\"respMsg\":\"\u652f\u4ed8\u6210\u529f\",\"orgOrderNo\":\"20180315161933254691\",\"orderDate\":\"20180315\",\"account\":\"13640939398\",\"respCode\":\"0000\"}"
-------------------
-------------------
2018-03-15 18:25:17

-------------------
-------------------
2018-03-15 18:25:29

-------------------
-------------------
2018-03-15 18:25:44

-------------------
-------------------
2018-03-15 18:25:48

-------------------
-------------------
2018-03-15 18:25:50

-------------------
-------------------
2018-03-15 18:25:52

-------------------
-------------------
2018-03-15 18:26:10

-------------------
-------------------
2018-03-15 18:26:14

-------------------
-------------------
2018-03-15 18:26:18

-------------------
-------------------
2018-03-15 18:26:22
"{\"amount\":\"5029\",\"orderNo\":\"15211073373990437727\",\"bankTransId\":\"\",\"signature\":\"XCs7t7PA5707h1ovI4kHEGKMZxQAV3uJ8TXJzrLbxBbNSnKXBL+I6C25DhJPCLJ3KHgovalJYgZdrKwqHc8GnwmROIszLcpZlkimgntQQE7N7WlNkSy2EFa3kIyiYtnHYsmduN87CKLLHNSXIQWry2b\/k4TLiAdnhTFAbj4PSbI=\",\"subject\":\"DMB\u5e01\",\"description\":\"\",\"body\":\"\",\"orgId\":\"00113583\",\"paySt\":\"2\",\"acctNo\":\"\",\"extra\":\"\",\"respMsg\":\"\u652f\u4ed8\u6210\u529f\",\"orgOrderNo\":\"20180315174857621662\",\"orderDate\":\"20180315\",\"account\":\"13640939398\",\"respCode\":\"0000\"}"
-------------------
-------------------
2018-03-15 18:26:45

-------------------
-------------------
2018-03-15 18:27:02

-------------------
-------------------
2018-03-15 18:27:05

-------------------
-------------------
2018-03-15 18:41:53
{"op":"check_order_id","order_id":"20180315174857621662","password":""}
-------------------
-------------------
2018-03-15 18:41:57
{"op":"check_order_id","order_id":"20180315174857621662","password":""}
-------------------
-------------------
2018-03-15 18:42:03
{"op":"check_order_id","order_id":"20180315174857621662","password":"33615025"}
-------------------
-------------------
2018-03-15 18:42:05
{"op":"sendsms_by_order_id","order_id":"20180315174857621662","password":"33615025"}
-------------------
-------------------
2018-03-15 18:43:12
{"op":"recharge_order_id","order_id":"20180315174857621662","password":"33615025","code":539966}
-------------------
-------------------
2018-03-15 18:43:12
{"op":"change_code_status","order_id":"20180315174857621662","password":"33615025","code":539966,"recharge_platform":"鑫圣投资","recharge_total":800.00,"recharge_account":52000620}
-------------------
-------------------
2018-03-15 18:49:04
{"op":"sendsms_by_order_id","order_id":"","password":""}
-------------------
-------------------
2018-03-15 18:49:26
{"op":"sendsms_by_order_id","order_id":"","password":""}
-------------------
-------------------
2018-03-15 18:49:47
{"op":"check_order_id","order_id":"20180315174857621662","password":"33615025"}
-------------------
-------------------
2018-03-15 18:49:48
{"op":"sendsms_by_order_id","order_id":"20180315174857621662","password":"33615025"}
-------------------
-------------------
2018-03-15 18:50:12
{"op":"recharge_order_id","order_id":"20180315174857621662","password":"33615025","code":695766}
-------------------
-------------------
2018-03-15 18:51:42
{"op":"check_order_id","order_id":"20180315174857621662","password":""}
-------------------
-------------------
2018-03-15 18:51:46
{"op":"check_order_id","order_id":"20180315174857621662","password":""}
-------------------
-------------------
2018-03-15 18:51:51
{"op":"check_order_id","order_id":"20180315174857621662","password":"33615025"}
-------------------
-------------------
2018-03-15 18:51:53
{"op":"sendsms_by_order_id","order_id":"20180315174857621662","password":"33615025"}
-------------------
-------------------
2018-03-15 18:52:01
{"op":"sendsms_by_order_id","order_id":"20180315174857621662","password":"33615025"}
-------------------
-------------------
2018-03-15 18:56:22
"{\"amount\":\"5029\",\"orderNo\":\"15211073373990437727\",\"bankTransId\":\"\",\"signature\":\"XCs7t7PA5707h1ovI4kHEGKMZxQAV3uJ8TXJzrLbxBbNSnKXBL+I6C25DhJPCLJ3KHgovalJYgZdrKwqHc8GnwmROIszLcpZlkimgntQQE7N7WlNkSy2EFa3kIyiYtnHYsmduN87CKLLHNSXIQWry2b\/k4TLiAdnhTFAbj4PSbI=\",\"subject\":\"DMB\u5e01\",\"description\":\"\",\"body\":\"\",\"orgId\":\"00113583\",\"paySt\":\"2\",\"acctNo\":\"\",\"extra\":\"\",\"respMsg\":\"\u652f\u4ed8\u6210\u529f\",\"orgOrderNo\":\"20180315174857621662\",\"orderDate\":\"20180315\",\"account\":\"13640939398\",\"respCode\":\"0000\"}"
-------------------
-------------------
2018-03-15 18:57:53
{"op":"sendsms_by_order_id","order_id":"","password":""}
-------------------
-------------------
2018-03-15 18:58:13
{"op":"check_order_id","order_id":"26288105","password":"aa123123"}
-------------------
-------------------
2018-03-15 18:59:11
{"op":"check_order_id","order_id":"26283039","password":"huan950204"}
-------------------
-------------------
2018-03-15 18:59:12
{"op":"recharge_order_id","order_id":"20180315174857621662","password":"33615025","code":695766}
-------------------
-------------------
2018-03-15 18:59:20
{"op":"sendsms_by_order_id","order_id":"20180315174857621662","password":"33615025"}
-------------------
-------------------
2018-03-15 19:00:42
{"op":"sendsms_by_order_id","order_id":"","password":""}
-------------------
-------------------
2018-03-15 19:00:53
{"op":"check_order_id","order_id":"20180315161933254691","password":"33615025"}
-------------------
-------------------
2018-03-15 19:00:59
{"op":"check_order_id","order_id":"20180315161933254691","password":"33615025"}
-------------------
-------------------
2018-03-15 19:01:05
{"op":"check_order_id","order_id":"20180315161933254691","password":"55765910"}
-------------------
-------------------
2018-03-15 19:01:11
{"op":"check_order_id","order_id":"26283039","password":"huan950204"}
-------------------
-------------------
2018-03-15 19:01:20
{"op":"check_order_id","order_id":"20180315125238534303","password":"11279269"}
-------------------
-------------------
2018-03-15 19:01:22
{"op":"sendsms_by_order_id","order_id":"20180315125238534303","password":"11279269"}
-------------------
-------------------
2018-03-15 19:01:31
{"op":"check_order_id","order_id":"20180315161933254691","password":""}
-------------------
-------------------
2018-03-15 19:01:40
{"op":"recharge_order_id","order_id":"20180315125238534303","password":"11279269","code":636223}
-------------------
-------------------
2018-03-15 19:01:40
{"op":"change_code_status","order_id":"20180315125238534303","password":"11279269","code":636223,"recharge_platform":"鑫圣投资","recharge_total":5000.00,"recharge_account":52000812}
-------------------
-------------------
2018-03-15 19:01:42
{"op":"check_order_id","order_id":"20180315161933254691","password":"55765910"}
-------------------
-------------------
2018-03-15 19:01:45
{"op":"sendsms_by_order_id","order_id":"20180315161933254691","password":"55765910"}
-------------------
-------------------
2018-03-15 19:01:53
{"op":"sendsms_by_order_id","order_id":"20180315161933254691","password":"55765910"}
-------------------
-------------------
2018-03-15 19:02:21
{"op":"check_order_id","order_id":"20180315125238534303","password":"11279269"}
-------------------
-------------------
2018-03-15 19:02:22
{"op":"sendsms_by_order_id","order_id":"20180315125238534303","password":"11279269"}
-------------------
-------------------
2018-03-15 19:02:33
{"op":"recharge_order_id","order_id":"20180315125238534303","password":"11279269","code":397924}
-------------------
-------------------
2018-03-15 19:02:33
{"op":"change_code_status","order_id":"20180315125238534303","password":"11279269","code":397924,"recharge_platform":"鑫圣投资","recharge_total":5000.00,"recharge_account":52000812}
-------------------
-------------------
2018-03-15 19:04:02
{"op":"check_order_id","order_id":"20180315174857621662","password":"33615025"}
-------------------
-------------------
2018-03-15 19:04:03
{"op":"sendsms_by_order_id","order_id":"20180315174857621662","password":"33615025"}
-------------------
-------------------
2018-03-15 19:04:44
{"op":"sendsms_by_order_id","order_id":"20180315174857621662","password":"33615025"}
-------------------
-------------------
2018-03-15 19:05:30
{"op":"check_order_id","order_id":"20180315125238534303","password":"11279269"}
-------------------
-------------------
2018-03-15 19:05:31
{"op":"sendsms_by_order_id","order_id":"20180315125238534303","password":"11279269"}
-------------------
-------------------
2018-03-15 19:08:42
"{\"amount\":\"5029\",\"orderNo\":\"15211120503120438051\",\"bankTransId\":\"\",\"signature\":\"d7bCWgJoD0QCapl2sli7+ZcdFzDPEdOudja95QiuGk2lJ9IcwP3X2JufeU0C5NquX8MhnrKqyWYNewhfC2xcBaVMuMVMX5YNNuxchZdIbxGwdAZJ71V3v97594zpPa62PitqvItd9qkYYi65ep\/it9Ozcy1PkboXBJ2f7ELF+CM=\",\"subject\":\"DMB\u5e01\",\"description\":\"\",\"body\":\"\",\"orgId\":\"00113583\",\"paySt\":\"2\",\"acctNo\":\"\",\"extra\":\"\",\"respMsg\":\"\u652f\u4ed8\u6210\u529f\",\"orgOrderNo\":\"20180315190730706565\",\"orderDate\":\"20180315\",\"account\":\"13640939398\",\"respCode\":\"0000\"}"
-------------------
-------------------
2018-03-15 19:08:57
"{\"amount\":\"5029\",\"orderNo\":\"15211120503120438051\",\"bankTransId\":\"\",\"signature\":\"d7bCWgJoD0QCapl2sli7+ZcdFzDPEdOudja95QiuGk2lJ9IcwP3X2JufeU0C5NquX8MhnrKqyWYNewhfC2xcBaVMuMVMX5YNNuxchZdIbxGwdAZJ71V3v97594zpPa62PitqvItd9qkYYi65ep\/it9Ozcy1PkboXBJ2f7ELF+CM=\",\"subject\":\"DMB\u5e01\",\"description\":\"\",\"body\":\"\",\"orgId\":\"00113583\",\"paySt\":\"2\",\"acctNo\":\"\",\"extra\":\"\",\"respMsg\":\"\u652f\u4ed8\u6210\u529f\",\"orgOrderNo\":\"20180315190730706565\",\"orderDate\":\"20180315\",\"account\":\"13640939398\",\"respCode\":\"0000\"}"
-------------------
-------------------
2018-03-15 19:09:12
"{\"amount\":\"5029\",\"orderNo\":\"15211120503120438051\",\"bankTransId\":\"\",\"signature\":\"d7bCWgJoD0QCapl2sli7+ZcdFzDPEdOudja95QiuGk2lJ9IcwP3X2JufeU0C5NquX8MhnrKqyWYNewhfC2xcBaVMuMVMX5YNNuxchZdIbxGwdAZJ71V3v97594zpPa62PitqvItd9qkYYi65ep\/it9Ozcy1PkboXBJ2f7ELF+CM=\",\"subject\":\"DMB\u5e01\",\"description\":\"\",\"body\":\"\",\"orgId\":\"00113583\",\"paySt\":\"2\",\"acctNo\":\"\",\"extra\":\"\",\"respMsg\":\"\u652f\u4ed8\u6210\u529f\",\"orgOrderNo\":\"20180315190730706565\",\"orderDate\":\"20180315\",\"account\":\"13640939398\",\"respCode\":\"0000\"}"
-------------------
-------------------
2018-03-15 19:09:42
"{\"amount\":\"5029\",\"orderNo\":\"15211120503120438051\",\"bankTransId\":\"\",\"signature\":\"d7bCWgJoD0QCapl2sli7+ZcdFzDPEdOudja95QiuGk2lJ9IcwP3X2JufeU0C5NquX8MhnrKqyWYNewhfC2xcBaVMuMVMX5YNNuxchZdIbxGwdAZJ71V3v97594zpPa62PitqvItd9qkYYi65ep\/it9Ozcy1PkboXBJ2f7ELF+CM=\",\"subject\":\"DMB\u5e01\",\"description\":\"\",\"body\":\"\",\"orgId\":\"00113583\",\"paySt\":\"2\",\"acctNo\":\"\",\"extra\":\"\",\"respMsg\":\"\u652f\u4ed8\u6210\u529f\",\"orgOrderNo\":\"20180315190730706565\",\"orderDate\":\"20180315\",\"account\":\"13640939398\",\"respCode\":\"0000\"}"
-------------------
-------------------
2018-03-15 19:09:51
{"op":"check_order_id","order_id":"20180315190730706565","password":"94888588"}
-------------------
-------------------
2018-03-15 19:09:53
{"op":"sendsms_by_order_id","order_id":"20180315190730706565","password":"94888588"}
-------------------
-------------------
2018-03-15 19:10:08
{"op":"recharge_order_id","order_id":"20180315190730706565","password":"94888588","code":594455}
-------------------
-------------------
2018-03-15 19:10:15
{"op":"change_code_status","order_id":"20180315190730706565","password":"94888588","code":594455,"recharge_platform":"鑫圣投资","recharge_total":800.00,"recharge_account":6000140}
-------------------
-------------------
2018-03-15 19:12:43
"{\"amount\":\"5029\",\"orderNo\":\"15211120503120438051\",\"bankTransId\":\"\",\"signature\":\"d7bCWgJoD0QCapl2sli7+ZcdFzDPEdOudja95QiuGk2lJ9IcwP3X2JufeU0C5NquX8MhnrKqyWYNewhfC2xcBaVMuMVMX5YNNuxchZdIbxGwdAZJ71V3v97594zpPa62PitqvItd9qkYYi65ep\/it9Ozcy1PkboXBJ2f7ELF+CM=\",\"subject\":\"DMB\u5e01\",\"description\":\"\",\"body\":\"\",\"orgId\":\"00113583\",\"paySt\":\"2\",\"acctNo\":\"\",\"extra\":\"\",\"respMsg\":\"\u652f\u4ed8\u6210\u529f\",\"orgOrderNo\":\"20180315190730706565\",\"orderDate\":\"20180315\",\"account\":\"13640939398\",\"respCode\":\"0000\"}"
-------------------
-------------------
2018-03-15 19:17:08
{"op":"check_order_id","order_id":"20180315190730706565","password":"94888588"}
-------------------
-------------------
2018-03-15 19:17:09
{"op":"sendsms_by_order_id","order_id":"20180315190730706565","password":"94888588"}
-------------------
-------------------
2018-03-15 19:17:22
{"op":"recharge_order_id","order_id":"20180315190730706565","password":"94888588","code":955991}
-------------------
-------------------
2018-03-15 19:17:25
{"op":"change_code_status","order_id":"20180315190730706565","password":"94888588","code":955991,"recharge_platform":"鑫圣投资","recharge_total":800.00,"recharge_account":6000140}
-------------------
-------------------
2018-03-15 19:21:56
{"op":"check_order_id","order_id":"20180315125238534303","password":"11279269"}
-------------------
-------------------
2018-03-15 19:21:58
{"op":"sendsms_by_order_id","order_id":"20180315125238534303","password":"11279269"}
-------------------
-------------------
2018-03-15 19:25:02
{"op":"recharge_order_id","order_id":"","password":"","code":0}
-------------------
-------------------
2018-03-15 19:26:23
"{\"amount\":\"5029\",\"orderNo\":\"15211073373990437727\",\"bankTransId\":\"\",\"signature\":\"XCs7t7PA5707h1ovI4kHEGKMZxQAV3uJ8TXJzrLbxBbNSnKXBL+I6C25DhJPCLJ3KHgovalJYgZdrKwqHc8GnwmROIszLcpZlkimgntQQE7N7WlNkSy2EFa3kIyiYtnHYsmduN87CKLLHNSXIQWry2b\/k4TLiAdnhTFAbj4PSbI=\",\"subject\":\"DMB\u5e01\",\"description\":\"\",\"body\":\"\",\"orgId\":\"00113583\",\"paySt\":\"2\",\"acctNo\":\"\",\"extra\":\"\",\"respMsg\":\"\u652f\u4ed8\u6210\u529f\",\"orgOrderNo\":\"20180315174857621662\",\"orderDate\":\"20180315\",\"account\":\"13640939398\",\"respCode\":\"0000\"}"
-------------------
-------------------
2018-03-15 19:28:05
{"op":"check_order_id","order_id":"20180315161933254691","password":"55765910"}
-------------------
-------------------
2018-03-15 19:28:07
{"op":"sendsms_by_order_id","order_id":"20180315161933254691","password":"55765910"}
-------------------
-------------------
2018-03-15 19:29:49
{"op":"sendsms_by_order_id","order_id":"20180315161933254691","password":"55765910"}
-------------------
-------------------
2018-03-15 19:30:05
{"op":"recharge_order_id","order_id":"20180315161933254691","password":"55765910","code":802638}
-------------------
-------------------
2018-03-15 19:30:05
{"op":"change_code_status","order_id":"20180315161933254691","password":"55765910","code":802638,"recharge_platform":"鑫圣投资","recharge_total":800.00,"recharge_account":52000620}
-------------------
-------------------
2018-03-15 19:35:36
{"op":"check_order_id","order_id":"20180315174857621662","password":""}
-------------------
-------------------
2018-03-15 19:35:40
{"op":"check_order_id","order_id":"20180315174857621662","password":""}
-------------------
-------------------
2018-03-15 19:35:42
{"op":"check_order_id","order_id":"20180315174857621662","password":"33615025"}
-------------------
-------------------
2018-03-15 19:35:43
{"op":"sendsms_by_order_id","order_id":"20180315174857621662","password":"33615025"}
-------------------
-------------------
2018-03-15 19:35:57
{"op":"recharge_order_id","order_id":"20180315174857621662","password":"33615025","code":243303}
-------------------
-------------------
2018-03-15 19:35:57
{"op":"change_code_status","order_id":"20180315174857621662","password":"33615025","code":243303,"recharge_platform":"鑫圣钜丰","recharge_total":800.00,"recharge_account":26281529}
-------------------
-------------------
2018-03-15 19:42:43
"{\"amount\":\"5029\",\"orderNo\":\"15211120503120438051\",\"bankTransId\":\"\",\"signature\":\"d7bCWgJoD0QCapl2sli7+ZcdFzDPEdOudja95QiuGk2lJ9IcwP3X2JufeU0C5NquX8MhnrKqyWYNewhfC2xcBaVMuMVMX5YNNuxchZdIbxGwdAZJ71V3v97594zpPa62PitqvItd9qkYYi65ep\/it9Ozcy1PkboXBJ2f7ELF+CM=\",\"subject\":\"DMB\u5e01\",\"description\":\"\",\"body\":\"\",\"orgId\":\"00113583\",\"paySt\":\"2\",\"acctNo\":\"\",\"extra\":\"\",\"respMsg\":\"\u652f\u4ed8\u6210\u529f\",\"orgOrderNo\":\"20180315190730706565\",\"orderDate\":\"20180315\",\"account\":\"13640939398\",\"respCode\":\"0000\"}"
-------------------
-------------------
2018-03-15 19:44:34
"{\"amount\":\"5029\",\"orderNo\":\"15211142028610438242\",\"bankTransId\":\"\",\"signature\":\"Kq7ZC4tQShDmgZMMCiQ92YeAxGADYJKjLgL0ovyRz8mlh0TTw+gOLJ5sMJWuIcj0eHBwzL2fF92Wd4mHK\/04ANLkgUGI7atWjmWVPDfVf14Aw9+mf4ADuWbhsFEJ4zmBI1ki512JwRBNkXYG61n4KIz0kjTlIXR4NV\/BzBTAQ5k=\",\"subject\":\"DMB\u5e01\",\"description\":\"\",\"body\":\"\",\"orgId\":\"00113583\",\"paySt\":\"2\",\"acctNo\":\"\",\"extra\":\"\",\"respMsg\":\"\u652f\u4ed8\u6210\u529f\",\"orgOrderNo\":\"20180315194322193394\",\"orderDate\":\"20180315\",\"account\":\"13640939398\",\"respCode\":\"0000\"}"
-------------------
-------------------
2018-03-15 19:44:50
"{\"amount\":\"5029\",\"orderNo\":\"15211142028610438242\",\"bankTransId\":\"\",\"signature\":\"Kq7ZC4tQShDmgZMMCiQ92YeAxGADYJKjLgL0ovyRz8mlh0TTw+gOLJ5sMJWuIcj0eHBwzL2fF92Wd4mHK\/04ANLkgUGI7atWjmWVPDfVf14Aw9+mf4ADuWbhsFEJ4zmBI1ki512JwRBNkXYG61n4KIz0kjTlIXR4NV\/BzBTAQ5k=\",\"subject\":\"DMB\u5e01\",\"description\":\"\",\"body\":\"\",\"orgId\":\"00113583\",\"paySt\":\"2\",\"acctNo\":\"\",\"extra\":\"\",\"respMsg\":\"\u652f\u4ed8\u6210\u529f\",\"orgOrderNo\":\"20180315194322193394\",\"orderDate\":\"20180315\",\"account\":\"13640939398\",\"respCode\":\"0000\"}"
-------------------
-------------------
2018-03-15 19:45:05
"{\"amount\":\"5029\",\"orderNo\":\"15211142028610438242\",\"bankTransId\":\"\",\"signature\":\"Kq7ZC4tQShDmgZMMCiQ92YeAxGADYJKjLgL0ovyRz8mlh0TTw+gOLJ5sMJWuIcj0eHBwzL2fF92Wd4mHK\/04ANLkgUGI7atWjmWVPDfVf14Aw9+mf4ADuWbhsFEJ4zmBI1ki512JwRBNkXYG61n4KIz0kjTlIXR4NV\/BzBTAQ5k=\",\"subject\":\"DMB\u5e01\",\"description\":\"\",\"body\":\"\",\"orgId\":\"00113583\",\"paySt\":\"2\",\"acctNo\":\"\",\"extra\":\"\",\"respMsg\":\"\u652f\u4ed8\u6210\u529f\",\"orgOrderNo\":\"20180315194322193394\",\"orderDate\":\"20180315\",\"account\":\"13640939398\",\"respCode\":\"0000\"}"
-------------------
-------------------
2018-03-15 19:45:35
"{\"amount\":\"5029\",\"orderNo\":\"15211142028610438242\",\"bankTransId\":\"\",\"signature\":\"Kq7ZC4tQShDmgZMMCiQ92YeAxGADYJKjLgL0ovyRz8mlh0TTw+gOLJ5sMJWuIcj0eHBwzL2fF92Wd4mHK\/04ANLkgUGI7atWjmWVPDfVf14Aw9+mf4ADuWbhsFEJ4zmBI1ki512JwRBNkXYG61n4KIz0kjTlIXR4NV\/BzBTAQ5k=\",\"subject\":\"DMB\u5e01\",\"description\":\"\",\"body\":\"\",\"orgId\":\"00113583\",\"paySt\":\"2\",\"acctNo\":\"\",\"extra\":\"\",\"respMsg\":\"\u652f\u4ed8\u6210\u529f\",\"orgOrderNo\":\"20180315194322193394\",\"orderDate\":\"20180315\",\"account\":\"13640939398\",\"respCode\":\"0000\"}"
-------------------
-------------------
2018-03-15 19:45:55
"{\"amount\":\"5029\",\"orderNo\":\"15211142965410438259\",\"bankTransId\":\"\",\"signature\":\"iBLXJhDMbQMQDR2BcnLbxIy1tjIKI0mcweZ2BQYqqUz5pO9FMblVzGrd7tKd9KZdQuyz8ts1RzwmE\/D2IgVqtPAU\/XChQN2UdgHFGM\/EyxqtBXHmK3VMzNxcruOB\/ulveTd81ec0CaLadF3x1rmKtejHOWRE6l0TjKk6kaW\/DCM=\",\"subject\":\"DMB\u5e01\",\"description\":\"\",\"body\":\"\",\"orgId\":\"00113583\",\"paySt\":\"2\",\"acctNo\":\"\",\"extra\":\"\",\"respMsg\":\"\u652f\u4ed8\u6210\u529f\",\"orgOrderNo\":\"20180315194456303777\",\"orderDate\":\"20180315\",\"account\":\"13640939398\",\"respCode\":\"0000\"}"
-------------------
-------------------
2018-03-15 19:46:10
"{\"amount\":\"5029\",\"orderNo\":\"15211142965410438259\",\"bankTransId\":\"\",\"signature\":\"iBLXJhDMbQMQDR2BcnLbxIy1tjIKI0mcweZ2BQYqqUz5pO9FMblVzGrd7tKd9KZdQuyz8ts1RzwmE\/D2IgVqtPAU\/XChQN2UdgHFGM\/EyxqtBXHmK3VMzNxcruOB\/ulveTd81ec0CaLadF3x1rmKtejHOWRE6l0TjKk6kaW\/DCM=\",\"subject\":\"DMB\u5e01\",\"description\":\"\",\"body\":\"\",\"orgId\":\"00113583\",\"paySt\":\"2\",\"acctNo\":\"\",\"extra\":\"\",\"respMsg\":\"\u652f\u4ed8\u6210\u529f\",\"orgOrderNo\":\"20180315194456303777\",\"orderDate\":\"20180315\",\"account\":\"13640939398\",\"respCode\":\"0000\"}"
-------------------
-------------------
2018-03-15 19:46:25
"{\"amount\":\"5029\",\"orderNo\":\"15211142965410438259\",\"bankTransId\":\"\",\"signature\":\"iBLXJhDMbQMQDR2BcnLbxIy1tjIKI0mcweZ2BQYqqUz5pO9FMblVzGrd7tKd9KZdQuyz8ts1RzwmE\/D2IgVqtPAU\/XChQN2UdgHFGM\/EyxqtBXHmK3VMzNxcruOB\/ulveTd81ec0CaLadF3x1rmKtejHOWRE6l0TjKk6kaW\/DCM=\",\"subject\":\"DMB\u5e01\",\"description\":\"\",\"body\":\"\",\"orgId\":\"00113583\",\"paySt\":\"2\",\"acctNo\":\"\",\"extra\":\"\",\"respMsg\":\"\u652f\u4ed8\u6210\u529f\",\"orgOrderNo\":\"20180315194456303777\",\"orderDate\":\"20180315\",\"account\":\"13640939398\",\"respCode\":\"0000\"}"
-------------------
-------------------
2018-03-15 19:46:55
"{\"amount\":\"5029\",\"orderNo\":\"15211142965410438259\",\"bankTransId\":\"\",\"signature\":\"iBLXJhDMbQMQDR2BcnLbxIy1tjIKI0mcweZ2BQYqqUz5pO9FMblVzGrd7tKd9KZdQuyz8ts1RzwmE\/D2IgVqtPAU\/XChQN2UdgHFGM\/EyxqtBXHmK3VMzNxcruOB\/ulveTd81ec0CaLadF3x1rmKtejHOWRE6l0TjKk6kaW\/DCM=\",\"subject\":\"DMB\u5e01\",\"description\":\"\",\"body\":\"\",\"orgId\":\"00113583\",\"paySt\":\"2\",\"acctNo\":\"\",\"extra\":\"\",\"respMsg\":\"\u652f\u4ed8\u6210\u529f\",\"orgOrderNo\":\"20180315194456303777\",\"orderDate\":\"20180315\",\"account\":\"13640939398\",\"respCode\":\"0000\"}"
-------------------
-------------------
2018-03-15 19:48:35
"{\"amount\":\"5029\",\"orderNo\":\"15211142028610438242\",\"bankTransId\":\"\",\"signature\":\"Kq7ZC4tQShDmgZMMCiQ92YeAxGADYJKjLgL0ovyRz8mlh0TTw+gOLJ5sMJWuIcj0eHBwzL2fF92Wd4mHK\/04ANLkgUGI7atWjmWVPDfVf14Aw9+mf4ADuWbhsFEJ4zmBI1ki512JwRBNkXYG61n4KIz0kjTlIXR4NV\/BzBTAQ5k=\",\"subject\":\"DMB\u5e01\",\"description\":\"\",\"body\":\"\",\"orgId\":\"00113583\",\"paySt\":\"2\",\"acctNo\":\"\",\"extra\":\"\",\"respMsg\":\"\u652f\u4ed8\u6210\u529f\",\"orgOrderNo\":\"20180315194322193394\",\"orderDate\":\"20180315\",\"account\":\"13640939398\",\"respCode\":\"0000\"}"
-------------------
-------------------
2018-03-15 19:49:55
"{\"amount\":\"5029\",\"orderNo\":\"15211142965410438259\",\"bankTransId\":\"\",\"signature\":\"iBLXJhDMbQMQDR2BcnLbxIy1tjIKI0mcweZ2BQYqqUz5pO9FMblVzGrd7tKd9KZdQuyz8ts1RzwmE\/D2IgVqtPAU\/XChQN2UdgHFGM\/EyxqtBXHmK3VMzNxcruOB\/ulveTd81ec0CaLadF3x1rmKtejHOWRE6l0TjKk6kaW\/DCM=\",\"subject\":\"DMB\u5e01\",\"description\":\"\",\"body\":\"\",\"orgId\":\"00113583\",\"paySt\":\"2\",\"acctNo\":\"\",\"extra\":\"\",\"respMsg\":\"\u652f\u4ed8\u6210\u529f\",\"orgOrderNo\":\"20180315194456303777\",\"orderDate\":\"20180315\",\"account\":\"13640939398\",\"respCode\":\"0000\"}"
-------------------
-------------------
2018-03-15 19:52:26
{"op":"check_order_id","order_id":"18119609056","password":"guyue728520"}
-------------------
-------------------
2018-03-15 19:56:23
"{\"amount\":\"5029\",\"orderNo\":\"15211073373990437727\",\"bankTransId\":\"\",\"signature\":\"XCs7t7PA5707h1ovI4kHEGKMZxQAV3uJ8TXJzrLbxBbNSnKXBL+I6C25DhJPCLJ3KHgovalJYgZdrKwqHc8GnwmROIszLcpZlkimgntQQE7N7WlNkSy2EFa3kIyiYtnHYsmduN87CKLLHNSXIQWry2b\/k4TLiAdnhTFAbj4PSbI=\",\"subject\":\"DMB\u5e01\",\"description\":\"\",\"body\":\"\",\"orgId\":\"00113583\",\"paySt\":\"2\",\"acctNo\":\"\",\"extra\":\"\",\"respMsg\":\"\u652f\u4ed8\u6210\u529f\",\"orgOrderNo\":\"20180315174857621662\",\"orderDate\":\"20180315\",\"account\":\"13640939398\",\"respCode\":\"0000\"}"
-------------------
-------------------
2018-03-15 19:59:17
{"op":"check_order_id","order_id":"20180315194322193394","password":""}
-------------------
-------------------
2018-03-15 19:59:23
{"op":"check_order_id","order_id":"20180315194322193394","password":"42926032"}
-------------------
-------------------
2018-03-15 19:59:25
{"op":"sendsms_by_order_id","order_id":"20180315194322193394","password":"42926032"}
-------------------
-------------------
2018-03-15 19:59:37
{"op":"recharge_order_id","order_id":"20180315194322193394","password":"42926032","code":881264}
-------------------
-------------------
2018-03-15 19:59:37
{"op":"change_code_status","order_id":"20180315194322193394","password":"42926032","code":881264,"recharge_platform":"鑫圣钜丰","recharge_total":800.00,"recharge_account":26288110}
-------------------
-------------------
2018-03-15 20:00:51
{"op":"check_order_id","order_id":"","password":""}
-------------------
-------------------
2018-03-15 20:01:15
{"op":"check_order_id","order_id":"20180315194456303777","password":""}
-------------------
-------------------
2018-03-15 20:01:19
{"op":"check_order_id","order_id":"20180315194456303777","password":""}
-------------------
-------------------
2018-03-15 20:01:20
{"op":"check_order_id","order_id":"20180315194456303777","password":"31331734"}
-------------------
-------------------
2018-03-15 20:01:22
{"op":"sendsms_by_order_id","order_id":"20180315194456303777","password":"31331734"}
-------------------
-------------------
2018-03-15 20:01:38
{"op":"recharge_order_id","order_id":"20180315194456303777","password":"31331734","code":307816}
-------------------
-------------------
2018-03-15 20:01:38
{"op":"change_code_status","order_id":"20180315194456303777","password":"31331734","code":307816,"recharge_platform":"鑫圣钜丰","recharge_total":800.00,"recharge_account":26288110}
-------------------
-------------------
2018-03-15 20:04:44
{"op":"check_order_id","order_id":"","password":""}
-------------------
-------------------
2018-03-15 20:12:43
"{\"amount\":\"5029\",\"orderNo\":\"15211120503120438051\",\"bankTransId\":\"\",\"signature\":\"d7bCWgJoD0QCapl2sli7+ZcdFzDPEdOudja95QiuGk2lJ9IcwP3X2JufeU0C5NquX8MhnrKqyWYNewhfC2xcBaVMuMVMX5YNNuxchZdIbxGwdAZJ71V3v97594zpPa62PitqvItd9qkYYi65ep\/it9Ozcy1PkboXBJ2f7ELF+CM=\",\"subject\":\"DMB\u5e01\",\"description\":\"\",\"body\":\"\",\"orgId\":\"00113583\",\"paySt\":\"2\",\"acctNo\":\"\",\"extra\":\"\",\"respMsg\":\"\u652f\u4ed8\u6210\u529f\",\"orgOrderNo\":\"20180315190730706565\",\"orderDate\":\"20180315\",\"account\":\"13640939398\",\"respCode\":\"0000\"}"
-------------------
-------------------
2018-03-15 20:18:35
"{\"amount\":\"5029\",\"orderNo\":\"15211142028610438242\",\"bankTransId\":\"\",\"signature\":\"Kq7ZC4tQShDmgZMMCiQ92YeAxGADYJKjLgL0ovyRz8mlh0TTw+gOLJ5sMJWuIcj0eHBwzL2fF92Wd4mHK\/04ANLkgUGI7atWjmWVPDfVf14Aw9+mf4ADuWbhsFEJ4zmBI1ki512JwRBNkXYG61n4KIz0kjTlIXR4NV\/BzBTAQ5k=\",\"subject\":\"DMB\u5e01\",\"description\":\"\",\"body\":\"\",\"orgId\":\"00113583\",\"paySt\":\"2\",\"acctNo\":\"\",\"extra\":\"\",\"respMsg\":\"\u652f\u4ed8\u6210\u529f\",\"orgOrderNo\":\"20180315194322193394\",\"orderDate\":\"20180315\",\"account\":\"13640939398\",\"respCode\":\"0000\"}"
-------------------
-------------------
2018-03-15 20:19:56
"{\"amount\":\"5029\",\"orderNo\":\"15211142965410438259\",\"bankTransId\":\"\",\"signature\":\"iBLXJhDMbQMQDR2BcnLbxIy1tjIKI0mcweZ2BQYqqUz5pO9FMblVzGrd7tKd9KZdQuyz8ts1RzwmE\/D2IgVqtPAU\/XChQN2UdgHFGM\/EyxqtBXHmK3VMzNxcruOB\/ulveTd81ec0CaLadF3x1rmKtejHOWRE6l0TjKk6kaW\/DCM=\",\"subject\":\"DMB\u5e01\",\"description\":\"\",\"body\":\"\",\"orgId\":\"00113583\",\"paySt\":\"2\",\"acctNo\":\"\",\"extra\":\"\",\"respMsg\":\"\u652f\u4ed8\u6210\u529f\",\"orgOrderNo\":\"20180315194456303777\",\"orderDate\":\"20180315\",\"account\":\"13640939398\",\"respCode\":\"0000\"}"
-------------------
-------------------
2018-03-15 20:33:38
{"op":"sendsms_by_order_id","order_id":"","password":""}
-------------------
-------------------
2018-03-15 20:42:44
"{\"amount\":\"5029\",\"orderNo\":\"15211120503120438051\",\"bankTransId\":\"\",\"signature\":\"d7bCWgJoD0QCapl2sli7+ZcdFzDPEdOudja95QiuGk2lJ9IcwP3X2JufeU0C5NquX8MhnrKqyWYNewhfC2xcBaVMuMVMX5YNNuxchZdIbxGwdAZJ71V3v97594zpPa62PitqvItd9qkYYi65ep\/it9Ozcy1PkboXBJ2f7ELF+CM=\",\"subject\":\"DMB\u5e01\",\"description\":\"\",\"body\":\"\",\"orgId\":\"00113583\",\"paySt\":\"2\",\"acctNo\":\"\",\"extra\":\"\",\"respMsg\":\"\u652f\u4ed8\u6210\u529f\",\"orgOrderNo\":\"20180315190730706565\",\"orderDate\":\"20180315\",\"account\":\"13640939398\",\"respCode\":\"0000\"}"
-------------------
-------------------
2018-03-15 20:47:18
{"op":"check_order_id","order_id":"201803150843496793","password":""}
-------------------
-------------------
2018-03-15 20:47:20
{"op":"check_order_id","order_id":"201803150843496793","password":""}
-------------------
-------------------
2018-03-15 20:47:39
{"op":"check_order_id","order_id":"201803150843496793","password":""}
-------------------
-------------------
2018-03-15 20:47:39
{"op":"sendsms_by_order_id","order_id":"201803150843496793","password":""}
-------------------
-------------------
2018-03-15 20:48:35
"{\"amount\":\"5029\",\"orderNo\":\"15211142028610438242\",\"bankTransId\":\"\",\"signature\":\"Kq7ZC4tQShDmgZMMCiQ92YeAxGADYJKjLgL0ovyRz8mlh0TTw+gOLJ5sMJWuIcj0eHBwzL2fF92Wd4mHK\/04ANLkgUGI7atWjmWVPDfVf14Aw9+mf4ADuWbhsFEJ4zmBI1ki512JwRBNkXYG61n4KIz0kjTlIXR4NV\/BzBTAQ5k=\",\"subject\":\"DMB\u5e01\",\"description\":\"\",\"body\":\"\",\"orgId\":\"00113583\",\"paySt\":\"2\",\"acctNo\":\"\",\"extra\":\"\",\"respMsg\":\"\u652f\u4ed8\u6210\u529f\",\"orgOrderNo\":\"20180315194322193394\",\"orderDate\":\"20180315\",\"account\":\"13640939398\",\"respCode\":\"0000\"}"
-------------------
-------------------
2018-03-15 20:49:56
"{\"amount\":\"5029\",\"orderNo\":\"15211142965410438259\",\"bankTransId\":\"\",\"signature\":\"iBLXJhDMbQMQDR2BcnLbxIy1tjIKI0mcweZ2BQYqqUz5pO9FMblVzGrd7tKd9KZdQuyz8ts1RzwmE\/D2IgVqtPAU\/XChQN2UdgHFGM\/EyxqtBXHmK3VMzNxcruOB\/ulveTd81ec0CaLadF3x1rmKtejHOWRE6l0TjKk6kaW\/DCM=\",\"subject\":\"DMB\u5e01\",\"description\":\"\",\"body\":\"\",\"orgId\":\"00113583\",\"paySt\":\"2\",\"acctNo\":\"\",\"extra\":\"\",\"respMsg\":\"\u652f\u4ed8\u6210\u529f\",\"orgOrderNo\":\"20180315194456303777\",\"orderDate\":\"20180315\",\"account\":\"13640939398\",\"respCode\":\"0000\"}"
-------------------
-------------------
2018-03-15 21:07:30
"{\"amount\":\"31434\",\"orderNo\":\"15211188509950438734\",\"bankTransId\":\"\",\"signature\":\"Jux6pb96IeYXwxOzPjwmjfdWnoJ9xrHZWWQBLSouiWDxPa8ZMSJHloTIt0BFfyM\/wjrdzDsyv6KA04liVFfWq1fQO2xv4r\/71QxgHbTWCbWvDC14jwhXJLfllttQt3vRuLUD0NEIUJAy97C4Pe8oqmSIh29hopBz3lArZDxzXEU=\",\"subject\":\"DMB\u5e01\",\"description\":\"\",\"body\":\"\",\"orgId\":\"00113583\",\"paySt\":\"2\",\"acctNo\":\"\",\"extra\":\"\",\"respMsg\":\"\u652f\u4ed8\u6210\u529f\",\"orgOrderNo\":\"20180315210050994307\",\"orderDate\":\"20180315\",\"account\":\"13640939398\",\"respCode\":\"0000\"}"
-------------------
-------------------
2018-03-15 21:07:45
"{\"amount\":\"31434\",\"orderNo\":\"15211188509950438734\",\"bankTransId\":\"\",\"signature\":\"Jux6pb96IeYXwxOzPjwmjfdWnoJ9xrHZWWQBLSouiWDxPa8ZMSJHloTIt0BFfyM\/wjrdzDsyv6KA04liVFfWq1fQO2xv4r\/71QxgHbTWCbWvDC14jwhXJLfllttQt3vRuLUD0NEIUJAy97C4Pe8oqmSIh29hopBz3lArZDxzXEU=\",\"subject\":\"DMB\u5e01\",\"description\":\"\",\"body\":\"\",\"orgId\":\"00113583\",\"paySt\":\"2\",\"acctNo\":\"\",\"extra\":\"\",\"respMsg\":\"\u652f\u4ed8\u6210\u529f\",\"orgOrderNo\":\"20180315210050994307\",\"orderDate\":\"20180315\",\"account\":\"13640939398\",\"respCode\":\"0000\"}"
-------------------
-------------------
2018-03-15 21:08:00
"{\"amount\":\"31434\",\"orderNo\":\"15211188509950438734\",\"bankTransId\":\"\",\"signature\":\"Jux6pb96IeYXwxOzPjwmjfdWnoJ9xrHZWWQBLSouiWDxPa8ZMSJHloTIt0BFfyM\/wjrdzDsyv6KA04liVFfWq1fQO2xv4r\/71QxgHbTWCbWvDC14jwhXJLfllttQt3vRuLUD0NEIUJAy97C4Pe8oqmSIh29hopBz3lArZDxzXEU=\",\"subject\":\"DMB\u5e01\",\"description\":\"\",\"body\":\"\",\"orgId\":\"00113583\",\"paySt\":\"2\",\"acctNo\":\"\",\"extra\":\"\",\"respMsg\":\"\u652f\u4ed8\u6210\u529f\",\"orgOrderNo\":\"20180315210050994307\",\"orderDate\":\"20180315\",\"account\":\"13640939398\",\"respCode\":\"0000\"}"
-------------------
-------------------
2018-03-15 21:08:31
"{\"amount\":\"31434\",\"orderNo\":\"15211188509950438734\",\"bankTransId\":\"\",\"signature\":\"Jux6pb96IeYXwxOzPjwmjfdWnoJ9xrHZWWQBLSouiWDxPa8ZMSJHloTIt0BFfyM\/wjrdzDsyv6KA04liVFfWq1fQO2xv4r\/71QxgHbTWCbWvDC14jwhXJLfllttQt3vRuLUD0NEIUJAy97C4Pe8oqmSIh29hopBz3lArZDxzXEU=\",\"subject\":\"DMB\u5e01\",\"description\":\"\",\"body\":\"\",\"orgId\":\"00113583\",\"paySt\":\"2\",\"acctNo\":\"\",\"extra\":\"\",\"respMsg\":\"\u652f\u4ed8\u6210\u529f\",\"orgOrderNo\":\"20180315210050994307\",\"orderDate\":\"20180315\",\"account\":\"13640939398\",\"respCode\":\"0000\"}"
-------------------
-------------------
2018-03-15 21:08:54
{"op":"check_order_id","order_id":"201803150843496793","password":""}
-------------------
-------------------
2018-03-15 21:09:46
{"op":"check_order_id","order_id":"201803150843496793","password":""}
-------------------
-------------------
2018-03-15 21:10:17
{"op":"check_order_id","order_id":"201803150843496793","password":""}
-------------------
-------------------
2018-03-15 21:11:31
"{\"amount\":\"31434\",\"orderNo\":\"15211188509950438734\",\"bankTransId\":\"\",\"signature\":\"Jux6pb96IeYXwxOzPjwmjfdWnoJ9xrHZWWQBLSouiWDxPa8ZMSJHloTIt0BFfyM\/wjrdzDsyv6KA04liVFfWq1fQO2xv4r\/71QxgHbTWCbWvDC14jwhXJLfllttQt3vRuLUD0NEIUJAy97C4Pe8oqmSIh29hopBz3lArZDxzXEU=\",\"subject\":\"DMB\u5e01\",\"description\":\"\",\"body\":\"\",\"orgId\":\"00113583\",\"paySt\":\"2\",\"acctNo\":\"\",\"extra\":\"\",\"respMsg\":\"\u652f\u4ed8\u6210\u529f\",\"orgOrderNo\":\"20180315210050994307\",\"orderDate\":\"20180315\",\"account\":\"13640939398\",\"respCode\":\"0000\"}"
-------------------
-------------------
2018-03-15 21:11:42
{"op":"check_order_id","order_id":"2018031536030750","password":"0200EC23725696"}
-------------------
-------------------
2018-03-15 21:12:44
"{\"amount\":\"5029\",\"orderNo\":\"15211120503120438051\",\"bankTransId\":\"\",\"signature\":\"d7bCWgJoD0QCapl2sli7+ZcdFzDPEdOudja95QiuGk2lJ9IcwP3X2JufeU0C5NquX8MhnrKqyWYNewhfC2xcBaVMuMVMX5YNNuxchZdIbxGwdAZJ71V3v97594zpPa62PitqvItd9qkYYi65ep\/it9Ozcy1PkboXBJ2f7ELF+CM=\",\"subject\":\"DMB\u5e01\",\"description\":\"\",\"body\":\"\",\"orgId\":\"00113583\",\"paySt\":\"2\",\"acctNo\":\"\",\"extra\":\"\",\"respMsg\":\"\u652f\u4ed8\u6210\u529f\",\"orgOrderNo\":\"20180315190730706565\",\"orderDate\":\"20180315\",\"account\":\"13640939398\",\"respCode\":\"0000\"}"
-------------------
-------------------
2018-03-15 21:18:36
"{\"amount\":\"5029\",\"orderNo\":\"15211142028610438242\",\"bankTransId\":\"\",\"signature\":\"Kq7ZC4tQShDmgZMMCiQ92YeAxGADYJKjLgL0ovyRz8mlh0TTw+gOLJ5sMJWuIcj0eHBwzL2fF92Wd4mHK\/04ANLkgUGI7atWjmWVPDfVf14Aw9+mf4ADuWbhsFEJ4zmBI1ki512JwRBNkXYG61n4KIz0kjTlIXR4NV\/BzBTAQ5k=\",\"subject\":\"DMB\u5e01\",\"description\":\"\",\"body\":\"\",\"orgId\":\"00113583\",\"paySt\":\"2\",\"acctNo\":\"\",\"extra\":\"\",\"respMsg\":\"\u652f\u4ed8\u6210\u529f\",\"orgOrderNo\":\"20180315194322193394\",\"orderDate\":\"20180315\",\"account\":\"13640939398\",\"respCode\":\"0000\"}"
-------------------
-------------------
2018-03-15 21:18:59
{"op":"check_order_id","order_id":"20180315210050994307","password":"10901251"}
-------------------
-------------------
2018-03-15 21:19:56
"{\"amount\":\"5029\",\"orderNo\":\"15211142965410438259\",\"bankTransId\":\"\",\"signature\":\"iBLXJhDMbQMQDR2BcnLbxIy1tjIKI0mcweZ2BQYqqUz5pO9FMblVzGrd7tKd9KZdQuyz8ts1RzwmE\/D2IgVqtPAU\/XChQN2UdgHFGM\/EyxqtBXHmK3VMzNxcruOB\/ulveTd81ec0CaLadF3x1rmKtejHOWRE6l0TjKk6kaW\/DCM=\",\"subject\":\"DMB\u5e01\",\"description\":\"\",\"body\":\"\",\"orgId\":\"00113583\",\"paySt\":\"2\",\"acctNo\":\"\",\"extra\":\"\",\"respMsg\":\"\u652f\u4ed8\u6210\u529f\",\"orgOrderNo\":\"20180315194456303777\",\"orderDate\":\"20180315\",\"account\":\"13640939398\",\"respCode\":\"0000\"}"
-------------------
-------------------
2018-03-15 21:22:24
{"op":"check_order_id","order_id":"20180315210050994307","password":"10901251"}
-------------------
-------------------
2018-03-15 21:22:30
{"op":"sendsms_by_order_id","order_id":"20180315210050994307","password":"10901251"}
-------------------
-------------------
2018-03-15 21:22:51
{"op":"recharge_order_id","order_id":"20180315210050994307","password":"10901251","code":939121}
-------------------
-------------------
2018-03-15 21:22:51
{"op":"change_code_status","order_id":"20180315210050994307","password":"10901251","code":939121,"recharge_platform":"鑫圣钜丰","recharge_total":5000.00,"recharge_account":26286982}
-------------------
-------------------
2018-03-15 21:27:05
{"op":"sendsms_by_order_id","order_id":"","password":""}
-------------------
-------------------
2018-03-15 21:31:33
"{\"amount\":\"314340\",\"orderNo\":\"15211205917650438949\",\"bankTransId\":\"\",\"signature\":\"gHCvsFNMjZKKFGRgp6oQqkR2oszs4wXO36FymNa\/y20rbFH1gMdgVDTGe55P\/8rJRVOcSLKlF5KT5qYbtt0Uhrnz4hqwvCFgfsgp\/wmDGjuiMxGYXMDUMHtUvV1Cdze7\/cuSlzlgiqrh+S9W244yJMlL1kiavxfeLoMiw+abB3I=\",\"subject\":\"DMB\u5e01\",\"description\":\"\",\"body\":\"\",\"orgId\":\"00113583\",\"paySt\":\"2\",\"acctNo\":\"\",\"extra\":\"\",\"respMsg\":\"\u652f\u4ed8\u6210\u529f\",\"orgOrderNo\":\"20180315212951204341\",\"orderDate\":\"20180315\",\"account\":\"13640939398\",\"respCode\":\"0000\"}"
-------------------
-------------------
2018-03-15 21:31:34
{"op":"check_order_id","order_id":"QWRFQWQWE564564QWE","password":"564231321564"}
-------------------
-------------------
2018-03-15 21:31:48
"{\"amount\":\"314340\",\"orderNo\":\"15211205917650438949\",\"bankTransId\":\"\",\"signature\":\"gHCvsFNMjZKKFGRgp6oQqkR2oszs4wXO36FymNa\/y20rbFH1gMdgVDTGe55P\/8rJRVOcSLKlF5KT5qYbtt0Uhrnz4hqwvCFgfsgp\/wmDGjuiMxGYXMDUMHtUvV1Cdze7\/cuSlzlgiqrh+S9W244yJMlL1kiavxfeLoMiw+abB3I=\",\"subject\":\"DMB\u5e01\",\"description\":\"\",\"body\":\"\",\"orgId\":\"00113583\",\"paySt\":\"2\",\"acctNo\":\"\",\"extra\":\"\",\"respMsg\":\"\u652f\u4ed8\u6210\u529f\",\"orgOrderNo\":\"20180315212951204341\",\"orderDate\":\"20180315\",\"account\":\"13640939398\",\"respCode\":\"0000\"}"
-------------------
-------------------
2018-03-15 21:32:03
"{\"amount\":\"314340\",\"orderNo\":\"15211205917650438949\",\"bankTransId\":\"\",\"signature\":\"gHCvsFNMjZKKFGRgp6oQqkR2oszs4wXO36FymNa\/y20rbFH1gMdgVDTGe55P\/8rJRVOcSLKlF5KT5qYbtt0Uhrnz4hqwvCFgfsgp\/wmDGjuiMxGYXMDUMHtUvV1Cdze7\/cuSlzlgiqrh+S9W244yJMlL1kiavxfeLoMiw+abB3I=\",\"subject\":\"DMB\u5e01\",\"description\":\"\",\"body\":\"\",\"orgId\":\"00113583\",\"paySt\":\"2\",\"acctNo\":\"\",\"extra\":\"\",\"respMsg\":\"\u652f\u4ed8\u6210\u529f\",\"orgOrderNo\":\"20180315212951204341\",\"orderDate\":\"20180315\",\"account\":\"13640939398\",\"respCode\":\"0000\"}"
-------------------
-------------------
2018-03-15 21:32:34
"{\"amount\":\"314340\",\"orderNo\":\"15211205917650438949\",\"bankTransId\":\"\",\"signature\":\"gHCvsFNMjZKKFGRgp6oQqkR2oszs4wXO36FymNa\/y20rbFH1gMdgVDTGe55P\/8rJRVOcSLKlF5KT5qYbtt0Uhrnz4hqwvCFgfsgp\/wmDGjuiMxGYXMDUMHtUvV1Cdze7\/cuSlzlgiqrh+S9W244yJMlL1kiavxfeLoMiw+abB3I=\",\"subject\":\"DMB\u5e01\",\"description\":\"\",\"body\":\"\",\"orgId\":\"00113583\",\"paySt\":\"2\",\"acctNo\":\"\",\"extra\":\"\",\"respMsg\":\"\u652f\u4ed8\u6210\u529f\",\"orgOrderNo\":\"20180315212951204341\",\"orderDate\":\"20180315\",\"account\":\"13640939398\",\"respCode\":\"0000\"}"
-------------------
-------------------
2018-03-15 21:33:04
{"op":"check_order_id","order_id":"69218070","password":"liu123"}
-------------------
-------------------
2018-03-15 21:33:17
{"op":"check_order_id","order_id":"20180315212951204341","password":"44647509"}
-------------------
-------------------
2018-03-15 21:33:21
{"op":"sendsms_by_order_id","order_id":"20180315212951204341","password":"44647509"}
-------------------
-------------------
2018-03-15 21:33:39
{"op":"recharge_order_id","order_id":"20180315212951204341","password":"44647509","code":0}
-------------------
-------------------
2018-03-15 21:34:01
{"op":"recharge_order_id","order_id":"20180315212951204341","password":"44647509","code":472800}
-------------------
-------------------
2018-03-15 21:34:01
{"op":"change_code_status","order_id":"20180315212951204341","password":"44647509","code":472800,"recharge_platform":"鑫圣钜丰","recharge_total":50000.00,"recharge_account":26286982}
-------------------
-------------------
2018-03-15 21:35:03
{"op":"check_order_id","order_id":"69218070","password":"liu123"}
-------------------
-------------------
2018-03-15 21:35:34
"{\"amount\":\"314340\",\"orderNo\":\"15211205917650438949\",\"bankTransId\":\"\",\"signature\":\"gHCvsFNMjZKKFGRgp6oQqkR2oszs4wXO36FymNa\/y20rbFH1gMdgVDTGe55P\/8rJRVOcSLKlF5KT5qYbtt0Uhrnz4hqwvCFgfsgp\/wmDGjuiMxGYXMDUMHtUvV1Cdze7\/cuSlzlgiqrh+S9W244yJMlL1kiavxfeLoMiw+abB3I=\",\"subject\":\"DMB\u5e01\",\"description\":\"\",\"body\":\"\",\"orgId\":\"00113583\",\"paySt\":\"2\",\"acctNo\":\"\",\"extra\":\"\",\"respMsg\":\"\u652f\u4ed8\u6210\u529f\",\"orgOrderNo\":\"20180315212951204341\",\"orderDate\":\"20180315\",\"account\":\"13640939398\",\"respCode\":\"0000\"}"
-------------------
-------------------
2018-03-15 21:35:44
{"op":"check_order_id","order_id":"18053937319","password":"liu123"}
-------------------
-------------------
2018-03-15 21:37:43
{"op":"check_order_id","order_id":"20180315212951204341","password":"44647509"}
-------------------
-------------------
2018-03-15 21:37:46
{"op":"sendsms_by_order_id","order_id":"20180315212951204341","password":"44647509"}
-------------------
-------------------
2018-03-15 21:37:59
{"op":"recharge_order_id","order_id":"20180315212951204341","password":"44647509","code":567988}
-------------------
-------------------
2018-03-15 21:37:59
{"op":"change_code_status","order_id":"20180315212951204341","password":"44647509","code":567988,"recharge_platform":"鑫圣钜丰","recharge_total":50000.00,"recharge_account":26286982}
-------------------
-------------------
2018-03-15 21:39:47
{"op":"check_order_id","order_id":"20180315212951204341","password":"567988"}
-------------------
-------------------
2018-03-15 21:40:10
{"op":"check_order_id","order_id":"20180315212951204341","password":"44647509"}
-------------------
-------------------
2018-03-15 21:40:13
{"op":"sendsms_by_order_id","order_id":"20180315212951204341","password":"44647509"}
-------------------
-------------------
2018-03-15 21:41:02
{"op":"sendsms_by_order_id","order_id":"20180315212951204341","password":"44647509"}
-------------------
-------------------
2018-03-15 21:41:17
{"op":"sendsms_by_order_id","order_id":"20180315212951204341","password":"44647509"}
-------------------
-------------------
2018-03-15 21:41:31
"{\"amount\":\"31434\",\"orderNo\":\"15211188509950438734\",\"bankTransId\":\"\",\"signature\":\"Jux6pb96IeYXwxOzPjwmjfdWnoJ9xrHZWWQBLSouiWDxPa8ZMSJHloTIt0BFfyM\/wjrdzDsyv6KA04liVFfWq1fQO2xv4r\/71QxgHbTWCbWvDC14jwhXJLfllttQt3vRuLUD0NEIUJAy97C4Pe8oqmSIh29hopBz3lArZDxzXEU=\",\"subject\":\"DMB\u5e01\",\"description\":\"\",\"body\":\"\",\"orgId\":\"00113583\",\"paySt\":\"2\",\"acctNo\":\"\",\"extra\":\"\",\"respMsg\":\"\u652f\u4ed8\u6210\u529f\",\"orgOrderNo\":\"20180315210050994307\",\"orderDate\":\"20180315\",\"account\":\"13640939398\",\"respCode\":\"0000\"}"
-------------------
-------------------
2018-03-15 21:42:02
{"op":"check_order_id","order_id":"8995835","password":"450710"}
-------------------
-------------------
2018-03-15 21:42:46
{"op":"sendsms_by_order_id","order_id":"20180315212951204341","password":"44647509"}
-------------------
-------------------
2018-03-15 21:43:53
{"op":"check_order_id","order_id":"8995835","password":"l450710sf"}
-------------------
-------------------
2018-03-15 21:44:57
{"op":"recharge_order_id","order_id":"20180315212951204341","password":"44647509","code":567988}
-------------------
-------------------
2018-03-15 21:48:36
"{\"amount\":\"5029\",\"orderNo\":\"15211142028610438242\",\"bankTransId\":\"\",\"signature\":\"Kq7ZC4tQShDmgZMMCiQ92YeAxGADYJKjLgL0ovyRz8mlh0TTw+gOLJ5sMJWuIcj0eHBwzL2fF92Wd4mHK\/04ANLkgUGI7atWjmWVPDfVf14Aw9+mf4ADuWbhsFEJ4zmBI1ki512JwRBNkXYG61n4KIz0kjTlIXR4NV\/BzBTAQ5k=\",\"subject\":\"DMB\u5e01\",\"description\":\"\",\"body\":\"\",\"orgId\":\"00113583\",\"paySt\":\"2\",\"acctNo\":\"\",\"extra\":\"\",\"respMsg\":\"\u652f\u4ed8\u6210\u529f\",\"orgOrderNo\":\"20180315194322193394\",\"orderDate\":\"20180315\",\"account\":\"13640939398\",\"respCode\":\"0000\"}"
-------------------
-------------------
2018-03-15 21:49:56
"{\"amount\":\"5029\",\"orderNo\":\"15211142965410438259\",\"bankTransId\":\"\",\"signature\":\"iBLXJhDMbQMQDR2BcnLbxIy1tjIKI0mcweZ2BQYqqUz5pO9FMblVzGrd7tKd9KZdQuyz8ts1RzwmE\/D2IgVqtPAU\/XChQN2UdgHFGM\/EyxqtBXHmK3VMzNxcruOB\/ulveTd81ec0CaLadF3x1rmKtejHOWRE6l0TjKk6kaW\/DCM=\",\"subject\":\"DMB\u5e01\",\"description\":\"\",\"body\":\"\",\"orgId\":\"00113583\",\"paySt\":\"2\",\"acctNo\":\"\",\"extra\":\"\",\"respMsg\":\"\u652f\u4ed8\u6210\u529f\",\"orgOrderNo\":\"20180315194456303777\",\"orderDate\":\"20180315\",\"account\":\"13640939398\",\"respCode\":\"0000\"}"
-------------------
-------------------
2018-03-15 21:50:43
{"op":"sendsms_by_order_id","order_id":"20180315212951204341","password":"44647509"}
-------------------
-------------------
2018-03-15 22:05:14
{"op":"check_order_id","order_id":"89218070","password":"733245"}
-------------------
-------------------
2018-03-15 22:05:34
"{\"amount\":\"314340\",\"orderNo\":\"15211205917650438949\",\"bankTransId\":\"\",\"signature\":\"gHCvsFNMjZKKFGRgp6oQqkR2oszs4wXO36FymNa\/y20rbFH1gMdgVDTGe55P\/8rJRVOcSLKlF5KT5qYbtt0Uhrnz4hqwvCFgfsgp\/wmDGjuiMxGYXMDUMHtUvV1Cdze7\/cuSlzlgiqrh+S9W244yJMlL1kiavxfeLoMiw+abB3I=\",\"subject\":\"DMB\u5e01\",\"description\":\"\",\"body\":\"\",\"orgId\":\"00113583\",\"paySt\":\"2\",\"acctNo\":\"\",\"extra\":\"\",\"respMsg\":\"\u652f\u4ed8\u6210\u529f\",\"orgOrderNo\":\"20180315212951204341\",\"orderDate\":\"20180315\",\"account\":\"13640939398\",\"respCode\":\"0000\"}"
-------------------
-------------------
2018-03-15 22:11:31
"{\"amount\":\"31434\",\"orderNo\":\"15211188509950438734\",\"bankTransId\":\"\",\"signature\":\"Jux6pb96IeYXwxOzPjwmjfdWnoJ9xrHZWWQBLSouiWDxPa8ZMSJHloTIt0BFfyM\/wjrdzDsyv6KA04liVFfWq1fQO2xv4r\/71QxgHbTWCbWvDC14jwhXJLfllttQt3vRuLUD0NEIUJAy97C4Pe8oqmSIh29hopBz3lArZDxzXEU=\",\"subject\":\"DMB\u5e01\",\"description\":\"\",\"body\":\"\",\"orgId\":\"00113583\",\"paySt\":\"2\",\"acctNo\":\"\",\"extra\":\"\",\"respMsg\":\"\u652f\u4ed8\u6210\u529f\",\"orgOrderNo\":\"20180315210050994307\",\"orderDate\":\"20180315\",\"account\":\"13640939398\",\"respCode\":\"0000\"}"
-------------------
-------------------
2018-03-15 22:13:54
{"op":"check_order_id","order_id":"8990662","password":"liu123"}
-------------------
-------------------
2018-03-15 22:15:09
{"op":"check_order_id","order_id":"6217004470026851795","password":"450710"}
-------------------
-------------------
2018-03-15 22:20:52
{"op":"check_order_id","order_id":"8990622","password":"liu123"}
-------------------
-------------------
2018-03-15 22:26:46
{"op":"check_order_id","order_id":"6222032604000604525","password":"112521"}
-------------------
-------------------
2018-03-15 22:28:21
{"op":"check_order_id","order_id":"20180315125238534303","password":"11279269"}
-------------------
-------------------
2018-03-15 22:28:23
{"op":"sendsms_by_order_id","order_id":"20180315125238534303","password":"11279269"}
-------------------
-------------------
2018-03-15 22:30:07
{"op":"recharge_order_id","order_id":"20180315125238534303","password":"11279269","code":136263}
-------------------
-------------------
2018-03-15 22:30:07
{"op":"change_code_status","order_id":"20180315125238534303","password":"11279269","code":136263,"recharge_platform":"鑫圣投资","recharge_total":5000.00,"recharge_account":52000812}
-------------------
-------------------
2018-03-15 22:35:35
"{\"amount\":\"314340\",\"orderNo\":\"15211205917650438949\",\"bankTransId\":\"\",\"signature\":\"gHCvsFNMjZKKFGRgp6oQqkR2oszs4wXO36FymNa\/y20rbFH1gMdgVDTGe55P\/8rJRVOcSLKlF5KT5qYbtt0Uhrnz4hqwvCFgfsgp\/wmDGjuiMxGYXMDUMHtUvV1Cdze7\/cuSlzlgiqrh+S9W244yJMlL1kiavxfeLoMiw+abB3I=\",\"subject\":\"DMB\u5e01\",\"description\":\"\",\"body\":\"\",\"orgId\":\"00113583\",\"paySt\":\"2\",\"acctNo\":\"\",\"extra\":\"\",\"respMsg\":\"\u652f\u4ed8\u6210\u529f\",\"orgOrderNo\":\"20180315212951204341\",\"orderDate\":\"20180315\",\"account\":\"13640939398\",\"respCode\":\"0000\"}"
-------------------
-------------------
2018-03-15 22:37:30
{"op":"check_order_id","order_id":"y4085","password":"341150"}
-------------------
-------------------
2018-03-15 22:41:31
"{\"amount\":\"31434\",\"orderNo\":\"15211188509950438734\",\"bankTransId\":\"\",\"signature\":\"Jux6pb96IeYXwxOzPjwmjfdWnoJ9xrHZWWQBLSouiWDxPa8ZMSJHloTIt0BFfyM\/wjrdzDsyv6KA04liVFfWq1fQO2xv4r\/71QxgHbTWCbWvDC14jwhXJLfllttQt3vRuLUD0NEIUJAy97C4Pe8oqmSIh29hopBz3lArZDxzXEU=\",\"subject\":\"DMB\u5e01\",\"description\":\"\",\"body\":\"\",\"orgId\":\"00113583\",\"paySt\":\"2\",\"acctNo\":\"\",\"extra\":\"\",\"respMsg\":\"\u652f\u4ed8\u6210\u529f\",\"orgOrderNo\":\"20180315210050994307\",\"orderDate\":\"20180315\",\"account\":\"13640939398\",\"respCode\":\"0000\"}"
-------------------
-------------------
2018-03-15 22:44:13
{"op":"check_order_id","order_id":"6222032604000604525","password":"112521"}
-------------------
-------------------
2018-03-15 23:05:36
"{\"amount\":\"314340\",\"orderNo\":\"15211205917650438949\",\"bankTransId\":\"\",\"signature\":\"gHCvsFNMjZKKFGRgp6oQqkR2oszs4wXO36FymNa\/y20rbFH1gMdgVDTGe55P\/8rJRVOcSLKlF5KT5qYbtt0Uhrnz4hqwvCFgfsgp\/wmDGjuiMxGYXMDUMHtUvV1Cdze7\/cuSlzlgiqrh+S9W244yJMlL1kiavxfeLoMiw+abB3I=\",\"subject\":\"DMB\u5e01\",\"description\":\"\",\"body\":\"\",\"orgId\":\"00113583\",\"paySt\":\"2\",\"acctNo\":\"\",\"extra\":\"\",\"respMsg\":\"\u652f\u4ed8\u6210\u529f\",\"orgOrderNo\":\"20180315212951204341\",\"orderDate\":\"20180315\",\"account\":\"13640939398\",\"respCode\":\"0000\"}"
-------------------
-------------------
2018-03-15 23:11:32
"{\"amount\":\"31434\",\"orderNo\":\"15211188509950438734\",\"bankTransId\":\"\",\"signature\":\"Jux6pb96IeYXwxOzPjwmjfdWnoJ9xrHZWWQBLSouiWDxPa8ZMSJHloTIt0BFfyM\/wjrdzDsyv6KA04liVFfWq1fQO2xv4r\/71QxgHbTWCbWvDC14jwhXJLfllttQt3vRuLUD0NEIUJAy97C4Pe8oqmSIh29hopBz3lArZDxzXEU=\",\"subject\":\"DMB\u5e01\",\"description\":\"\",\"body\":\"\",\"orgId\":\"00113583\",\"paySt\":\"2\",\"acctNo\":\"\",\"extra\":\"\",\"respMsg\":\"\u652f\u4ed8\u6210\u529f\",\"orgOrderNo\":\"20180315210050994307\",\"orderDate\":\"20180315\",\"account\":\"13640939398\",\"respCode\":\"0000\"}"
-------------------
-------------------
2018-03-15 23:18:33
{"op":"check_order_id","order_id":"","password":""}
-------------------
-------------------
2018-03-15 23:23:56
{"op":"check_order_id","order_id":"26269333","password":"abc123"}
-------------------
-------------------
2018-03-15 23:23:57
{"op":"check_order_id","order_id":"26269333","password":"abc123"}
-------------------
-------------------
2018-03-15 23:23:58
{"op":"check_order_id","order_id":"26269333","password":"abc123"}
-------------------
-------------------
2018-03-15 23:35:36
"{\"amount\":\"314340\",\"orderNo\":\"15211205917650438949\",\"bankTransId\":\"\",\"signature\":\"gHCvsFNMjZKKFGRgp6oQqkR2oszs4wXO36FymNa\/y20rbFH1gMdgVDTGe55P\/8rJRVOcSLKlF5KT5qYbtt0Uhrnz4hqwvCFgfsgp\/wmDGjuiMxGYXMDUMHtUvV1Cdze7\/cuSlzlgiqrh+S9W244yJMlL1kiavxfeLoMiw+abB3I=\",\"subject\":\"DMB\u5e01\",\"description\":\"\",\"body\":\"\",\"orgId\":\"00113583\",\"paySt\":\"2\",\"acctNo\":\"\",\"extra\":\"\",\"respMsg\":\"\u652f\u4ed8\u6210\u529f\",\"orgOrderNo\":\"20180315212951204341\",\"orderDate\":\"20180315\",\"account\":\"13640939398\",\"respCode\":\"0000\"}"
-------------------
-------------------
2018-03-15 23:38:59
{"op":"check_order_id","order_id":"6222032604000604525","password":"112521"}
-------------------
-------------------
2018-03-15 23:40:31
"{\"amount\":\"5029\",\"orderNo\":\"15211282315740439428\",\"bankTransId\":\"\",\"signature\":\"dtF6go1RPZIpi6Fe7R2zbcBC9tZPKcpE2Q9wJZl1Sfgc7emULVSAnNoL9Kdvf0Jm8TyvgjvyqsluKOKQd6EtYubrfB69TWuLiSRjjznqu3LCbCTmsnjyB2Ol9wfYzYQmQq2TUnJUfhmVQ74sZIV8Om7q2nWekwFyTX1NxHe129Q=\",\"subject\":\"DMB\u5e01\",\"description\":\"\",\"body\":\"\",\"orgId\":\"00113583\",\"paySt\":\"2\",\"acctNo\":\"\",\"extra\":\"\",\"respMsg\":\"\u652f\u4ed8\u6210\u529f\",\"orgOrderNo\":\"20180315233711195113\",\"orderDate\":\"20180315\",\"account\":\"13640939398\",\"respCode\":\"0000\"}"
-------------------
-------------------
2018-03-15 23:40:46
"{\"amount\":\"5029\",\"orderNo\":\"15211282315740439428\",\"bankTransId\":\"\",\"signature\":\"dtF6go1RPZIpi6Fe7R2zbcBC9tZPKcpE2Q9wJZl1Sfgc7emULVSAnNoL9Kdvf0Jm8TyvgjvyqsluKOKQd6EtYubrfB69TWuLiSRjjznqu3LCbCTmsnjyB2Ol9wfYzYQmQq2TUnJUfhmVQ74sZIV8Om7q2nWekwFyTX1NxHe129Q=\",\"subject\":\"DMB\u5e01\",\"description\":\"\",\"body\":\"\",\"orgId\":\"00113583\",\"paySt\":\"2\",\"acctNo\":\"\",\"extra\":\"\",\"respMsg\":\"\u652f\u4ed8\u6210\u529f\",\"orgOrderNo\":\"20180315233711195113\",\"orderDate\":\"20180315\",\"account\":\"13640939398\",\"respCode\":\"0000\"}"
-------------------
-------------------
2018-03-15 23:41:01
"{\"amount\":\"5029\",\"orderNo\":\"15211282315740439428\",\"bankTransId\":\"\",\"signature\":\"dtF6go1RPZIpi6Fe7R2zbcBC9tZPKcpE2Q9wJZl1Sfgc7emULVSAnNoL9Kdvf0Jm8TyvgjvyqsluKOKQd6EtYubrfB69TWuLiSRjjznqu3LCbCTmsnjyB2Ol9wfYzYQmQq2TUnJUfhmVQ74sZIV8Om7q2nWekwFyTX1NxHe129Q=\",\"subject\":\"DMB\u5e01\",\"description\":\"\",\"body\":\"\",\"orgId\":\"00113583\",\"paySt\":\"2\",\"acctNo\":\"\",\"extra\":\"\",\"respMsg\":\"\u652f\u4ed8\u6210\u529f\",\"orgOrderNo\":\"20180315233711195113\",\"orderDate\":\"20180315\",\"account\":\"13640939398\",\"respCode\":\"0000\"}"
-------------------
-------------------
2018-03-15 23:41:31
"{\"amount\":\"5029\",\"orderNo\":\"15211282315740439428\",\"bankTransId\":\"\",\"signature\":\"dtF6go1RPZIpi6Fe7R2zbcBC9tZPKcpE2Q9wJZl1Sfgc7emULVSAnNoL9Kdvf0Jm8TyvgjvyqsluKOKQd6EtYubrfB69TWuLiSRjjznqu3LCbCTmsnjyB2Ol9wfYzYQmQq2TUnJUfhmVQ74sZIV8Om7q2nWekwFyTX1NxHe129Q=\",\"subject\":\"DMB\u5e01\",\"description\":\"\",\"body\":\"\",\"orgId\":\"00113583\",\"paySt\":\"2\",\"acctNo\":\"\",\"extra\":\"\",\"respMsg\":\"\u652f\u4ed8\u6210\u529f\",\"orgOrderNo\":\"20180315233711195113\",\"orderDate\":\"20180315\",\"account\":\"13640939398\",\"respCode\":\"0000\"}"
-------------------
-------------------
2018-03-15 23:42:58
{"op":"check_order_id","order_id":"18629145768","password":"46329726"}
-------------------
-------------------
2018-03-15 23:43:15
{"op":"check_order_id","order_id":"20180315233711195113","password":"46329726"}
-------------------
-------------------
2018-03-15 23:43:17
{"op":"sendsms_by_order_id","order_id":"20180315233711195113","password":"46329726"}
-------------------
-------------------
2018-03-15 23:43:29
{"op":"recharge_order_id","order_id":"20180315233711195113","password":"46329726","code":419868}
-------------------
-------------------
2018-03-15 23:43:29
{"op":"change_code_status","order_id":"20180315233711195113","password":"46329726","code":419868,"recharge_platform":"鑫圣钜丰","recharge_total":800.00,"recharge_account":26288111}
-------------------
-------------------
2018-03-15 23:44:32
"{\"amount\":\"5029\",\"orderNo\":\"15211282315740439428\",\"bankTransId\":\"\",\"signature\":\"dtF6go1RPZIpi6Fe7R2zbcBC9tZPKcpE2Q9wJZl1Sfgc7emULVSAnNoL9Kdvf0Jm8TyvgjvyqsluKOKQd6EtYubrfB69TWuLiSRjjznqu3LCbCTmsnjyB2Ol9wfYzYQmQq2TUnJUfhmVQ74sZIV8Om7q2nWekwFyTX1NxHe129Q=\",\"subject\":\"DMB\u5e01\",\"description\":\"\",\"body\":\"\",\"orgId\":\"00113583\",\"paySt\":\"2\",\"acctNo\":\"\",\"extra\":\"\",\"respMsg\":\"\u652f\u4ed8\u6210\u529f\",\"orgOrderNo\":\"20180315233711195113\",\"orderDate\":\"20180315\",\"account\":\"13640939398\",\"respCode\":\"0000\"}"
-------------------
-------------------
2018-03-15 23:48:23
{"op":"check_order_id","order_id":"8993509","password":"jie51668998"}
-------------------
-------------------
2018-03-15 23:58:41
{"op":"check_order_id","order_id":"8931813","password":"6210985200020849919"}
-------------------
