-------------------
2018-03-23 13:43:49
url:https://api.doudoupay.com/v1?method=doudoupay.post.merchant.quick.Order.OrderPayInit&pid=10801511000000109610&randstr=96e5afaf13ad1cfd995fb85a747d4047&sign=7bacc58d45d890f282e03e062c41ab87&timestamp=1521783825,data:{"data":"kqyWy3TF\/TBC1\/ArhC1ZoDssx3gxt7hDER+weDYVaHBi9E1QWaV9dNIm6+hZzs6ISXyl+ptbIHBt4hdU3\/trpgXqLFFx1RT1EWub1KvBW86LVbRU4YjCpas9uAIdTLH6YBwljRYZgn8LsZ0BFYOa49p8dH51+mcb+FJ1pOfRCfpErZPThM9mCo6FYQ8aJfmYNIVKthKwMG0M9DV5h+umkzFPNVq\/\/2ftLRcDzK\/EyNSHmVa8v9U3U7V6ixge+GtVXAnf51vhilY8djdlLACtORJAx8nn2NaDEDIzH8uLO8Y8\/CemJ4XjHz7t8i7EgYFz\/0alkOtOiF4HhPfC+Red3Mmnymzj4Q0qwuRhxz2uLZJfYQ2qS4ByTfIfSTAmxAo1fUSeJY2hlvZnmfE89KhrAH7Gfxs5W5hlcoXb04hcLKYXsDDD8PKNRb5yO5x2vJSep3WGLIpL\/h0lgKhe\/z6v8wY3VFbkAR3rfmneWvpZvgRp+Ei7cenY1M2JOJ\/RnXPR"},result:"hhSXNNQvXWwfzAo63\/Je4lujruBraQwDG84VU9JN8U9ZpXzM1vtABysbNUSuqwtkWoU06g+q2\/\/E3nnE8DRR3HOF9BmAbV\/QeBQ48QWR\/ZuC5rSgNZrb4WRAs\/SsBO2YIWEzP8AXUPzNiah3QSzI7I0Yxu0B8BnlrSh2Zw4WBFnUEGZrrB6TYjS5\/6fq7qYWziInGiB274KG6zNeJwvRuw1RA1dqoZq9kkF95We4LHNbeNpbfePbAdZmSdWhm36v23\/9vMY\/4Mqajc0lyXlg1HYzAApBISsdPqmX3FPQ0XcWQ7YyRf\/thU1B1vpQeStXkDVIas8GdY2X0MJkPZfldhYmZ1LgWFwYFtiPSaDjm752LimI+fxoJaCP\/OzkdYcVwfIm7nJLK42Qm2jZoG7iDGUp7YQAw1uyBexTV7NfdyM7lriXzChvao9YR9IUtvYpCkrWann1sASKITj\/e9tlSBB3l3N2udEmfAadojYrNAI0mH8ZnBXliJq3NZIpEggC"
-------------------
-------------------
2018-03-23 13:44:15
url:https://api.doudoupay.com/v1?method=doudoupay.post.merchant.quick.Order.OrderPayCommit&pid=10801511000000109610&randstr=0283f87e92ca473697ef0c9f8e2814e3&sign=79ad797041d5494a9c03507eaf7b7847&timestamp=1521783850,data:{"data":"Q+S8reRiiy1\/OjYlLbB13ywPejFaXKp1pH21KdUKisevQlj9z2cCKNFWwdl5l9Dyen0g7jFF\/vunF\/G6XB\/CDN8rkgGnJiTeo+ydHaVEfed3sgXCgBeFJMjzqyk0m3tTT94CobGYwrjHgYRL0c0ySW4+jbtF+QhF5GJBW9zgz4w="},result:"FElDp1saRLgbQ\/dAkS6qIlfN2CvRXAEaKVMkChrkm7K8hG89py4CGdOaDKwNsILoZvaO1FSQXkE\/8FlcVLgKRMfxLz\/byJfWzz7NBWnuQzLZ9AsUHbmtD2adGdrIV\/wPSsu7BwQOM4G5HwtGxhSYiBMHR6ymea70kJvlGxXbvR9G5gIri\/xGvhXEORVuforFkuW+H6JdWAPoqVNVc8\/v2SOeDT\/7cFSI65\/RIs7gmBQkTel5g0reEAgUp7g9AumCeEuS6RO20tS\/vXuSwnC1lSwE9WNZ75a4Y3Uhzd9spOCklzPLfhoix5KQ6LKMgiyvGqwIGscP8LktTBM+unNIJ3q7GLoa+xYz+WDR4lmn+TfBZb4nd6bzcoiYR6Wt4tHtOPglwZDeoOAHh2m7T2pIHX\/Ty346CloIDyP8IAusjNA4CWPHNJlfYdndCULVEazsDrVm5MUB1DshvkpPL5EXh9mx35q3isQxAm1jzSOVq8rzsccidBNVvoXoi0tiw8VD"
-------------------
-------------------
2018-03-23 13:45:32
doudou->"merchant_no=1180316041250713&out_order_sn=1800005112018032313434806842&order_sn=20180323134317363104&bank_code=&bank_card_type=0&ord_currency=CNY&pay_amount=629&pay_status=1&pay_time=1521783855&trade_state=SUCCESS&sign=3ae749238042fae5548817df7ea525b7"
-------------------
-------------------
2018-03-23 13:45:32
doudou->订单号:20180323134317363104
-------------------
-------------------
2018-03-23 13:46:33
doudou->"merchant_no=1180316041250713&out_order_sn=1800005112018032313434806842&order_sn=20180323134317363104&bank_code=&bank_card_type=0&ord_currency=CNY&pay_amount=629&pay_status=1&pay_time=1521783855&trade_state=SUCCESS&sign=3ae749238042fae5548817df7ea525b7"
-------------------
-------------------
2018-03-23 13:46:33
doudou->订单号:20180323134317363104
-------------------
-------------------
2018-03-23 13:47:31
doudou->"merchant_no=1180316041250713&out_order_sn=1800005112018032313434806842&order_sn=20180323134317363104&bank_code=&bank_card_type=0&ord_currency=CNY&pay_amount=629&pay_status=1&pay_time=1521783855&trade_state=SUCCESS&sign=3ae749238042fae5548817df7ea525b7"
-------------------
-------------------
2018-03-23 13:47:31
doudou->订单号:20180323134317363104
-------------------
-------------------
2018-03-23 13:48:32
doudou->"merchant_no=1180316041250713&out_order_sn=1800005112018032313434806842&order_sn=20180323134317363104&bank_code=&bank_card_type=0&ord_currency=CNY&pay_amount=629&pay_status=1&pay_time=1521783855&trade_state=SUCCESS&sign=3ae749238042fae5548817df7ea525b7"
-------------------
-------------------
2018-03-23 13:48:32
doudou->订单号:20180323134317363104
-------------------
-------------------
2018-03-23 13:50:32
doudou->"merchant_no=1180316041250713&out_order_sn=1800005112018032313434806842&order_sn=20180323134317363104&bank_code=&bank_card_type=0&ord_currency=CNY&pay_amount=629&pay_status=1&pay_time=1521783855&trade_state=SUCCESS&sign=3ae749238042fae5548817df7ea525b7"
-------------------
-------------------
2018-03-23 13:50:32
doudou->订单号:20180323134317363104
-------------------
-------------------
2018-03-23 13:53:32
doudou->"merchant_no=1180316041250713&out_order_sn=1800005112018032313434806842&order_sn=20180323134317363104&bank_code=&bank_card_type=0&ord_currency=CNY&pay_amount=629&pay_status=1&pay_time=1521783855&trade_state=SUCCESS&sign=3ae749238042fae5548817df7ea525b7"
-------------------
-------------------
2018-03-23 13:53:32
doudou->订单号:20180323134317363104
-------------------
-------------------
2018-03-23 13:58:34
doudou->"merchant_no=1180316041250713&out_order_sn=1800005112018032313434806842&order_sn=20180323134317363104&bank_code=&bank_card_type=0&ord_currency=CNY&pay_amount=629&pay_status=1&pay_time=1521783855&trade_state=SUCCESS&sign=3ae749238042fae5548817df7ea525b7"
-------------------
-------------------
2018-03-23 13:58:34
doudou->订单号:20180323134317363104
-------------------
-------------------
2018-03-23 14:08:35
doudou->"merchant_no=1180316041250713&out_order_sn=1800005112018032313434806842&order_sn=20180323134317363104&bank_code=&bank_card_type=0&ord_currency=CNY&pay_amount=629&pay_status=1&pay_time=1521783855&trade_state=SUCCESS&sign=3ae749238042fae5548817df7ea525b7"
-------------------
-------------------
2018-03-23 14:08:35
doudou->订单号:20180323134317363104
-------------------
-------------------
2018-03-23 14:38:33
doudou->"merchant_no=1180316041250713&out_order_sn=1800005112018032313434806842&order_sn=20180323134317363104&bank_code=&bank_card_type=0&ord_currency=CNY&pay_amount=629&pay_status=1&pay_time=1521783855&trade_state=SUCCESS&sign=3ae749238042fae5548817df7ea525b7"
-------------------
-------------------
2018-03-23 14:38:33
doudou->订单号:20180323134317363104
-------------------
-------------------
2018-03-23 15:38:32
doudou->"merchant_no=1180316041250713&out_order_sn=1800005112018032313434806842&order_sn=20180323134317363104&bank_code=&bank_card_type=0&ord_currency=CNY&pay_amount=629&pay_status=1&pay_time=1521783855&trade_state=SUCCESS&sign=3ae749238042fae5548817df7ea525b7"
-------------------
-------------------
2018-03-23 15:38:32
doudou->订单号:20180323134317363104
-------------------
-------------------
2018-03-23 17:07:55
jialian->""
-------------------
-------------------
2018-03-23 17:07:55
内部参数获取{"status":"1","customerid":"11224","sdpayno":"2018032317065523269","sdorderno":"801180323170655397","total_fee":"6.31","paytype":"bank","remark":"","sign":"73233acf6a044fb6a6b1d37ffe17e4ab"}
-------------------
-------------------
2018-03-23 17:07:55
jialian->订单号:801180323170655397
-------------------
-------------------
2018-03-23 17:07:55
zbf:customerid=11224&status=1&sdpayno=2018032317065523269&sdorderno=801180323170655397&total_fee=6.31&paytype=bank&bf79818423367343d26ad6eba63d3adad66c57bfMD5:73233acf6a044fb6a6b1d37ffe17e4ab
-------------------
-------------------
2018-03-23 17:15:07
zhihf->"trade_no=F1601136368360&sign_type=RSA-S&notify_type=offline_notify&merchant_code=Z800168333013&order_no=801180323171338805&trade_status=SUCCESS&sign=S%2FCuCJBqkzW%2FPsvIykH%2FIgZZQ1F5tMTBCRl4PLlAAXSaaeW5WHOjDM%2FDwcTxsqNOpgKWjkEcN0Rozus31MN7zdSMF0sa7UdlnzHaDf1y8BRHfE%2BocJQQrSFJD16brtXvKO8Am%2FareuGPQY2RHgtcMMVqdiKxVlp1eFJy2FyOmdM%3D&order_amount=100&interface_version=V3.0&bank_seq_no=11170100031521796425&order_time=2018-03-23+17%3A13%3A39&notify_id=338e19de17884f2593ee15dd84ab322e&trade_time=2018-03-23+17%3A13%3A33"
-------------------
-------------------
2018-03-23 17:15:07
{"trade_no":"F1601136368360","sign_type":"RSA-S","notify_type":"offline_notify","merchant_code":"Z800168333013","order_no":"801180323171338805","trade_status":"SUCCESS","sign":"S\/CuCJBqkzW\/PsvIykH\/IgZZQ1F5tMTBCRl4PLlAAXSaaeW5WHOjDM\/DwcTxsqNOpgKWjkEcN0Rozus31MN7zdSMF0sa7UdlnzHaDf1y8BRHfE+ocJQQrSFJD16brtXvKO8Am\/areuGPQY2RHgtcMMVqdiKxVlp1eFJy2FyOmdM=","order_amount":"100","interface_version":"V3.0","bank_seq_no":"11170100031521796425","order_time":"2018-03-23 17:13:39","notify_id":"338e19de17884f2593ee15dd84ab322e","trade_time":"2018-03-23 17:13:33"}
-------------------
-------------------
2018-03-23 17:15:07
zhihf->订单号:801180323171338805
-------------------
-------------------
2018-03-23 17:15:07
notify::"bank_seq_no=11170100031521796425&interface_version=V3.0&merchant_code=Z800168333013&notify_id=338e19de17884f2593ee15dd84ab322e&notify_type=offline_notify&order_amount=100&order_no=801180323171338805&order_time=2018-03-23 17:13:39&trade_no=F1601136368360&trade_status=SUCCESS&trade_time=2018-03-23 17:13:33"
-------------------
-------------------
2018-03-23 17:18:10
zhihf->"trade_no=F1601136368360&sign_type=RSA-S&notify_type=offline_notify&merchant_code=Z800168333013&order_no=801180323171338805&trade_status=SUCCESS&sign=S%2FCuCJBqkzW%2FPsvIykH%2FIgZZQ1F5tMTBCRl4PLlAAXSaaeW5WHOjDM%2FDwcTxsqNOpgKWjkEcN0Rozus31MN7zdSMF0sa7UdlnzHaDf1y8BRHfE%2BocJQQrSFJD16brtXvKO8Am%2FareuGPQY2RHgtcMMVqdiKxVlp1eFJy2FyOmdM%3D&order_amount=100&interface_version=V3.0&bank_seq_no=11170100031521796425&order_time=2018-03-23+17%3A13%3A39&notify_id=338e19de17884f2593ee15dd84ab322e&trade_time=2018-03-23+17%3A13%3A33"
-------------------
-------------------
2018-03-23 17:18:10
{"trade_no":"F1601136368360","sign_type":"RSA-S","notify_type":"offline_notify","merchant_code":"Z800168333013","order_no":"801180323171338805","trade_status":"SUCCESS","sign":"S\/CuCJBqkzW\/PsvIykH\/IgZZQ1F5tMTBCRl4PLlAAXSaaeW5WHOjDM\/DwcTxsqNOpgKWjkEcN0Rozus31MN7zdSMF0sa7UdlnzHaDf1y8BRHfE+ocJQQrSFJD16brtXvKO8Am\/areuGPQY2RHgtcMMVqdiKxVlp1eFJy2FyOmdM=","order_amount":"100","interface_version":"V3.0","bank_seq_no":"11170100031521796425","order_time":"2018-03-23 17:13:39","notify_id":"338e19de17884f2593ee15dd84ab322e","trade_time":"2018-03-23 17:13:33"}
-------------------
-------------------
2018-03-23 17:18:10
zhihf->订单号:801180323171338805
-------------------
-------------------
2018-03-23 18:20:05

-------------------
-------------------
2018-03-23 18:21:44
{"op":"check_order_id","order_id":"801180323170655397","password":"801180323170655397"}
-------------------
-------------------
2018-03-23 18:21:44
checkOrderId:{"IsSuccess":false,"Message":"\u8ba2\u5355\u6216\u5bc6\u7801\u9519\u8bef"}
-------------------
-------------------
2018-03-23 18:21:44
url:https://api.doudoupay.com/v1?method=doudoupay.post.merchant.quick.Order.OrderPayInit&pid=10801511000000109610&randstr=4391c2b01dbabb325067562a93d67471&sign=8f06d122d2ccb9da26a193af98f39c85&timestamp=1521800498,data:{"data":"uHHMb2vGHON6FDELEawzAZxWbbhD2OVAgrOjxWb3\/+6wMCR5Wgh3Y674Ck1fuRINDgcNnZy0reZko+wP3Qx8GRdku+4kQfCO0ZGzKVqVwEyyyRTBJOPn6eF3bVkihatwvTiJGaiPWdT21z80MputDlSBNoOGLP\/\/JVD+a2mNVBQqPkFtI+6jrljf1cCTySoBycIgfGQBd98oywUvnTACXeBruIjBMopp3rnalN5bi1YDv1fjhZnAr6EjTUmwucR0fRIgMPIH13wge9+FF0ctgVHVmFbq06SKXfMEvsjrybGyM2pbtQO3njUUkKCKcQ\/jcYUAUQfKAzuhDULXOVHtMF0zHW11wFGtrQJ4raKlMXkuSXXwFJSfD\/gdFHq7ZZyeIznlqlOKxj5IGjUxdlqo0DPl+s63Rd26TazJqkt8okHwJeCWQFQIHiQ6LGaFdgRaL5R0z0c6QZ4h6wljVxM\/lKVopUWipTgDYr+OevjzM7XUw1ckb6gc1R4JKzWd58Pg"},result:"iU7fJQZrV7d8poq0UT4eY4mGPIC4BlQD\/hkFpFhuJtDwErgAXNHe9jcpYxzHoCpFjRaE0f\/l6KIR4OIkle5JXuIjuVteJ8vkC0O8UPrGapYHATmA2jilBrVdvl222fK7luq1iKt9FAof7s+sSre9TRgjj\/T1pIAeXY5XK8HDBFc0gqOwlr+RZTsilwHAES\/rIzkeow\/OiswkeNP2Dbgi6GI9aotleeMA4ExBhZkOYhBJabhJ6arROZpffA+wepi1fD\/cKB4c3DIumApHOs8ndK2fBqbz9LJzgydeSYChCPJjksxTF\/wDZlak8fStMjsBbEWzDCVfFk5R2Dh3VOOaFC3RII3n+rtCTs4EHF59PWdvSsfs48OIGcPYH5Ya+ZM8OlxZYmRHr\/wdk+Rs0tBAgbcOYCTFjZ9C9a+70vow3Wy9ob73Trrx23ECQrgzeDQa6xvr5izNWJ7EzXdtkVhkMrmWMrL6aTMVBlB9YjQMD7H3sUkBLx0Op5BhsJjJ2ZuV"
-------------------
-------------------
2018-03-23 18:21:48
{"op":"check_order_id","order_id":"801180323170655397","password":"29999349"}
-------------------
-------------------
2018-03-23 18:21:48
checkOrderId:{"IsSuccess":true,"Message":{"price":"$ 1.00","mobile":"17051215424"}}
-------------------
-------------------
2018-03-23 18:21:53
{"op":"sendsms_by_order_id","order_id":"801180323170655397","password":"29999349"}
-------------------
-------------------
2018-03-23 18:21:53
checkOrderId:{"IsSuccess":true,"Message":{"price":"$ 1.00","mobile":"17051215424"}}
-------------------
-------------------
2018-03-23 18:21:53
sendSMSByOrderId:{"IsSuccess":true,"Message":"\u53d1\u9001\u6210\u529f"}
-------------------
-------------------
2018-03-23 18:21:59
url:https://api.doudoupay.com/v1?method=doudoupay.post.merchant.quick.Order.OrderPayCommit&pid=10801511000000109610&randstr=9a04c13b65878aee4c7f3284b59182ad&sign=dc7a254db2bd68bcc6ad5e79cfa40fd7&timestamp=1521800514,data:{"data":"I8pVryxzOaRIHaNAZWMJDI7D\/fFQslFUozROvKwOIRNFiTML6gGZQVKo5cXKMNnXX\/I\/kJQW\/7IzhceDV9giUC+vL1epQ0Xt+DUqGgcfuxxArhEE7NxAvJZ5B\/aodhF\/+ZQzpXlwjxzCFpYaJEAfvAJUhrMr5zIugC9omGlwPY0="},result:"G7bGZgq1Il9l9ZRiaXt0t9LKiDCYDvexWixyZw09e2TCvulB76ItkyuJqOWFNZClXKpwbIeUICsWGn6TJJ9c8SLGIBLOk+tZe2AFRTLJ6yzDFJjfmEemWJdfwLUDxtPjANp0oMHea34pw44iLbsKFpnxt6h6dGdkcC9BpgbPVrVYixbkZFFMggChzOJtV45KO2SsAdh7rQnMuGe9vpJBwVBpPgina94RpQG8bRxcKLKkoY5vM5gB1WoihthjJzZIoi+XT95rxImtPS1\/GK3CZgadqgB2SSnCBhy+CtikSCLgT0qXX0b6h\/fWagsyZrtwJVWUhQc5i38Y2iIdrPMBp2\/DTcjSk8iPP5Bp3wD0b\/fRONYQOwGw+RWIkrLHdFXgPet7M1+sor\/cEMm1Wf2eVLW4dFS+9GHFZ4oPIKt2U6fAwryJPFFQeBdq+c8M9Rbw+ZAH5ofqPhpwic6cZf73YB\/OYsbAeLcwStk5MDcZ+EMJDYK52aCdeMywwgGlXjJ\/"
-------------------
-------------------
2018-03-23 18:22:00
doudou->"merchant_no=1180316041250713&out_order_sn=1800005112018032318214111954&order_sn=801180323182049246&bank_code=&bank_card_type=0&ord_currency=CNY&pay_amount=310893&pay_status=1&pay_time=1521800519&trade_state=SUCCESS&sign=dec519ff03da9951faa7e165193b9ff9"
-------------------
-------------------
2018-03-23 18:22:00
doudou->订单号:801180323182049246
-------------------
-------------------
2018-03-23 18:22:08
{"op":"recharge_order_id","order_id":"801180323170655397","password":"29999349","code":"410992"}
-------------------
-------------------
2018-03-23 18:22:08
rechargeOrderId:{"IsSuccess":true,"Message":{"id":"3400","order_id":"801180323170655397","goods":"\u82f9\u679c\u91d1","images":"201803231058299304.jpg","price":"1.00","use_rate":"6.3079","total":"6.31","uid":"1","addtime":"1521796015","paytime":"1521796075","channel":"\u5609\u8054","source":"\u56fd\u707f\u5b9e\u4e1a","order_status":"1","recharge_platform":null,"recharge_account":null,"recharge_total":"0.0000","usetime":"0","del_status":"00000000000","mobile":"17051215424","people_id":"610422198512282911"}}
-------------------
-------------------
2018-03-23 18:22:11
{"op":"change_code_status","order_id":"801180323170655397","password":"29999349","code":"410992","recharge_platform":"鑫圣金业","recharge_account":8912345,"recharge_total":1.00}
-------------------
-------------------
2018-03-23 18:22:11
changeCodeStatus:{"id":"3400","order_id":"801180323170655397","goods":"\u82f9\u679c\u91d1","images":"201803231058299304.jpg","price":"100","use_rate":"6.3079","total":"631","uid":"1","addtime":"1521796015","paytime":"1521796075","pwd":"+nUDZyKswkY2OBORmV\/kT8\/WT1i2MMG85t7PsJQ39ie06Q","channel":"\u5609\u8054","source":"\u56fd\u707f\u5b9e\u4e1a","order_status":"1","recharge_platform":null,"recharge_account":null,"recharge_total":"0.0000","usetime":"0","del_status":"00000000000","mobile":"17051215424"}
-------------------
-------------------
2018-03-23 18:22:11
changeCodeStatus:1
-------------------
-------------------
2018-03-23 18:22:11
changeCodeStatus:update goods_order set recharge_platform = '鑫圣金业',recharge_account='8912345',recharge_total='1', usetime = 1521800531 where order_id = '801180323170655397'
-------------------
-------------------
2018-03-23 18:22:11
changeCodeStatus:{"IsSuccess":true,"Message":""}
-------------------
-------------------
2018-03-23 18:22:33
doudou->"merchant_no=1180316041250713&out_order_sn=1800005112018032318214111954&order_sn=801180323182049246&bank_code=&bank_card_type=0&ord_currency=CNY&pay_amount=310893&pay_status=1&pay_time=1521800519&trade_state=SUCCESS&sign=dec519ff03da9951faa7e165193b9ff9"
-------------------
-------------------
2018-03-23 18:22:33
doudou->订单号:801180323182049246
-------------------
-------------------
2018-03-23 18:23:32
doudou->"merchant_no=1180316041250713&out_order_sn=1800005112018032318214111954&order_sn=801180323182049246&bank_code=&bank_card_type=0&ord_currency=CNY&pay_amount=310893&pay_status=1&pay_time=1521800519&trade_state=SUCCESS&sign=dec519ff03da9951faa7e165193b9ff9"
-------------------
-------------------
2018-03-23 18:23:32
doudou->订单号:801180323182049246
-------------------
-------------------
2018-03-23 18:24:33
doudou->"merchant_no=1180316041250713&out_order_sn=1800005112018032318214111954&order_sn=801180323182049246&bank_code=&bank_card_type=0&ord_currency=CNY&pay_amount=310893&pay_status=1&pay_time=1521800519&trade_state=SUCCESS&sign=dec519ff03da9951faa7e165193b9ff9"
-------------------
-------------------
2018-03-23 18:24:33
doudou->订单号:801180323182049246
-------------------
-------------------
2018-03-23 18:24:36
{"op":"check_order_id","order_id":"801180323171338805","password":"38522016"}
-------------------
-------------------
2018-03-23 18:24:36
checkOrderId:{"IsSuccess":true,"Message":{"price":"$ 16.00","mobile":"17051215424"}}
-------------------
-------------------
2018-03-23 18:24:37
{"op":"check_order_id","order_id":"801180323182049246","password":"50921120"}
-------------------
-------------------
2018-03-23 18:24:37
checkOrderId:{"IsSuccess":true,"Message":{"price":"$ 500.00","mobile":"13950252099"}}
-------------------
-------------------
2018-03-23 18:24:40
{"op":"sendsms_by_order_id","order_id":"801180323171338805","password":"38522016"}
-------------------
-------------------
2018-03-23 18:24:40
checkOrderId:{"IsSuccess":true,"Message":{"price":"$ 16.00","mobile":"17051215424"}}
-------------------
-------------------
2018-03-23 18:24:40
sendSMSByOrderId:{"IsSuccess":true,"Message":"\u53d1\u9001\u6210\u529f"}
-------------------
-------------------
2018-03-23 18:24:41
{"op":"sendsms_by_order_id","order_id":"801180323182049246","password":"50921120"}
-------------------
-------------------
2018-03-23 18:24:41
checkOrderId:{"IsSuccess":true,"Message":{"price":"$ 500.00","mobile":"13950252099"}}
-------------------
-------------------
2018-03-23 18:24:41
sendSMSByOrderId:{"IsSuccess":true,"Message":"\u53d1\u9001\u6210\u529f"}
-------------------
-------------------
2018-03-23 18:24:49
{"op":"recharge_order_id","order_id":"801180323182049246","password":"50921120","code":"688863"}
-------------------
-------------------
2018-03-23 18:24:49
rechargeOrderId:{"IsSuccess":true,"Message":{"id":"3410","order_id":"801180323182049246","goods":"\u82f9\u679c\u91d1","images":"201803231058299304.jpg","price":"500.00","use_rate":"6.2179","total":"3,108.93","uid":"500","addtime":"1521800449","paytime":"1521800519","channel":"\u8c46\u8c46","source":"\u56fd\u707f\u5b9e\u4e1a","order_status":"1","recharge_platform":null,"recharge_account":null,"recharge_total":"0.0000","usetime":"0","del_status":"00000000000","mobile":"13950252099","people_id":"350122196811170013"}}
-------------------
-------------------
2018-03-23 18:24:52
{"op":"change_code_status","order_id":"801180323182049246","password":"50921120","code":"688863","recharge_platform":"鑫圣金业","recharge_account":8996909,"recharge_total":500.00}
-------------------
-------------------
2018-03-23 18:24:52
changeCodeStatus:{"id":"3410","order_id":"801180323182049246","goods":"\u82f9\u679c\u91d1","images":"201803231058299304.jpg","price":"50000","use_rate":"6.2179","total":"310893","uid":"500","addtime":"1521800449","paytime":"1521800519","pwd":"+nUDZyKswkY2OBGQnA22Tc6PEgzlace97IvIuZQ8\/iWy4A","channel":"\u8c46\u8c46","source":"\u56fd\u707f\u5b9e\u4e1a","order_status":"1","recharge_platform":null,"recharge_account":null,"recharge_total":"0.0000","usetime":"0","del_status":"00000000000","mobile":"13950252099"}
-------------------
-------------------
2018-03-23 18:24:52
changeCodeStatus:1
-------------------
-------------------
2018-03-23 18:24:52
changeCodeStatus:update goods_order set recharge_platform = '鑫圣金业',recharge_account='8996909',recharge_total='500', usetime = 1521800692 where order_id = '801180323182049246'
-------------------
-------------------
2018-03-23 18:24:52
changeCodeStatus:{"IsSuccess":true,"Message":""}
-------------------
-------------------
2018-03-23 18:25:03
{"op":"recharge_order_id","order_id":"801180323171338805","password":"38522016","code":"476652"}
-------------------
-------------------
2018-03-23 18:25:03
rechargeOrderId:{"IsSuccess":true,"Message":{"id":"3404","order_id":"801180323171338805","goods":"\u82f9\u679c\u91d1","images":"201803231058299304.jpg","price":"16.00","use_rate":"6.3079","total":"100.93","uid":"1","addtime":"1521796418","paytime":"1521796507","channel":"\u667a\u6c47\u4ed8","source":"\u56fd\u707f\u5b9e\u4e1a","order_status":"1","recharge_platform":null,"recharge_account":null,"recharge_total":"0.0000","usetime":"0","del_status":"00000000000","mobile":"17051215424","people_id":"610422198512282911"}}
-------------------
-------------------
2018-03-23 18:25:03
{"op":"change_code_status","order_id":"801180323171338805","password":"38522016","code":"476652","recharge_platform":"鑫圣金业","recharge_account":8912345,"recharge_total":16.00}
-------------------
-------------------
2018-03-23 18:25:03
changeCodeStatus:{"id":"3404","order_id":"801180323171338805","goods":"\u82f9\u679c\u91d1","images":"201803231058299304.jpg","price":"1600","use_rate":"6.3079","total":"10093","uid":"1","addtime":"1521796418","paytime":"1521796507","pwd":"+nUDZyKswkY2OEbCmlm3TM3YTg61Z5TqudrOsZg8\/SSx5g","channel":"\u667a\u6c47\u4ed8","source":"\u56fd\u707f\u5b9e\u4e1a","order_status":"1","recharge_platform":null,"recharge_account":null,"recharge_total":"0.0000","usetime":"0","del_status":"00000000000","mobile":"17051215424"}
-------------------
-------------------
2018-03-23 18:25:03
changeCodeStatus:1
-------------------
-------------------
2018-03-23 18:25:03
changeCodeStatus:update goods_order set recharge_platform = '鑫圣金业',recharge_account='8912345',recharge_total='16', usetime = 1521800703 where order_id = '801180323171338805'
-------------------
-------------------
2018-03-23 18:25:03
changeCodeStatus:{"IsSuccess":true,"Message":""}
-------------------
-------------------
2018-03-23 18:25:32
doudou->"merchant_no=1180316041250713&out_order_sn=1800005112018032318214111954&order_sn=801180323182049246&bank_code=&bank_card_type=0&ord_currency=CNY&pay_amount=310893&pay_status=1&pay_time=1521800519&trade_state=SUCCESS&sign=dec519ff03da9951faa7e165193b9ff9"
-------------------
-------------------
2018-03-23 18:25:32
doudou->订单号:801180323182049246
-------------------
-------------------
2018-03-23 18:27:34
doudou->"merchant_no=1180316041250713&out_order_sn=1800005112018032318214111954&order_sn=801180323182049246&bank_code=&bank_card_type=0&ord_currency=CNY&pay_amount=310893&pay_status=1&pay_time=1521800519&trade_state=SUCCESS&sign=dec519ff03da9951faa7e165193b9ff9"
-------------------
-------------------
2018-03-23 18:27:34
doudou->订单号:801180323182049246
-------------------
-------------------
2018-03-23 18:30:32
doudou->"merchant_no=1180316041250713&out_order_sn=1800005112018032318214111954&order_sn=801180323182049246&bank_code=&bank_card_type=0&ord_currency=CNY&pay_amount=310893&pay_status=1&pay_time=1521800519&trade_state=SUCCESS&sign=dec519ff03da9951faa7e165193b9ff9"
-------------------
-------------------
2018-03-23 18:30:32
doudou->订单号:801180323182049246
-------------------
-------------------
2018-03-23 18:35:15
jialian->""
-------------------
-------------------
2018-03-23 18:35:15
内部参数获取{"status":"1","customerid":"11224","sdpayno":"2018032318342072074","sdorderno":"801180323183419849","total_fee":"6.22","paytype":"bank","remark":"","sign":"7d19e1c96bd7f41421b4ae8c74e155a5"}
-------------------
-------------------
2018-03-23 18:35:15
jialian->订单号:801180323183419849
-------------------
-------------------
2018-03-23 18:35:15
zbf:customerid=11224&status=1&sdpayno=2018032318342072074&sdorderno=801180323183419849&total_fee=6.22&paytype=bank&bf79818423367343d26ad6eba63d3adad66c57bfMD5:7d19e1c96bd7f41421b4ae8c74e155a5
-------------------
-------------------
2018-03-23 18:35:32
doudou->"merchant_no=1180316041250713&out_order_sn=1800005112018032318214111954&order_sn=801180323182049246&bank_code=&bank_card_type=0&ord_currency=CNY&pay_amount=310893&pay_status=1&pay_time=1521800519&trade_state=SUCCESS&sign=dec519ff03da9951faa7e165193b9ff9"
-------------------
-------------------
2018-03-23 18:35:32
doudou->订单号:801180323182049246
-------------------
-------------------
2018-03-23 18:35:35
{"op":"check_order_id","order_id":"801180323183419849","password":"40969224"}
-------------------
-------------------
2018-03-23 18:35:35
checkOrderId:{"IsSuccess":true,"Message":{"price":"$ 1.00","mobile":"17051215424"}}
-------------------
-------------------
2018-03-23 18:35:39
{"op":"sendsms_by_order_id","order_id":"801180323183419849","password":"40969224"}
-------------------
-------------------
2018-03-23 18:35:39
checkOrderId:{"IsSuccess":true,"Message":{"price":"$ 1.00","mobile":"17051215424"}}
-------------------
-------------------
2018-03-23 18:35:39
sendSMSByOrderId:{"IsSuccess":true,"Message":"\u53d1\u9001\u6210\u529f"}
-------------------
-------------------
2018-03-23 18:35:41
{"op":"check_order_id","order_id":"801180323182049246","password":"50921120"}
-------------------
-------------------
2018-03-23 18:35:41
checkOrderId:{"IsSuccess":false,"Message":"\u8be5\u8ba2\u5355\u5df2\u7ecf\u5151\u6362"}
-------------------
-------------------
2018-03-23 18:35:58
{"op":"recharge_order_id","order_id":"801180323183419849","password":"40969224","code":"890376"}
-------------------
-------------------
2018-03-23 18:35:58
rechargeOrderId:{"IsSuccess":true,"Message":{"id":"3412","order_id":"801180323183419849","goods":"\u82f9\u679c\u91d1","images":"201803231058299304.jpg","price":"1.00","use_rate":"6.2179","total":"6.22","uid":"1","addtime":"1521801259","paytime":"1521801315","channel":"\u5609\u8054","source":"\u56fd\u707f\u5b9e\u4e1a","order_status":"1","recharge_platform":null,"recharge_account":null,"recharge_total":"0.0000","usetime":"0","del_status":"00000000000","mobile":"17051215424","people_id":"610422198512282911"}}
-------------------
-------------------
2018-03-23 18:35:59
{"op":"change_code_status","order_id":"801180323183419849","password":"40969224","code":"890376","recharge_platform":"鑫圣金业","recharge_account":8912345,"recharge_total":1.00}
-------------------
-------------------
2018-03-23 18:35:59
changeCodeStatus:{"id":"3412","order_id":"801180323183419849","goods":"\u82f9\u679c\u91d1","images":"201803231058299304.jpg","price":"100","use_rate":"6.2179","total":"622","uid":"1","addtime":"1521801259","paytime":"1521801315","pwd":"+nUDZyKswkY2OBeRnl+3HcnYHVyyZ5Pq7YbJuZQ49iay5A","channel":"\u5609\u8054","source":"\u56fd\u707f\u5b9e\u4e1a","order_status":"1","recharge_platform":null,"recharge_account":null,"recharge_total":"0.0000","usetime":"0","del_status":"00000000000","mobile":"17051215424"}
-------------------
-------------------
2018-03-23 18:35:59
changeCodeStatus:1
-------------------
-------------------
2018-03-23 18:35:59
changeCodeStatus:update goods_order set recharge_platform = '鑫圣金业',recharge_account='8912345',recharge_total='1', usetime = 1521801359 where order_id = '801180323183419849'
-------------------
-------------------
2018-03-23 18:35:59
changeCodeStatus:{"IsSuccess":true,"Message":""}
-------------------
-------------------
2018-03-23 18:45:33
doudou->"merchant_no=1180316041250713&out_order_sn=1800005112018032318214111954&order_sn=801180323182049246&bank_code=&bank_card_type=0&ord_currency=CNY&pay_amount=310893&pay_status=1&pay_time=1521800519&trade_state=SUCCESS&sign=dec519ff03da9951faa7e165193b9ff9"
-------------------
-------------------
2018-03-23 18:45:33
doudou->订单号:801180323182049246
-------------------
-------------------
2018-03-23 18:52:23
url:https://api.doudoupay.com/v1?method=doudoupay.post.merchant.quick.Order.OrderPayInit&pid=10801511000000109610&randstr=501d4d5f7d50aae9ce77e57418f2e1d8&sign=99bc20c5f5f63ab9953c7917fd303b2a&timestamp=1521802337,data:{"data":"BwI1pjEZnnzxY+BCp7leJs5w3jhbXn\/CDScroPsrZdACohlKMmx0qd0ea23lTPYMayWqb1cQ6fDjupxGODN14xonqe\/PRWpA3qVnTm+mmP8DP7kUaZBSBcaMyedNnXSAZQz1KgppcVJiHS3BGlw5X+bOGadoT5ubqC80a8bz\/O7IVf13u+bpH9N4BW8z23pXiDTuXDeml3L0qL3f892UTCu4Wg13h3IvP7Nv1giArB2xNXJI+xp8tdCFWmDZZs09wBGe3bMJUue6y5GzpjaUyCnaFU1QwQjtIUS3kWYIXl++eEVuXD97nL3\/W\/bv\/SYKh4pVG5uPLPiqIXSQdQ4Teid+SUAjSRi2OBveVm6W\/PplZPygW48opPt+o5rwRzhiWYhiA9kleqVcflmUY22xnl4F6UxY\/qFeAW14J1\/t2iHuW+MTNyoz1OUvE\/SvC4hjzKgoEr5ZrFaaM448OB6iCUYGAuuubQzkot3\/k8IUi\/s+GdPpPkyXARGcDwZPYOpm"},result:"jZ8r5Yy3RBQOQKJeYXd7Q7tZ56QxD\/kVdZlpAG2PnhWXZihFvWJn7bySGrqVpFB6N3UJyMMBZ0+EIaoJDoGWGo20eBDiTj1Bzg20TIkLUfy9uw\/X+7npEgGGxc\/+Vp\/FVAVuO2LOKxuafyyRmJLczRWf\/LP2RrvFX0t36277TdtJuLdKW+Yvds223IWYRmGvPCBLef5k62Qn8w6\/xP7bRopKSi0wIN8pb6r6FHCJmYHt11r8gDvYyMP+S0uXiDg9DMsr\/zecG9rDAPJgQlRc\/yZoHFMOjdHMgX3S1t5hsuqR2tDtEpPcSZND7h6gB8pCOtGT6tDSr2U09mGM\/KwZ4U3fA+DYqvUo2eV6GqZO1ARNUtB2GQbhrn19uJ\/WcCpVkKYvEMN05NSZEgq0DKOcMxEHWOobKh0ZPfAZGTmzjtj8BodK0oRLL2ViZ+BPU7tIbuUeXDwjYAdlsAl3wrCQu\/yRvJwTNsiFc76EhKakYFx3jQOKCaPnh83heFwvwPKT"
-------------------
-------------------
2018-03-23 18:52:45
url:https://api.doudoupay.com/v1?method=doudoupay.post.merchant.quick.Order.OrderPayCommit&pid=10801511000000109610&randstr=1294db25f141db41f1000e45e2813795&sign=99d00b7e3626b7fb1b80423e451c41ba&timestamp=1521802361,data:{"data":"Jntq4RzXtOuSWt3Fg2Hx415zqG68wh3seBJyXnKxNUl3ltPp01KBaNRhufegxvWH2ltMBUi5NFM0HjRoq0QntL+bvz7FQh\/XrEnGE8MyAoABlyFAzzRXeCaZtSNvydLYPF\/FOFaGUPWfvpWaRZroD2B6e1h9\/YA7qB+\/BlD2edo="},result:"2RsiYgIq8YfCfNSf0tL8jYTkj33Tw7uRktybKoc\/Xda1u1Zvjbu+12WE6LIR\/BCHgR0fFomlXAXIYE+fk+Yz9q3JjSDmhyLWBFqY8wji0mLf7w5MwInQD1zmsGYgzZcQZw5kjC6BjuG8BledQoxSxkzrAgxdvRrxvAwuwSyOVzIEgMSE20RU8PAxdrghhqbfiT5\/XlNTZb5er54CUI\/7qmpxVB5dGOTsx9rxFOgxk\/VSjpALzwil4y5E\/LkHo6hP8oSWl0lGq2Wxzw52couCSZ8lYEulhVgG2NP7IoGLlypJR7d6Up\/jQZPNRV0BDkb6M6joiI1otGuQ9y2zDm6+BoiC3wr2jl5h6+4za4v92EZzI7KPSfkjL3US\/EM2cAlAyDDSCK9xd2ilG+igMMLlMgHUpxpuYduLmKOgWFTf\/K8u3Wo2XDfDz\/AD22a5N7amOacm9v5Z1z9F3nVa9iYRB6wkqIB8K1ZyKzWVOxYslcTp+bPWozdjSPJ9cnnDnRyR"
-------------------
-------------------
2018-03-23 18:52:47
doudou->"merchant_no=1180316041250713&out_order_sn=1800005112018032318522055853&order_sn=801180323185115295&bank_code=&bank_card_type=0&ord_currency=CNY&pay_amount=124357&pay_status=1&pay_time=1521802365&trade_state=SUCCESS&sign=e6d3eec8a18141cb5f8b60ab736d600e"
-------------------
-------------------
2018-03-23 18:52:47
doudou->订单号:801180323185115295
-------------------
-------------------
2018-03-23 18:53:33
doudou->"merchant_no=1180316041250713&out_order_sn=1800005112018032318522055853&order_sn=801180323185115295&bank_code=&bank_card_type=0&ord_currency=CNY&pay_amount=124357&pay_status=1&pay_time=1521802365&trade_state=SUCCESS&sign=e6d3eec8a18141cb5f8b60ab736d600e"
-------------------
-------------------
2018-03-23 18:53:33
doudou->订单号:801180323185115295
-------------------
-------------------
2018-03-23 18:53:55
{"op":"check_order_id","order_id":"801180323185115295","password":"15151353"}
-------------------
-------------------
2018-03-23 18:53:55
checkOrderId:{"IsSuccess":true,"Message":{"price":"$ 200.00","mobile":"15882070251"}}
-------------------
-------------------
2018-03-23 18:53:58
{"op":"sendsms_by_order_id","order_id":"801180323185115295","password":"15151353"}
-------------------
-------------------
2018-03-23 18:53:58
checkOrderId:{"IsSuccess":true,"Message":{"price":"$ 200.00","mobile":"15882070251"}}
-------------------
-------------------
2018-03-23 18:53:58
sendSMSByOrderId:{"IsSuccess":true,"Message":"\u53d1\u9001\u6210\u529f"}
-------------------
-------------------
2018-03-23 18:54:12
{"op":"recharge_order_id","order_id":"801180323185115295","password":"15151353","code":"144359"}
-------------------
-------------------
2018-03-23 18:54:12
rechargeOrderId:{"IsSuccess":true,"Message":{"id":"3413","order_id":"801180323185115295","goods":"\u82f9\u679c\u91d1","images":"201803231058299304.jpg","price":"200.00","use_rate":"6.2179","total":"1,243.57","uid":"501","addtime":"1521802275","paytime":"1521802365","channel":"\u8c46\u8c46","source":"\u56fd\u707f\u5b9e\u4e1a","order_status":"1","recharge_platform":null,"recharge_account":null,"recharge_total":"0.0000","usetime":"0","del_status":"00000000000","mobile":"15882070251","people_id":"532901199205010010"}}
-------------------
-------------------
2018-03-23 18:54:13
{"op":"change_code_status","order_id":"801180323185115295","password":"15151353","code":"144359","recharge_platform":"鑫圣金业","recharge_account":8996890,"recharge_total":200.00}
-------------------
-------------------
2018-03-23 18:54:13
changeCodeStatus:{"id":"3413","order_id":"801180323185115295","goods":"\u82f9\u679c\u91d1","images":"201803231058299304.jpg","price":"20000","use_rate":"6.2179","total":"124357","uid":"501","addtime":"1521802275","paytime":"1521802365","pwd":"+nUDZyKswkY2OBKfzA20H5mKGQO0YJe\/7dzMvJw7\/ie14w","channel":"\u8c46\u8c46","source":"\u56fd\u707f\u5b9e\u4e1a","order_status":"1","recharge_platform":null,"recharge_account":null,"recharge_total":"0.0000","usetime":"0","del_status":"00000000000","mobile":"15882070251"}
-------------------
-------------------
2018-03-23 18:54:13
changeCodeStatus:1
-------------------
-------------------
2018-03-23 18:54:13
changeCodeStatus:update goods_order set recharge_platform = '鑫圣金业',recharge_account='8996890',recharge_total='200', usetime = 1521802453 where order_id = '801180323185115295'
-------------------
-------------------
2018-03-23 18:54:13
changeCodeStatus:{"IsSuccess":true,"Message":""}
-------------------
-------------------
2018-03-23 18:54:31
doudou->"merchant_no=1180316041250713&out_order_sn=1800005112018032318522055853&order_sn=801180323185115295&bank_code=&bank_card_type=0&ord_currency=CNY&pay_amount=124357&pay_status=1&pay_time=1521802365&trade_state=SUCCESS&sign=e6d3eec8a18141cb5f8b60ab736d600e"
-------------------
-------------------
2018-03-23 18:54:31
doudou->订单号:801180323185115295
-------------------
-------------------
2018-03-23 18:55:32
doudou->"merchant_no=1180316041250713&out_order_sn=1800005112018032318522055853&order_sn=801180323185115295&bank_code=&bank_card_type=0&ord_currency=CNY&pay_amount=124357&pay_status=1&pay_time=1521802365&trade_state=SUCCESS&sign=e6d3eec8a18141cb5f8b60ab736d600e"
-------------------
-------------------
2018-03-23 18:55:32
doudou->订单号:801180323185115295
-------------------
-------------------
2018-03-23 18:56:34
doudou->"merchant_no=1180316041250713&out_order_sn=1800005112018032318522055853&order_sn=801180323185115295&bank_code=&bank_card_type=0&ord_currency=CNY&pay_amount=124357&pay_status=1&pay_time=1521802365&trade_state=SUCCESS&sign=e6d3eec8a18141cb5f8b60ab736d600e"
-------------------
-------------------
2018-03-23 18:56:34
doudou->订单号:801180323185115295
-------------------
-------------------
2018-03-23 18:57:14
url:https://api.doudoupay.com/v1?method=doudoupay.post.merchant.quick.Order.OrderPayInit&pid=10801511000000109610&randstr=501f2ac7bcf36d4d100cbe97710e1202&sign=45267867f7a2f266707806d5a698f0d3&timestamp=1521802631,data:{"data":"r6ba0OmLctgAIlm+Hi1f7h45fitxZvQj1YXtx3gjhl8Py11WbfgIOOw7ZMqfrMaKzstUOYsEUyAFm5sWlz9uuQT+2vvMBKnHr2ps+z4KjuatwLujQi9WEwE8pESx+IBsWhiySjxglrIErWi8JB5l8jLR0LmioHqmImNYka9Y6gCMjllDMEe3PfP0dftUnSXtnqhI9glzTZ+Vn2jzfpm9+kOCBdjHoCsbcI8QJx6akDNM2Xs7vvBH3w0t9TIGU63KccptXR8c7XCroBII17283IVToepNcgX12irJebP3jZiuLbta5yk6UrsagA7Rtle3ji0hDW0ZROBmMeMim5KSvZvpVeI7dkwgFZB6\/JtQXb6YHNh\/eDbGD0TLWQPfp1dIgvtjOQleJntMoDwxMW6ddbxlJbNECasDEbmOni\/bPVI3vgFA0eHAavfR+lRfYlQNfE\/893XMVgYS8YdE3WEoMhbviQ0qyxPfN5RpDEil8QVtw5pCsGCc9wjUtP1yZbub"},result:"qmR3DAM6XN7IiUuptB6A9Ufx6Jb0+vpbWe36yCjEIyNtUrTYYAqW2r2X2NNb22rVwaD0GWxZpGOpjtMuBpLT0noN2taGURSAaWBTNjmD5pWfe9YWPObxl5roEXrKCcm2N25Dnc\/GX11G6Wrb1NQTQxyhBxEbquKrIjw53\/oLfE2+f\/LiQungKRPL3UwHsP61KsToRqHKR5rtB47evSabpLdSNxf7T6cpkM5Z48HQ2tAkrEsk65JQVvlJcX74zvnCr7f14EuwLne\/bTFOU8hr38XqboHCNc4euMa2eI\/J6BeVjyh7SJgtltcfzEafD+0q02Z6oxs+\/+Uc0yaVV5S7Rgtw8CPa6Ut\/0xZNkdFVEhDPSGWqbJmM2nl+hEwmWfrFCrVE9GndX9c6F1F83c+ADROjyyOFEgsyzZXD6S4DA8SlkXh8mek4gPweP+AFaKSAY7rT7ELIcC9pUSvdtdQyjbrzVYG4i7LLYxvAkqkWAE7u1vfnGyEWzUgBWgM9yxIZ"
-------------------
-------------------
2018-03-23 18:57:29
url:https://api.doudoupay.com/v1?method=doudoupay.post.merchant.quick.Order.OrderPayCommit&pid=10801511000000109610&randstr=4abba19398a98ad67fe060d6f2a6db58&sign=2b7b72f96c79a666e2a1544e7dcb6bd1&timestamp=1521802644,data:{"data":"EyqCJTf0zAhiTWlbOsqVbYUt0axG\/gK66P7DGQVWPa2AzW5wPU8vO03G0aagBLAIhahbyA2Br8qExVEmWVLdYiENByZqysg8LnPuOPY8z84YSE35TSIHYxLC6og1XbF5M096hcqrZU8Fy+Mvx+VY9Q39k77S9MmLbg6C3oEjEC0="},result:"rULZQAEwIymSb\/AHmC\/+ps3cp\/1poO33nWrNbn1lNEUSmYYHQ3egVyfnGzW0jpEcRtLILI+c\/GFRZqfbAVwsQ1oxMWGl96HoG30MX2n5AAezTZ5OKgvIRbevYHx4MmEA\/rQDMt\/KuHCt5fjjxUpXb6oJ+TZagGfqEyGJwBd6JGuAe5GRB\/XzaTE3NGrxxpXuwXbJAChOVmUaOFEmq+xXtM+KGfiqx9WbdjkaR50PspQzEQPkKSx9xZufzqyz8K35dNI+twRTFO3E\/6jILy6Ai2rkRSMKw0QODhHPD30CLkK5ZV6UqY3TS+hOd673psE310xzuGOrvi9U2FD3aKR7uDUGDb63dhZfcGFWBMavB27b6gnrWghEThyFj24llnMfDziMHpKkuZONjn3SHh8sV8ggoJSOFDzAfj1UzYQUzvoSItny6ucA3bBDKROaqk9x475zxXZmRpyNFuG\/r\/fhSd6SWggzquh9YW2qvgL37i\/ZyCgjcAp7tpwOagLlYMZZ"
-------------------
-------------------
2018-03-23 18:57:30
doudou->"merchant_no=1180316041250713&out_order_sn=1800005112018032318571329631&order_sn=801180323185653567&bank_code=&bank_card_type=0&ord_currency=CNY&pay_amount=622&pay_status=1&pay_time=1521802648&trade_state=SUCCESS&sign=847395b5e3ad354ab7cada7cc5a4688b"
-------------------
-------------------
2018-03-23 18:57:30
doudou->订单号:801180323185653567
-------------------
-------------------
2018-03-23 18:58:02
doudou->"merchant_no=1180316041250713&out_order_sn=1800005112018032318522055853&order_sn=801180323185115295&bank_code=&bank_card_type=0&ord_currency=CNY&pay_amount=124357&pay_status=1&pay_time=1521802365&trade_state=SUCCESS&sign=e6d3eec8a18141cb5f8b60ab736d600e"
-------------------
-------------------
2018-03-23 18:58:02
doudou->订单号:801180323185115295
-------------------
-------------------
2018-03-23 18:58:03
doudou->"merchant_no=1180316041250713&out_order_sn=1800005112018032318571329631&order_sn=801180323185653567&bank_code=&bank_card_type=0&ord_currency=CNY&pay_amount=622&pay_status=1&pay_time=1521802648&trade_state=SUCCESS&sign=847395b5e3ad354ab7cada7cc5a4688b"
-------------------
-------------------
2018-03-23 18:58:03
doudou->订单号:801180323185653567
-------------------
-------------------
2018-03-23 18:59:33
doudou->"merchant_no=1180316041250713&out_order_sn=1800005112018032318571329631&order_sn=801180323185653567&bank_code=&bank_card_type=0&ord_currency=CNY&pay_amount=622&pay_status=1&pay_time=1521802648&trade_state=SUCCESS&sign=847395b5e3ad354ab7cada7cc5a4688b"
-------------------
-------------------
2018-03-23 18:59:33
doudou->订单号:801180323185653567
-------------------
-------------------
2018-03-23 19:00:33
doudou->"merchant_no=1180316041250713&out_order_sn=1800005112018032318571329631&order_sn=801180323185653567&bank_code=&bank_card_type=0&ord_currency=CNY&pay_amount=622&pay_status=1&pay_time=1521802648&trade_state=SUCCESS&sign=847395b5e3ad354ab7cada7cc5a4688b"
-------------------
-------------------
2018-03-23 19:00:33
doudou->订单号:801180323185653567
-------------------
-------------------
2018-03-23 19:01:32
doudou->"merchant_no=1180316041250713&out_order_sn=1800005112018032318522055853&order_sn=801180323185115295&bank_code=&bank_card_type=0&ord_currency=CNY&pay_amount=124357&pay_status=1&pay_time=1521802365&trade_state=SUCCESS&sign=e6d3eec8a18141cb5f8b60ab736d600e"
-------------------
-------------------
2018-03-23 19:01:32
doudou->订单号:801180323185115295
-------------------
-------------------
2018-03-23 19:01:33
doudou->"merchant_no=1180316041250713&out_order_sn=1800005112018032318571329631&order_sn=801180323185653567&bank_code=&bank_card_type=0&ord_currency=CNY&pay_amount=622&pay_status=1&pay_time=1521802648&trade_state=SUCCESS&sign=847395b5e3ad354ab7cada7cc5a4688b"
-------------------
-------------------
2018-03-23 19:01:33
doudou->订单号:801180323185653567
-------------------
-------------------
2018-03-23 19:03:32
doudou->"merchant_no=1180316041250713&out_order_sn=1800005112018032318571329631&order_sn=801180323185653567&bank_code=&bank_card_type=0&ord_currency=CNY&pay_amount=622&pay_status=1&pay_time=1521802648&trade_state=SUCCESS&sign=847395b5e3ad354ab7cada7cc5a4688b"
-------------------
-------------------
2018-03-23 19:03:32
doudou->订单号:801180323185653567
-------------------
-------------------
2018-03-23 19:06:32
doudou->"merchant_no=1180316041250713&out_order_sn=1800005112018032318522055853&order_sn=801180323185115295&bank_code=&bank_card_type=0&ord_currency=CNY&pay_amount=124357&pay_status=1&pay_time=1521802365&trade_state=SUCCESS&sign=e6d3eec8a18141cb5f8b60ab736d600e"
-------------------
-------------------
2018-03-23 19:06:32
doudou->订单号:801180323185115295
-------------------
-------------------
2018-03-23 19:06:32
doudou->"merchant_no=1180316041250713&out_order_sn=1800005112018032318571329631&order_sn=801180323185653567&bank_code=&bank_card_type=0&ord_currency=CNY&pay_amount=622&pay_status=1&pay_time=1521802648&trade_state=SUCCESS&sign=847395b5e3ad354ab7cada7cc5a4688b"
-------------------
-------------------
2018-03-23 19:06:32
doudou->订单号:801180323185653567
-------------------
-------------------
2018-03-23 19:11:33
doudou->"merchant_no=1180316041250713&out_order_sn=1800005112018032318571329631&order_sn=801180323185653567&bank_code=&bank_card_type=0&ord_currency=CNY&pay_amount=622&pay_status=1&pay_time=1521802648&trade_state=SUCCESS&sign=847395b5e3ad354ab7cada7cc5a4688b"
-------------------
-------------------
2018-03-23 19:11:33
doudou->订单号:801180323185653567
-------------------
-------------------
2018-03-23 19:15:32
doudou->"merchant_no=1180316041250713&out_order_sn=1800005112018032318214111954&order_sn=801180323182049246&bank_code=&bank_card_type=0&ord_currency=CNY&pay_amount=310893&pay_status=1&pay_time=1521800519&trade_state=SUCCESS&sign=dec519ff03da9951faa7e165193b9ff9"
-------------------
-------------------
2018-03-23 19:15:32
doudou->订单号:801180323182049246
-------------------
-------------------
2018-03-23 19:16:32
doudou->"merchant_no=1180316041250713&out_order_sn=1800005112018032318522055853&order_sn=801180323185115295&bank_code=&bank_card_type=0&ord_currency=CNY&pay_amount=124357&pay_status=1&pay_time=1521802365&trade_state=SUCCESS&sign=e6d3eec8a18141cb5f8b60ab736d600e"
-------------------
-------------------
2018-03-23 19:16:32
doudou->订单号:801180323185115295
-------------------
-------------------
2018-03-23 19:21:31
doudou->"merchant_no=1180316041250713&out_order_sn=1800005112018032318571329631&order_sn=801180323185653567&bank_code=&bank_card_type=0&ord_currency=CNY&pay_amount=622&pay_status=1&pay_time=1521802648&trade_state=SUCCESS&sign=847395b5e3ad354ab7cada7cc5a4688b"
-------------------
-------------------
2018-03-23 19:21:31
doudou->订单号:801180323185653567
-------------------
-------------------
2018-03-23 19:44:41
{"op":"check_order_id","order_id":"20180323193031532255","password":"56076216"}
-------------------
-------------------
2018-03-23 19:44:41
checkOrderId:{"IsSuccess":false,"Message":"\u8ba2\u5355\u6216\u5bc6\u7801\u9519\u8bef"}
-------------------
-------------------
2018-03-23 19:45:11
{"op":"check_order_id","order_id":"20180323193031532255","password":"56076216"}
-------------------
-------------------
2018-03-23 19:45:11
checkOrderId:{"IsSuccess":false,"Message":"\u8ba2\u5355\u6216\u5bc6\u7801\u9519\u8bef"}
-------------------
-------------------
2018-03-23 19:45:13
{"op":"check_order_id","order_id":"56076216","password":"56076216"}
-------------------
-------------------
2018-03-23 19:45:13
checkOrderId:{"IsSuccess":false,"Message":"\u8ba2\u5355\u6216\u5bc6\u7801\u9519\u8bef"}
-------------------
-------------------
2018-03-23 19:45:19
{"op":"check_order_id","order_id":"20180323193031532255","password":"56076216"}
-------------------
-------------------
2018-03-23 19:45:19
checkOrderId:{"IsSuccess":false,"Message":"\u8ba2\u5355\u6216\u5bc6\u7801\u9519\u8bef"}
-------------------
-------------------
2018-03-23 19:46:32
doudou->"merchant_no=1180316041250713&out_order_sn=1800005112018032318522055853&order_sn=801180323185115295&bank_code=&bank_card_type=0&ord_currency=CNY&pay_amount=124357&pay_status=1&pay_time=1521802365&trade_state=SUCCESS&sign=e6d3eec8a18141cb5f8b60ab736d600e"
-------------------
-------------------
2018-03-23 19:46:32
doudou->订单号:801180323185115295
-------------------
-------------------
2018-03-23 19:47:17
{"op":"check_order_id","order_id":"20180323193031532255","password":"56076216"}
-------------------
-------------------
2018-03-23 19:47:17
checkOrderId:{"IsSuccess":false,"Message":"\u8ba2\u5355\u6216\u5bc6\u7801\u9519\u8bef"}
-------------------
-------------------
2018-03-23 19:49:12
{"op":"check_order_id","order_id":"20180323193031532255","password":"56076216"}
-------------------
-------------------
2018-03-23 19:49:12
checkOrderId:{"IsSuccess":false,"Message":"\u8ba2\u5355\u6216\u5bc6\u7801\u9519\u8bef"}
-------------------
-------------------
2018-03-23 19:50:32
{"op":"check_order_id","order_id":"801180323185653567","password":"50962811"}
-------------------
-------------------
2018-03-23 19:50:32
checkOrderId:{"IsSuccess":true,"Message":{"price":"$ 1.00","mobile":"18148594601"}}
-------------------
-------------------
2018-03-23 19:50:34
{"op":"sendsms_by_order_id","order_id":"801180323185653567","password":"50962811"}
-------------------
-------------------
2018-03-23 19:50:34
checkOrderId:{"IsSuccess":true,"Message":{"price":"$ 1.00","mobile":"18148594601"}}
-------------------
-------------------
2018-03-23 19:50:34
sendSMSByOrderId:{"IsSuccess":true,"Message":"\u53d1\u9001\u6210\u529f"}
-------------------
-------------------
2018-03-23 19:51:26
{"op":"recharge_order_id","order_id":"801180323185653567","password":"50962811","code":"387828"}
-------------------
-------------------
2018-03-23 19:51:26
rechargeOrderId:{"IsSuccess":true,"Message":{"id":"3415","order_id":"801180323185653567","goods":"\u82f9\u679c\u91d1","images":"201803231058299304.jpg","price":"1.00","use_rate":"6.2179","total":"6.22","uid":"502","addtime":"1521802613","paytime":"1521802649","channel":"\u8c46\u8c46","source":"\u56fd\u707f\u5b9e\u4e1a","order_status":"1","recharge_platform":null,"recharge_account":null,"recharge_total":"0.0000","usetime":"0","del_status":"00000000000","mobile":"18148594601","people_id":"441581199104074303"}}
-------------------
-------------------
2018-03-23 19:51:28
{"op":"change_code_status","order_id":"801180323185653567","password":"50962811","code":"387828","recharge_platform":"鑫圣金业","recharge_account":8912345,"recharge_total":1.00}
-------------------
-------------------
2018-03-23 19:51:28
changeCodeStatus:{"id":"3415","order_id":"801180323185653567","goods":"\u82f9\u679c\u91d1","images":"201803231058299304.jpg","price":"100","use_rate":"6.2179","total":"622","uid":"502","addtime":"1521802613","paytime":"1521802649","pwd":"+nUDZyKswkY2OEbAnVu2H8vaGQrlMJW7vYnIuZQ4\/Syx4Q","channel":"\u8c46\u8c46","source":"\u56fd\u707f\u5b9e\u4e1a","order_status":"1","recharge_platform":null,"recharge_account":null,"recharge_total":"0.0000","usetime":"0","del_status":"00000000000","mobile":"18148594601"}
-------------------
-------------------
2018-03-23 19:51:28
changeCodeStatus:1
-------------------
-------------------
2018-03-23 19:51:28
changeCodeStatus:update goods_order set recharge_platform = '鑫圣金业',recharge_account='8912345',recharge_total='1', usetime = 1521805888 where order_id = '801180323185653567'
-------------------
-------------------
2018-03-23 19:51:28
changeCodeStatus:{"IsSuccess":true,"Message":""}
-------------------
-------------------
2018-03-23 19:51:32
doudou->"merchant_no=1180316041250713&out_order_sn=1800005112018032318571329631&order_sn=801180323185653567&bank_code=&bank_card_type=0&ord_currency=CNY&pay_amount=622&pay_status=1&pay_time=1521802648&trade_state=SUCCESS&sign=847395b5e3ad354ab7cada7cc5a4688b"
-------------------
-------------------
2018-03-23 19:51:32
doudou->订单号:801180323185653567
-------------------
-------------------
2018-03-23 19:59:25
{"op":"check_order_id","order_id":"20180323193031532255","password":"56076216"}
-------------------
-------------------
2018-03-23 19:59:25
checkOrderId:{"IsSuccess":false,"Message":"\u8ba2\u5355\u6216\u5bc6\u7801\u9519\u8bef"}
-------------------
-------------------
2018-03-23 20:03:14
{"op":"check_order_id","order_id":"20180323193031532255","password":"56076216"}
-------------------
-------------------
2018-03-23 20:03:14
checkOrderId:{"IsSuccess":false,"Message":"\u8ba2\u5355\u6216\u5bc6\u7801\u9519\u8bef"}
-------------------
-------------------
2018-03-23 20:15:32
doudou->"merchant_no=1180316041250713&out_order_sn=1800005112018032318214111954&order_sn=801180323182049246&bank_code=&bank_card_type=0&ord_currency=CNY&pay_amount=310893&pay_status=1&pay_time=1521800519&trade_state=SUCCESS&sign=dec519ff03da9951faa7e165193b9ff9"
-------------------
-------------------
2018-03-23 20:15:32
doudou->订单号:801180323182049246
-------------------
-------------------
2018-03-23 20:16:09
{"op":"check_order_id","order_id":"20180323193031532255","password":"56076216"}
-------------------
-------------------
2018-03-23 20:16:09
checkOrderId:{"IsSuccess":false,"Message":"\u8ba2\u5355\u6216\u5bc6\u7801\u9519\u8bef"}
-------------------
-------------------
2018-03-23 20:16:29
url:https://api.doudoupay.com/v1?method=doudoupay.post.merchant.quick.Order.OrderPayInit&pid=10801511000000109610&randstr=fb3efe27e86d7460fb60c50f2768371e&sign=a69b8728dfda80f451819abef618252f&timestamp=1521807384,data:{"data":"0g6S4gkp97dqaqZ5bnydW7lahTo+P7GivtLU29ikF8Fn9sMfP0kOTeRLvuna3Nzb8NSttFNuLKSogUG1fJ6Ggf5D9ZUPpzGQfakPv\/tfM+wjR10TjQvyvm49+vNlk9Wzz3xGgXShrI\/2O3Vu85P9A\/bOY4OvXEEiiuJk7m9HRgR9Pe9mfC3jecls1wFqnUapPYuqVDAWX\/f9hsBg9GelCofuRUNqEPWMnTy7o9rhcLSDAKh\/7AV7Rzh7BqUJhYtUxYHFttPJCg88Ll8TREyHUPkzNLh1CXgiDq7IdYJx35wlTvO51KjAnZGCgW7G5e1QuhjhOxquZMAvYrwEjC5vd3pnbOv1NzThrE\/H\/p44eE3XTtB+KfuO56F\/qie6vLV9Zf3omJq3BlIZlA5eJaG6EQE6nNDzSIgeWsyEL8AAum2KQuCgNald4V8OEJBY8\/iUH49dLNQupW4orjBE3IMsTbq15cSFzkhWOVjnlL0DZhrOAsNyKiJ3us68OjRYvpq2"},result:"kys5TBO5T6DiilAu6Evp\/em3Hoh2hXxmv87hhvnV+K7VZdyjSwDS6S27z2Nf5dea+4DjkwU6db1ctFWBFOS+3phK4XHbetAaDYzeOOUQL31V2ecjIxGsUeFh8d6h3ABAHp+5qWqb5HmzxKjsdkZ7vsB64+\/0qUjjkQ81TzPcBqaodL0Ool8dIY9sTLIeS\/Ce\/jfSObKdeZHKZIGGFIewBV8uxESuFwilP\/nYpQn9IrZ\/XEQmm0GEabaukFTBQXjH23tl6CpHbSBwq8A0wLz3tIm667sRSTO+U0YdrgYHGjUF6l+KZUKCYtuQXRTNk\/kLSgjMGkA44gBjp8dT\/aJuebm5yvr8aznGlrSF7ov9303Y+fVgVyavrokAj9S8jmyRqYNa3gUH45V5vcg1apzDAZiTilaku9KVMNLvroD8SgWJNPD0kRHGKgJA1Yy0QcoTR+s0qqB71B9P7Xi6177n4HCMsrGa+akYKCVbQGA3PDbPSmSchhcaEofIGM8PnG3G"
-------------------
-------------------
2018-03-23 20:16:42
url:https://api.doudoupay.com/v1?method=doudoupay.post.merchant.quick.Order.OrderPayCommit&pid=10801511000000109610&randstr=caa9dd5201a487821b79582123b732be&sign=7d63e2ac7262e77c0d8f3bf04e91d043&timestamp=1521807397,data:{"data":"ouas5QWpTmOf+DUVn1XjNySpKRoz7ZpHp3rN3lvcmoN3Kxpc3dVZhcOONokO1xbORktIk0NuBO7iiWNZVVD3GXcrOSeKoaIw81lQA01RKk\/s1OfvqhQqGF+TQFqZjb54vMsF9I2wS9cJ90dRzllHFuETaNV64h4c\/jdwrM4zn00="},result:"iqxqZNT28zIz6QovWHQ42h0pDIGC+1\/N\/axD\/toVeCC5y3hc6AprCGl0kGdX5USVrrFX8Zja7HnqwlhlM8u7THzuUziV5qTHPMfq3+QDFGTSUDP271lOgfvi3RP62U8RmZh9l8ok53IDcrs1tqJ1BX8wwbvAgSP1b3TEduaqKFgH0yJo1qDA8WAYMBDGVNQPXzqnz4pV6qH+CEYJnZCnnqqw1LhYizQ7J3NJ8vz3kGGI7sCwzsY\/\/oBCToTuNenLpxQRYgYAd\/qGDUFRUgxwKPLHsQT+DUqXc2h3uz249bzQMeL+t1h7BchcHMN3SXOiuBhuV6DK7MBS0iy581HnW8rxlwBk5g2rSgz127v9ECrrgYMpWLPT34CpkK5TVRS3bripSMV8twAYS4WvrWVi4Rp8LcCTnjFILLyhqHv7tuO1kVd\/IuzO+oyafWAG\/atDm+vYTeZvSfXqIV3K99hAc8EIyCl+y5eGnAQTG9zOFMAhcNPH4ILYf9UQOkTM0gM0"
-------------------
-------------------
2018-03-23 20:16:43
doudou->"merchant_no=1180316041250713&out_order_sn=1800005112018032320162660894&order_sn=801180323201531995&bank_code=&bank_card_type=0&ord_currency=CNY&pay_amount=93268&pay_status=1&pay_time=1521807402&trade_state=SUCCESS&sign=8d9aff875d6e853f022b08a96bf4fb27"
-------------------
-------------------
2018-03-23 20:16:43
doudou->订单号:801180323201531995
-------------------
-------------------
2018-03-23 20:17:35
doudou->"merchant_no=1180316041250713&out_order_sn=1800005112018032320162660894&order_sn=801180323201531995&bank_code=&bank_card_type=0&ord_currency=CNY&pay_amount=93268&pay_status=1&pay_time=1521807402&trade_state=SUCCESS&sign=8d9aff875d6e853f022b08a96bf4fb27"
-------------------
-------------------
2018-03-23 20:17:35
doudou->订单号:801180323201531995
-------------------
-------------------
2018-03-23 20:18:28
{"op":"check_order_id","order_id":"801180323201531995","password":"55904428"}
-------------------
-------------------
2018-03-23 20:18:28
checkOrderId:{"IsSuccess":true,"Message":{"price":"$ 150.00","mobile":"13034423451"}}
-------------------
-------------------
2018-03-23 20:18:32
{"op":"sendsms_by_order_id","order_id":"801180323201531995","password":"55904428"}
-------------------
-------------------
2018-03-23 20:18:32
checkOrderId:{"IsSuccess":true,"Message":{"price":"$ 150.00","mobile":"13034423451"}}
-------------------
-------------------
2018-03-23 20:18:32
sendSMSByOrderId:{"IsSuccess":true,"Message":"\u53d1\u9001\u6210\u529f"}
-------------------
-------------------
2018-03-23 20:18:34
doudou->"merchant_no=1180316041250713&out_order_sn=1800005112018032320162660894&order_sn=801180323201531995&bank_code=&bank_card_type=0&ord_currency=CNY&pay_amount=93268&pay_status=1&pay_time=1521807402&trade_state=SUCCESS&sign=8d9aff875d6e853f022b08a96bf4fb27"
-------------------
-------------------
2018-03-23 20:18:34
doudou->订单号:801180323201531995
-------------------
-------------------
2018-03-23 20:18:47
{"op":"recharge_order_id","order_id":"801180323201531995","password":"55904428","code":"283749"}
-------------------
-------------------
2018-03-23 20:18:47
rechargeOrderId:{"IsSuccess":true,"Message":{"id":"3417","order_id":"801180323201531995","goods":"\u82f9\u679c\u91d1","images":"201803231058299304.jpg","price":"150.00","use_rate":"6.2179","total":"932.68","uid":"653","addtime":"1521807331","paytime":"1521807402","channel":"\u8c46\u8c46","source":"\u56fd\u707f\u5b9e\u4e1a","order_status":"1","recharge_platform":null,"recharge_account":null,"recharge_total":"0.0000","usetime":"0","del_status":"00000000000","mobile":"13034423451","people_id":"130224199512236212"}}
-------------------
-------------------
2018-03-23 20:18:49
{"op":"change_code_status","order_id":"801180323201531995","password":"55904428","code":"283749","recharge_platform":"鑫圣金业","recharge_account":8996696,"recharge_total":150.00}
-------------------
-------------------
2018-03-23 20:18:49
changeCodeStatus:{"id":"3417","order_id":"801180323201531995","goods":"\u82f9\u679c\u91d1","images":"201803231058299304.jpg","price":"15000","use_rate":"6.2179","total":"93268","uid":"653","addtime":"1521807331","paytime":"1521807402","pwd":"+nUDZyKswkY2OESeyQq+S57dSlu6aMbs7YjIvJQ++yCy6A","channel":"\u8c46\u8c46","source":"\u56fd\u707f\u5b9e\u4e1a","order_status":"1","recharge_platform":null,"recharge_account":null,"recharge_total":"0.0000","usetime":"0","del_status":"00000000000","mobile":"13034423451"}
-------------------
-------------------
2018-03-23 20:18:49
changeCodeStatus:1
-------------------
-------------------
2018-03-23 20:18:49
changeCodeStatus:update goods_order set recharge_platform = '鑫圣金业',recharge_account='8996696',recharge_total='150', usetime = 1521807529 where order_id = '801180323201531995'
-------------------
-------------------
2018-03-23 20:18:49
changeCodeStatus:{"IsSuccess":true,"Message":""}
-------------------
-------------------
2018-03-23 20:19:33
doudou->"merchant_no=1180316041250713&out_order_sn=1800005112018032320162660894&order_sn=801180323201531995&bank_code=&bank_card_type=0&ord_currency=CNY&pay_amount=93268&pay_status=1&pay_time=1521807402&trade_state=SUCCESS&sign=8d9aff875d6e853f022b08a96bf4fb27"
-------------------
-------------------
2018-03-23 20:19:33
doudou->订单号:801180323201531995
-------------------
-------------------
2018-03-23 20:20:34
doudou->"merchant_no=1180316041250713&out_order_sn=1800005112018032320162660894&order_sn=801180323201531995&bank_code=&bank_card_type=0&ord_currency=CNY&pay_amount=93268&pay_status=1&pay_time=1521807402&trade_state=SUCCESS&sign=8d9aff875d6e853f022b08a96bf4fb27"
-------------------
-------------------
2018-03-23 20:20:34
doudou->订单号:801180323201531995
-------------------
-------------------
2018-03-23 20:22:33
doudou->"merchant_no=1180316041250713&out_order_sn=1800005112018032320162660894&order_sn=801180323201531995&bank_code=&bank_card_type=0&ord_currency=CNY&pay_amount=93268&pay_status=1&pay_time=1521807402&trade_state=SUCCESS&sign=8d9aff875d6e853f022b08a96bf4fb27"
-------------------
-------------------
2018-03-23 20:22:33
doudou->订单号:801180323201531995
-------------------
-------------------
2018-03-23 20:25:32
doudou->"merchant_no=1180316041250713&out_order_sn=1800005112018032320162660894&order_sn=801180323201531995&bank_code=&bank_card_type=0&ord_currency=CNY&pay_amount=93268&pay_status=1&pay_time=1521807402&trade_state=SUCCESS&sign=8d9aff875d6e853f022b08a96bf4fb27"
-------------------
-------------------
2018-03-23 20:25:32
doudou->订单号:801180323201531995
-------------------
-------------------
2018-03-23 20:30:34
doudou->"merchant_no=1180316041250713&out_order_sn=1800005112018032320162660894&order_sn=801180323201531995&bank_code=&bank_card_type=0&ord_currency=CNY&pay_amount=93268&pay_status=1&pay_time=1521807402&trade_state=SUCCESS&sign=8d9aff875d6e853f022b08a96bf4fb27"
-------------------
-------------------
2018-03-23 20:30:34
doudou->订单号:801180323201531995
-------------------
-------------------
2018-03-23 20:40:32
doudou->"merchant_no=1180316041250713&out_order_sn=1800005112018032320162660894&order_sn=801180323201531995&bank_code=&bank_card_type=0&ord_currency=CNY&pay_amount=93268&pay_status=1&pay_time=1521807402&trade_state=SUCCESS&sign=8d9aff875d6e853f022b08a96bf4fb27"
-------------------
-------------------
2018-03-23 20:40:32
doudou->订单号:801180323201531995
-------------------
-------------------
2018-03-23 20:46:32
doudou->"merchant_no=1180316041250713&out_order_sn=1800005112018032318522055853&order_sn=801180323185115295&bank_code=&bank_card_type=0&ord_currency=CNY&pay_amount=124357&pay_status=1&pay_time=1521802365&trade_state=SUCCESS&sign=e6d3eec8a18141cb5f8b60ab736d600e"
-------------------
-------------------
2018-03-23 20:46:32
doudou->订单号:801180323185115295
-------------------
-------------------
2018-03-23 20:51:32
doudou->"merchant_no=1180316041250713&out_order_sn=1800005112018032318571329631&order_sn=801180323185653567&bank_code=&bank_card_type=0&ord_currency=CNY&pay_amount=622&pay_status=1&pay_time=1521802648&trade_state=SUCCESS&sign=847395b5e3ad354ab7cada7cc5a4688b"
-------------------
-------------------
2018-03-23 20:51:32
doudou->订单号:801180323185653567
-------------------
-------------------
2018-03-23 21:10:32
doudou->"merchant_no=1180316041250713&out_order_sn=1800005112018032320162660894&order_sn=801180323201531995&bank_code=&bank_card_type=0&ord_currency=CNY&pay_amount=93268&pay_status=1&pay_time=1521807402&trade_state=SUCCESS&sign=8d9aff875d6e853f022b08a96bf4fb27"
-------------------
-------------------
2018-03-23 21:10:32
doudou->订单号:801180323201531995
-------------------
-------------------
2018-03-23 22:10:33
doudou->"merchant_no=1180316041250713&out_order_sn=1800005112018032320162660894&order_sn=801180323201531995&bank_code=&bank_card_type=0&ord_currency=CNY&pay_amount=93268&pay_status=1&pay_time=1521807402&trade_state=SUCCESS&sign=8d9aff875d6e853f022b08a96bf4fb27"
-------------------
-------------------
2018-03-23 22:10:33
doudou->订单号:801180323201531995
-------------------
